Run_name: Nextstrain_gisaid
Method: Chaos Game Representation (CGR)
kmer: 7
Median seq length: 29782.0 Shortest sequence: 28627 Longest sequence: 31290
Dataset size: 3178
Class sizes:
GK:1925, GR:375, GH:248, GRY:78, G:224, S:39, O:69, GRA:220, 
Classification results for LinearDiscriminant fold 1:
Area Under the Receiver Operating Characteristic Curve: 0.8948999977818908
              precision    recall  f1-score   support

           G       0.64      0.73      0.68        22
          GH       0.89      0.96      0.92        25
          GK       0.98      0.89      0.93       193
          GR       0.69      0.65      0.67        37
         GRA       1.00      1.00      1.00        22
         GRY       0.33      0.62      0.43         8
           O       0.27      0.57      0.36         7
           S       1.00      0.75      0.86         4

    accuracy                           0.85       318
   macro avg       0.72      0.77      0.73       318
weighted avg       0.88      0.85      0.86       318

Classification results for LinearDiscriminant fold 2:
Area Under the Receiver Operating Characteristic Curve: 0.954467247766887
              precision    recall  f1-score   support

           G       0.80      0.91      0.85        22
          GH       0.85      0.88      0.86        25
          GK       0.98      0.89      0.93       193
          GR       0.81      0.70      0.75        37
         GRA       1.00      1.00      1.00        22
         GRY       0.40      1.00      0.57         8
           O       0.43      0.86      0.57         7
           S       1.00      1.00      1.00         4

    accuracy                           0.88       318
   macro avg       0.78      0.91      0.82       318
weighted avg       0.91      0.88      0.89       318

Classification results for LinearDiscriminant fold 3:
Area Under the Receiver Operating Characteristic Curve: 0.9337492967327348
              precision    recall  f1-score   support

           G       0.55      0.73      0.63        22
          GH       0.89      1.00      0.94        25
          GK       0.97      0.79      0.87       193
          GR       0.94      0.78      0.85        37
         GRA       1.00      1.00      1.00        22
         GRY       0.44      0.88      0.58         8
           O       0.13      0.57      0.21         7
           S       1.00      1.00      1.00         4

    accuracy                           0.81       318
   macro avg       0.74      0.84      0.76       318
weighted avg       0.90      0.81      0.85       318

Classification results for LinearDiscriminant fold 4:
Area Under the Receiver Operating Characteristic Curve: 0.9062531788703374
              precision    recall  f1-score   support

           G       0.62      0.73      0.67        22
          GH       0.85      0.92      0.88        25
          GK       0.97      0.82      0.89       193
          GR       0.81      0.92      0.86        37
         GRA       1.00      1.00      1.00        22
         GRY       0.45      0.62      0.53         8
           O       0.20      0.57      0.30         7
           S       0.67      1.00      0.80         4

    accuracy                           0.84       318
   macro avg       0.70      0.82      0.74       318
weighted avg       0.89      0.84      0.86       318

Classification results for LinearDiscriminant fold 5:
Area Under the Receiver Operating Characteristic Curve: 0.9411692534783069
              precision    recall  f1-score   support

           G       0.75      0.82      0.78        22
          GH       1.00      0.96      0.98        25
          GK       0.97      0.90      0.93       193
          GR       0.77      0.62      0.69        37
         GRA       0.96      1.00      0.98        22
         GRY       0.47      0.88      0.61         8
           O       0.26      0.71      0.38         7
           S       0.80      1.00      0.89         4

    accuracy                           0.87       318
   macro avg       0.75      0.86      0.78       318
weighted avg       0.90      0.87      0.88       318

Classification results for LinearDiscriminant fold 6:
Area Under the Receiver Operating Characteristic Curve: 0.919344148787655
              precision    recall  f1-score   support

           G       0.66      0.86      0.75        22
          GH       0.86      0.96      0.91        25
          GK       0.99      0.82      0.90       192
          GR       0.68      0.74      0.71        38
         GRA       1.00      1.00      1.00        22
         GRY       0.42      0.62      0.50         8
           O       0.23      0.71      0.34         7
           S       0.80      1.00      0.89         4

    accuracy                           0.83       318
   macro avg       0.70      0.84      0.75       318
weighted avg       0.89      0.83      0.85       318

Classification results for LinearDiscriminant fold 7:
Area Under the Receiver Operating Characteristic Curve: 0.9095681611102678
              precision    recall  f1-score   support

           G       0.72      0.78      0.75        23
          GH       0.85      0.92      0.88        25
          GK       0.96      0.92      0.94       192
          GR       0.84      0.71      0.77        38
         GRA       1.00      1.00      1.00        22
         GRY       0.33      0.86      0.48         7
           O       0.00      0.00      0.00         7
           S       0.80      1.00      0.89         4

    accuracy                           0.87       318
   macro avg       0.69      0.77      0.71       318
weighted avg       0.89      0.87      0.88       318

Classification results for LinearDiscriminant fold 8:
Area Under the Receiver Operating Characteristic Curve: 0.954779619674672
              precision    recall  f1-score   support

           G       0.62      0.87      0.73        23
          GH       1.00      0.92      0.96        25
          GK       0.99      0.90      0.94       192
          GR       0.83      0.76      0.79        38
         GRA       1.00      1.00      1.00        22
         GRY       0.42      0.71      0.53         7
           O       0.40      0.86      0.55         7
           S       1.00      1.00      1.00         4

    accuracy                           0.89       318
   macro avg       0.78      0.88      0.81       318
weighted avg       0.92      0.89      0.90       318

Classification results for LinearDiscriminant fold 9:
Area Under the Receiver Operating Characteristic Curve: 0.9477325081413905
              precision    recall  f1-score   support

           G       0.72      0.78      0.75        23
          GH       0.92      0.96      0.94        24
          GK       0.97      0.92      0.95       192
          GR       0.89      0.82      0.85        38
         GRA       1.00      1.00      1.00        22
         GRY       0.50      0.75      0.60         8
           O       0.25      0.50      0.33         6
           S       1.00      1.00      1.00         4

    accuracy                           0.90       317
   macro avg       0.78      0.84      0.80       317
weighted avg       0.92      0.90      0.90       317

Classification results for LinearDiscriminant fold 10:
Area Under the Receiver Operating Characteristic Curve: 0.9138503376857653
              precision    recall  f1-score   support

           G       0.64      0.61      0.62        23
          GH       0.80      1.00      0.89        24
          GK       0.98      0.85      0.91       192
          GR       0.80      0.87      0.84        38
         GRA       1.00      0.95      0.98        22
         GRY       0.47      0.88      0.61         8
           O       0.18      0.43      0.25         7
           S       0.60      1.00      0.75         3

    accuracy                           0.85       317
   macro avg       0.68      0.82      0.73       317
weighted avg       0.89      0.85      0.86       317

Classification results for LinearSVM fold 1:
Area Under the Receiver Operating Characteristic Curve: 0.9823275619842977
              precision    recall  f1-score   support

           G       0.80      0.91      0.85        22
          GH       1.00      1.00      1.00        25
          GK       0.99      1.00      0.99       193
          GR       0.94      0.92      0.93        37
         GRA       1.00      1.00      1.00        22
         GRY       0.89      1.00      0.94         8
           O       1.00      0.29      0.44         7
           S       1.00      1.00      1.00         4

    accuracy                           0.97       318
   macro avg       0.95      0.89      0.90       318
weighted avg       0.97      0.97      0.96       318

Classification results for LinearSVM fold 2:
Area Under the Receiver Operating Characteristic Curve: 0.9902980385880259
              precision    recall  f1-score   support

           G       1.00      0.95      0.98        22
          GH       1.00      1.00      1.00        25
          GK       0.99      0.99      0.99       193
          GR       0.97      0.89      0.93        37
         GRA       1.00      1.00      1.00        22
         GRY       0.67      1.00      0.80         8
           O       0.86      0.86      0.86         7
           S       1.00      1.00      1.00         4

    accuracy                           0.98       318
   macro avg       0.94      0.96      0.94       318
weighted avg       0.98      0.98      0.98       318

Classification results for LinearSVM fold 3:
Area Under the Receiver Operating Characteristic Curve: 0.971975861835057
              precision    recall  f1-score   support

           G       0.90      0.82      0.86        22
          GH       0.96      0.96      0.96        25
          GK       0.98      0.99      0.99       193
          GR       0.90      0.95      0.92        37
         GRA       1.00      1.00      1.00        22
         GRY       0.75      0.75      0.75         8
           O       0.80      0.57      0.67         7
           S       1.00      1.00      1.00         4

    accuracy                           0.96       318
   macro avg       0.91      0.88      0.89       318
weighted avg       0.96      0.96      0.96       318

Classification results for LinearSVM fold 4:
Area Under the Receiver Operating Characteristic Curve: 0.9705281514427516
              precision    recall  f1-score   support

           G       0.95      0.91      0.93        22
          GH       1.00      0.96      0.98        25
          GK       0.98      0.99      0.99       193
          GR       0.90      0.97      0.94        37
         GRA       1.00      1.00      1.00        22
         GRY       0.83      0.62      0.71         8
           O       1.00      0.71      0.83         7
           S       1.00      1.00      1.00         4

    accuracy                           0.97       318
   macro avg       0.96      0.90      0.92       318
weighted avg       0.97      0.97      0.97       318

Classification results for LinearSVM fold 5:
Area Under the Receiver Operating Characteristic Curve: 0.9947389121496265
              precision    recall  f1-score   support

           G       0.95      0.95      0.95        22
          GH       1.00      1.00      1.00        25
          GK       1.00      1.00      1.00       193
          GR       0.94      0.92      0.93        37
         GRA       1.00      1.00      1.00        22
         GRY       0.73      1.00      0.84         8
           O       1.00      0.71      0.83         7
           S       1.00      1.00      1.00         4

    accuracy                           0.98       318
   macro avg       0.95      0.95      0.95       318
weighted avg       0.98      0.98      0.98       318

Classification results for LinearSVM fold 6:
Area Under the Receiver Operating Characteristic Curve: 0.9888919361105686
              precision    recall  f1-score   support

           G       0.88      1.00      0.94        22
          GH       0.96      0.92      0.94        25
          GK       1.00      0.99      1.00       192
          GR       0.95      0.97      0.96        38
         GRA       1.00      1.00      1.00        22
         GRY       0.86      0.75      0.80         8
           O       1.00      0.86      0.92         7
           S       1.00      1.00      1.00         4

    accuracy                           0.98       318
   macro avg       0.96      0.94      0.94       318
weighted avg       0.98      0.98      0.98       318

Classification results for LinearSVM fold 7:
Area Under the Receiver Operating Characteristic Curve: 0.9709411172118406
              precision    recall  f1-score   support

           G       0.92      0.96      0.94        23
          GH       1.00      1.00      1.00        25
          GK       0.97      1.00      0.99       192
          GR       0.94      0.87      0.90        38
         GRA       1.00      1.00      1.00        22
         GRY       0.56      0.71      0.63         7
           O       1.00      0.14      0.25         7
           S       0.80      1.00      0.89         4

    accuracy                           0.96       318
   macro avg       0.90      0.84      0.82       318
weighted avg       0.96      0.96      0.95       318

Classification results for LinearSVM fold 8:
Area Under the Receiver Operating Characteristic Curve: 0.98630884148763
              precision    recall  f1-score   support

           G       0.96      0.96      0.96        23
          GH       0.96      1.00      0.98        25
          GK       0.99      0.99      0.99       192
          GR       0.92      0.95      0.94        38
         GRA       0.96      1.00      0.98        22
         GRY       0.71      0.71      0.71         7
           O       1.00      0.71      0.83         7
           S       1.00      1.00      1.00         4

    accuracy                           0.97       318
   macro avg       0.94      0.92      0.92       318
weighted avg       0.97      0.97      0.97       318

Classification results for LinearSVM fold 9:
Area Under the Receiver Operating Characteristic Curve: 0.9536682457621118
              precision    recall  f1-score   support

           G       0.92      0.96      0.94        23
          GH       1.00      0.92      0.96        24
          GK       0.99      1.00      1.00       192
          GR       0.88      0.92      0.90        38
         GRA       1.00      1.00      1.00        22
         GRY       0.67      0.75      0.71         8
           O       0.67      0.33      0.44         6
           S       0.75      0.75      0.75         4

    accuracy                           0.96       317
   macro avg       0.86      0.83      0.84       317
weighted avg       0.96      0.96      0.96       317

Classification results for LinearSVM fold 10:
Area Under the Receiver Operating Characteristic Curve: 0.9836990698641896
              precision    recall  f1-score   support

           G       0.95      0.78      0.86        23
          GH       0.92      1.00      0.96        24
          GK       0.98      0.99      0.99       192
          GR       0.90      0.97      0.94        38
         GRA       1.00      1.00      1.00        22
         GRY       0.88      0.88      0.88         8
           O       0.75      0.43      0.55         7
           S       1.00      1.00      1.00         3

    accuracy                           0.96       317
   macro avg       0.92      0.88      0.90       317
weighted avg       0.96      0.96      0.96       317

Classification results for QuadSVM fold 1:
Area Under the Receiver Operating Characteristic Curve: 0.8581960970751156
              precision    recall  f1-score   support

           G       0.50      0.14      0.21        22
          GH       0.40      0.08      0.13        25
          GK       0.88      0.99      0.94       193
          GR       0.42      0.81      0.56        37
         GRA       1.00      0.86      0.93        22
         GRY       0.00      0.00      0.00         8
           O       0.00      0.00      0.00         7
           S       0.00      0.00      0.00         4

    accuracy                           0.77       318
   macro avg       0.40      0.36      0.35       318
weighted avg       0.72      0.77      0.72       318

Classification results for QuadSVM fold 2:
Area Under the Receiver Operating Characteristic Curve: 0.8129846643244126
              precision    recall  f1-score   support

           G       0.60      0.14      0.22        22
          GH       1.00      0.04      0.08        25
          GK       0.89      0.99      0.94       193
          GR       0.41      0.84      0.55        37
         GRA       1.00      1.00      1.00        22
         GRY       0.00      0.00      0.00         8
           O       0.00      0.00      0.00         7
           S       0.00      0.00      0.00         4

    accuracy                           0.78       318
   macro avg       0.49      0.38      0.35       318
weighted avg       0.78      0.78      0.72       318

Classification results for QuadSVM fold 3:
Area Under the Receiver Operating Characteristic Curve: 0.785302576496778
              precision    recall  f1-score   support

           G       0.50      0.05      0.08        22
          GH       0.00      0.00      0.00        25
          GK       0.89      1.00      0.94       193
          GR       0.41      0.84      0.55        37
         GRA       1.00      0.95      0.98        22
         GRY       0.00      0.00      0.00         8
           O       0.00      0.00      0.00         7
           S       0.00      0.00      0.00         4

    accuracy                           0.77       318
   macro avg       0.35      0.35      0.32       318
weighted avg       0.69      0.77      0.71       318

Classification results for QuadSVM fold 4:
Area Under the Receiver Operating Characteristic Curve: 0.8234261828935913
              precision    recall  f1-score   support

           G       0.60      0.14      0.22        22
          GH       1.00      0.04      0.08        25
          GK       0.89      0.99      0.94       193
          GR       0.42      0.84      0.56        37
         GRA       1.00      1.00      1.00        22
         GRY       0.00      0.00      0.00         8
           O       0.00      0.00      0.00         7
           S       0.00      0.00      0.00         4

    accuracy                           0.78       318
   macro avg       0.49      0.38      0.35       318
weighted avg       0.78      0.78      0.73       318

Classification results for QuadSVM fold 5:
Area Under the Receiver Operating Characteristic Curve: 0.7996258856036337
              precision    recall  f1-score   support

           G       1.00      0.14      0.24        22
          GH       0.40      0.08      0.13        25
          GK       0.90      1.00      0.95       193
          GR       0.39      0.78      0.52        37
         GRA       1.00      1.00      1.00        22
         GRY       0.00      0.00      0.00         8
           O       0.00      0.00      0.00         7
           S       0.00      0.00      0.00         4

    accuracy                           0.78       318
   macro avg       0.46      0.38      0.36       318
weighted avg       0.76      0.78      0.73       318

Classification results for QuadSVM fold 6:
Area Under the Receiver Operating Characteristic Curve: 0.8366609229292792
              precision    recall  f1-score   support

           G       0.71      0.23      0.34        22
          GH       0.00      0.00      0.00        25
          GK       0.91      0.99      0.95       192
          GR       0.36      0.74      0.48        38
         GRA       1.00      1.00      1.00        22
         GRY       0.00      0.00      0.00         8
           O       0.00      0.00      0.00         7
           S       0.00      0.00      0.00         4

    accuracy                           0.77       318
   macro avg       0.37      0.37      0.35       318
weighted avg       0.71      0.77      0.72       318

Classification results for QuadSVM fold 7:
Area Under the Receiver Operating Characteristic Curve: 0.8026702075383112
              precision    recall  f1-score   support

           G       1.00      0.04      0.08        23
          GH       0.00      0.00      0.00        25
          GK       0.87      1.00      0.93       192
          GR       0.45      0.87      0.59        38
         GRA       1.00      1.00      1.00        22
         GRY       0.00      0.00      0.00         7
           O       0.00      0.00      0.00         7
           S       0.00      0.00      0.00         4

    accuracy                           0.78       318
   macro avg       0.41      0.36      0.33       318
weighted avg       0.72      0.78      0.71       318

Classification results for QuadSVM fold 8:
Area Under the Receiver Operating Characteristic Curve: 0.8201355908431085
              precision    recall  f1-score   support

           G       0.67      0.09      0.15        23
          GH       0.00      0.00      0.00        25
          GK       0.89      1.00      0.94       192
          GR       0.39      0.79      0.53        38
         GRA       1.00      0.95      0.98        22
         GRY       0.00      0.00      0.00         7
           O       0.00      0.00      0.00         7
           S       0.00      0.00      0.00         4

    accuracy                           0.77       318
   macro avg       0.37      0.35      0.32       318
weighted avg       0.70      0.77      0.71       318

Classification results for QuadSVM fold 9:
Area Under the Receiver Operating Characteristic Curve: 0.8089283273209993
              precision    recall  f1-score   support

           G       0.75      0.13      0.22        23
          GH       0.00      0.00      0.00        24
          GK       0.91      0.99      0.95       192
          GR       0.38      0.79      0.51        38
         GRA       1.00      1.00      1.00        22
         GRY       0.00      0.00      0.00         8
           O       0.00      0.00      0.00         6
           S       0.00      0.00      0.00         4

    accuracy                           0.78       317
   macro avg       0.38      0.36      0.34       317
weighted avg       0.72      0.78      0.72       317

Classification results for QuadSVM fold 10:
Area Under the Receiver Operating Characteristic Curve: 0.8159585102313974
              precision    recall  f1-score   support

           G       1.00      0.26      0.41        23
          GH       1.00      0.04      0.08        24
          GK       0.86      1.00      0.93       192
          GR       0.43      0.76      0.55        38
         GRA       1.00      0.91      0.95        22
         GRY       0.00      0.00      0.00         8
           O       0.00      0.00      0.00         7
           S       0.00      0.00      0.00         3

    accuracy                           0.78       317
   macro avg       0.54      0.37      0.37       317
weighted avg       0.79      0.78      0.73       317

Classification results for KNN fold 1:
Area Under the Receiver Operating Characteristic Curve: 0.8243249101909355
              precision    recall  f1-score   support

           G       0.46      0.50      0.48        22
          GH       0.71      0.68      0.69        25
          GK       0.98      0.98      0.98       193
          GR       0.70      0.70      0.70        37
         GRA       1.00      1.00      1.00        22
         GRY       0.86      0.75      0.80         8
           O       0.43      0.43      0.43         7
           S       0.50      0.50      0.50         4

    accuracy                           0.87       318
   macro avg       0.70      0.69      0.70       318
weighted avg       0.87      0.87      0.87       318

Classification results for KNN fold 2:
Area Under the Receiver Operating Characteristic Curve: 0.8337773074246059
              precision    recall  f1-score   support

           G       0.52      0.59      0.55        22
          GH       0.70      0.56      0.62        25
          GK       0.98      0.99      0.99       193
          GR       0.74      0.62      0.68        37
         GRA       1.00      1.00      1.00        22
         GRY       0.50      0.88      0.64         8
           O       0.29      0.29      0.29         7
           S       0.60      0.75      0.67         4

    accuracy                           0.86       318
   macro avg       0.67      0.71      0.68       318
weighted avg       0.87      0.86      0.86       318

Classification results for KNN fold 3:
Area Under the Receiver Operating Characteristic Curve: 0.7732895429435028
              precision    recall  f1-score   support

           G       0.48      0.55      0.51        22
          GH       0.52      0.64      0.57        25
          GK       0.97      0.97      0.97       193
          GR       0.65      0.65      0.65        37
         GRA       1.00      1.00      1.00        22
         GRY       1.00      0.38      0.55         8
           O       0.33      0.14      0.20         7
           S       0.67      0.50      0.57         4

    accuracy                           0.84       318
   macro avg       0.70      0.60      0.63       318
weighted avg       0.85      0.84      0.84       318

Classification results for KNN fold 4:
Area Under the Receiver Operating Characteristic Curve: 0.8455951969590014
              precision    recall  f1-score   support

           G       0.50      0.41      0.45        22
          GH       0.63      0.68      0.65        25
          GK       0.96      0.98      0.97       193
          GR       0.82      0.84      0.83        37
         GRA       1.00      0.91      0.95        22
         GRY       0.88      0.88      0.88         8
           O       0.25      0.14      0.18         7
           S       0.80      1.00      0.89         4

    accuracy                           0.88       318
   macro avg       0.73      0.73      0.73       318
weighted avg       0.87      0.88      0.87       318

Classification results for KNN fold 5:
Area Under the Receiver Operating Characteristic Curve: 0.8148803688959128
              precision    recall  f1-score   support

           G       0.44      0.50      0.47        22
          GH       0.58      0.60      0.59        25
          GK       0.98      0.96      0.97       193
          GR       0.67      0.59      0.63        37
         GRA       1.00      1.00      1.00        22
         GRY       0.62      1.00      0.76         8
           O       0.00      0.00      0.00         7
           S       0.50      0.75      0.60         4

    accuracy                           0.84       318
   macro avg       0.60      0.68      0.63       318
weighted avg       0.84      0.84      0.84       318

Classification results for KNN fold 6:
Area Under the Receiver Operating Characteristic Curve: 0.8243475368616345
              precision    recall  f1-score   support

           G       0.61      0.64      0.62        22
          GH       0.59      0.76      0.67        25
          GK       0.98      0.97      0.97       192
          GR       0.76      0.66      0.70        38
         GRA       1.00      1.00      1.00        22
         GRY       0.62      0.62      0.62         8
           O       0.20      0.14      0.17         7
           S       0.60      0.75      0.67         4

    accuracy                           0.86       318
   macro avg       0.67      0.69      0.68       318
weighted avg       0.87      0.86      0.86       318

Classification results for KNN fold 7:
Area Under the Receiver Operating Characteristic Curve: 0.7686372423683431
              precision    recall  f1-score   support

           G       0.40      0.43      0.42        23
          GH       0.48      0.48      0.48        25
          GK       0.95      0.97      0.96       192
          GR       0.81      0.66      0.72        38
         GRA       0.92      1.00      0.96        22
         GRY       0.67      0.57      0.62         7
           O       0.17      0.14      0.15         7
           S       0.50      0.50      0.50         4

    accuracy                           0.83       318
   macro avg       0.61      0.60      0.60       318
weighted avg       0.82      0.83      0.82       318

Classification results for KNN fold 8:
Area Under the Receiver Operating Characteristic Curve: 0.8062365443889226
              precision    recall  f1-score   support

           G       0.55      0.48      0.51        23
          GH       0.64      0.72      0.68        25
          GK       0.97      0.97      0.97       192
          GR       0.72      0.76      0.74        38
         GRA       1.00      1.00      1.00        22
         GRY       0.50      0.43      0.46         7
           O       0.43      0.43      0.43         7
           S       0.50      0.50      0.50         4

    accuracy                           0.86       318
   macro avg       0.67      0.66      0.66       318
weighted avg       0.86      0.86      0.86       318

Classification results for KNN fold 9:
Area Under the Receiver Operating Characteristic Curve: 0.803569725945298
              precision    recall  f1-score   support

           G       0.65      0.57      0.60        23
          GH       0.41      0.50      0.45        24
          GK       0.98      0.99      0.99       192
          GR       0.76      0.74      0.75        38
         GRA       1.00      1.00      1.00        22
         GRY       0.88      0.88      0.88         8
           O       0.29      0.33      0.31         6
           S       1.00      0.25      0.40         4

    accuracy                           0.87       317
   macro avg       0.75      0.66      0.67       317
weighted avg       0.87      0.87      0.87       317

Classification results for KNN fold 10:
Area Under the Receiver Operating Characteristic Curve: 0.8080038508538429
              precision    recall  f1-score   support

           G       0.45      0.43      0.44        23
          GH       0.76      0.67      0.71        24
          GK       0.96      0.97      0.97       192
          GR       0.70      0.79      0.74        38
         GRA       1.00      1.00      1.00        22
         GRY       0.67      0.50      0.57         8
           O       0.29      0.29      0.29         7
           S       0.67      0.67      0.67         3

    accuracy                           0.86       317
   macro avg       0.69      0.66      0.67       317
weighted avg       0.86      0.86      0.86       317

CGR GRY: cgr_k=7_hCoV-19_Kuwait_KU-12024_2021.npy
CGR O: cgr_k=7_hCoV-19_HongKong_HKPU76-0802_2020.npy
CGR GH: cgr_k=7_hCoV-19_HongKong_HKPU-05541_2020.npy
CGR GRA: cgr_k=7_hCoV-19_Ghana_TRA-2299_2021.npy
CGR G: cgr_k=7_hCoV-19_Oman_rega-OM-164_2021.npy
CGR S: cgr_k=7_hCoV-19_Thailand_SI202620-NT_2020.npy
CGR GK: cgr_k=7_hCoV-19_Poland_1132WSN2021_wsseol_2021.npy
CGR GR: cgr_k=7_hCoV-19_Japan_PG-17452_2020.npy

10X cross validation classifier accuracies:
	LinearDiscriminant: 0.8360432725435075
	LinearSVM: 0.8974799496620509
	QuadSVM: 0.36659675338743114
	KNN: 0.6679658896956