Run_name: Bacteria
Method: Chaos Game Representation (CGR)
kmer: 7
Median seq length: 70992.0 Shortest sequence: 20019 Longest sequence: 499136
Dataset size: 4710
Class sizes:
Proteobacteria:3144, Spirochaetes:437, Firmicutes:1129, 
Classification results for LinearDiscriminant fold 1:
Area Under the Receiver Operating Characteristic Curve: 0.9407839556277056
                precision    recall  f1-score   support

    Firmicutes       0.88      0.85      0.86       112
Proteobacteria       0.95      0.95      0.95       315
  Spirochaetes       0.88      0.95      0.91        44

      accuracy                           0.93       471
     macro avg       0.90      0.92      0.91       471
  weighted avg       0.93      0.93      0.93       471

Classification results for LinearDiscriminant fold 2:
Area Under the Receiver Operating Characteristic Curve: 0.9472919940197158
                precision    recall  f1-score   support

    Firmicutes       0.87      0.88      0.87       113
Proteobacteria       0.97      0.95      0.96       315
  Spirochaetes       0.85      0.95      0.90        43

      accuracy                           0.93       471
     macro avg       0.90      0.93      0.91       471
  weighted avg       0.93      0.93      0.93       471

Classification results for LinearDiscriminant fold 3:
Area Under the Receiver Operating Characteristic Curve: 0.9502432076624298
                precision    recall  f1-score   support

    Firmicutes       0.84      0.93      0.88       113
Proteobacteria       0.98      0.94      0.96       315
  Spirochaetes       0.91      0.93      0.92        43

      accuracy                           0.94       471
     macro avg       0.91      0.93      0.92       471
  weighted avg       0.94      0.94      0.94       471

Classification results for LinearDiscriminant fold 4:
Area Under the Receiver Operating Characteristic Curve: 0.9468262679520141
                precision    recall  f1-score   support

    Firmicutes       0.88      0.87      0.87       113
Proteobacteria       0.96      0.94      0.95       315
  Spirochaetes       0.84      0.98      0.90        43

      accuracy                           0.93       471
     macro avg       0.89      0.93      0.91       471
  weighted avg       0.93      0.93      0.93       471

Classification results for LinearDiscriminant fold 5:
Area Under the Receiver Operating Characteristic Curve: 0.9443010369747871
                precision    recall  f1-score   support

    Firmicutes       0.88      0.88      0.88       113
Proteobacteria       0.95      0.94      0.95       314
  Spirochaetes       0.84      0.93      0.88        44

      accuracy                           0.92       471
     macro avg       0.89      0.92      0.90       471
  weighted avg       0.92      0.92      0.92       471

Classification results for LinearDiscriminant fold 6:
Area Under the Receiver Operating Characteristic Curve: 0.9583878317303012
                precision    recall  f1-score   support

    Firmicutes       0.89      0.91      0.90       113
Proteobacteria       0.97      0.94      0.95       314
  Spirochaetes       0.86      0.98      0.91        44

      accuracy                           0.94       471
     macro avg       0.91      0.94      0.92       471
  weighted avg       0.94      0.94      0.94       471

Classification results for LinearDiscriminant fold 7:
Area Under the Receiver Operating Characteristic Curve: 0.9415783589801402
                precision    recall  f1-score   support

    Firmicutes       0.84      0.81      0.83       113
Proteobacteria       0.95      0.94      0.95       314
  Spirochaetes       0.88      1.00      0.94        44

      accuracy                           0.92       471
     macro avg       0.89      0.92      0.90       471
  weighted avg       0.92      0.92      0.92       471

Classification results for LinearDiscriminant fold 8:
Area Under the Receiver Operating Characteristic Curve: 0.9141427663706566
                precision    recall  f1-score   support

    Firmicutes       0.86      0.85      0.86       113
Proteobacteria       0.95      0.94      0.95       314
  Spirochaetes       0.75      0.86      0.80        44

      accuracy                           0.91       471
     macro avg       0.85      0.88      0.87       471
  weighted avg       0.91      0.91      0.91       471

Classification results for LinearDiscriminant fold 9:
Area Under the Receiver Operating Characteristic Curve: 0.9540177114986172
                precision    recall  f1-score   support

    Firmicutes       0.87      0.92      0.90       113
Proteobacteria       0.98      0.96      0.97       314
  Spirochaetes       0.87      0.93      0.90        44

      accuracy                           0.94       471
     macro avg       0.91      0.94      0.92       471
  weighted avg       0.95      0.94      0.95       471

Classification results for LinearDiscriminant fold 10:
Area Under the Receiver Operating Characteristic Curve: 0.942398984205393
                precision    recall  f1-score   support

    Firmicutes       0.91      0.85      0.88       113
Proteobacteria       0.96      0.96      0.96       314
  Spirochaetes       0.84      0.95      0.89        44

      accuracy                           0.93       471
     macro avg       0.90      0.92      0.91       471
  weighted avg       0.93      0.93      0.93       471

Classification results for LinearSVM fold 1:
Area Under the Receiver Operating Characteristic Curve: 0.9953236660825947
                precision    recall  f1-score   support

    Firmicutes       0.99      0.98      0.99       112
Proteobacteria       0.99      1.00      1.00       315
  Spirochaetes       1.00      0.98      0.99        44

      accuracy                           0.99       471
     macro avg       0.99      0.99      0.99       471
  weighted avg       0.99      0.99      0.99       471

Classification results for LinearSVM fold 2:
Area Under the Receiver Operating Characteristic Curve: 0.9996603695101328
                precision    recall  f1-score   support

    Firmicutes       0.99      0.99      0.99       113
Proteobacteria       1.00      1.00      1.00       315
  Spirochaetes       1.00      1.00      1.00        43

      accuracy                           1.00       471
     macro avg       1.00      1.00      1.00       471
  weighted avg       1.00      1.00      1.00       471

Classification results for LinearSVM fold 3:
Area Under the Receiver Operating Characteristic Curve: 0.99886851541513
                precision    recall  f1-score   support

    Firmicutes       0.98      0.99      0.99       113
Proteobacteria       1.00      0.99      1.00       315
  Spirochaetes       1.00      1.00      1.00        43

      accuracy                           0.99       471
     macro avg       0.99      0.99      0.99       471
  weighted avg       0.99      0.99      0.99       471

Classification results for LinearSVM fold 4:
Area Under the Receiver Operating Characteristic Curve: 0.9999098383951234
                precision    recall  f1-score   support

    Firmicutes       0.97      0.99      0.98       113
Proteobacteria       1.00      0.99      0.99       315
  Spirochaetes       1.00      1.00      1.00        43

      accuracy                           0.99       471
     macro avg       0.99      0.99      0.99       471
  weighted avg       0.99      0.99      0.99       471

Classification results for LinearSVM fold 5:
Area Under the Receiver Operating Characteristic Curve: 1.0
                precision    recall  f1-score   support

    Firmicutes       1.00      0.99      1.00       113
Proteobacteria       1.00      1.00      1.00       314
  Spirochaetes       1.00      1.00      1.00        44

      accuracy                           1.00       471
     macro avg       1.00      1.00      1.00       471
  weighted avg       1.00      1.00      1.00       471

Classification results for LinearSVM fold 6:
Area Under the Receiver Operating Characteristic Curve: 0.9999785422570214
                precision    recall  f1-score   support

    Firmicutes       1.00      1.00      1.00       113
Proteobacteria       1.00      1.00      1.00       314
  Spirochaetes       0.98      1.00      0.99        44

      accuracy                           1.00       471
     macro avg       0.99      1.00      1.00       471
  weighted avg       1.00      1.00      1.00       471

Classification results for LinearSVM fold 7:
Area Under the Receiver Operating Characteristic Curve: 0.9957584127163068
                precision    recall  f1-score   support

    Firmicutes       0.99      0.96      0.98       113
Proteobacteria       0.99      1.00      0.99       314
  Spirochaetes       1.00      0.98      0.99        44

      accuracy                           0.99       471
     macro avg       0.99      0.98      0.99       471
  weighted avg       0.99      0.99      0.99       471

Classification results for LinearSVM fold 8:
Area Under the Receiver Operating Characteristic Curve: 0.9986941735715762
                precision    recall  f1-score   support

    Firmicutes       0.97      0.98      0.97       113
Proteobacteria       0.99      0.99      0.99       314
  Spirochaetes       1.00      0.98      0.99        44

      accuracy                           0.99       471
     macro avg       0.99      0.98      0.98       471
  weighted avg       0.99      0.99      0.99       471

Classification results for LinearSVM fold 9:
Area Under the Receiver Operating Characteristic Curve: 0.9996907309382649
                precision    recall  f1-score   support

    Firmicutes       0.98      0.99      0.99       113
Proteobacteria       1.00      0.99      1.00       314
  Spirochaetes       1.00      1.00      1.00        44

      accuracy                           0.99       471
     macro avg       0.99      0.99      0.99       471
  weighted avg       0.99      0.99      0.99       471

Classification results for LinearSVM fold 10:
Area Under the Receiver Operating Characteristic Curve: 0.9891789989973576
                precision    recall  f1-score   support

    Firmicutes       0.98      0.97      0.98       113
Proteobacteria       0.99      0.99      0.99       314
  Spirochaetes       1.00      0.98      0.99        44

      accuracy                           0.99       471
     macro avg       0.99      0.98      0.99       471
  weighted avg       0.99      0.99      0.99       471

Classification results for QuadSVM fold 1:
Area Under the Receiver Operating Characteristic Curve: 0.9754255995327424
                precision    recall  f1-score   support

    Firmicutes       0.96      0.61      0.74       112
Proteobacteria       0.86      0.99      0.92       315
  Spirochaetes       0.97      0.80      0.88        44

      accuracy                           0.88       471
     macro avg       0.93      0.80      0.85       471
  weighted avg       0.89      0.88      0.88       471

Classification results for QuadSVM fold 2:
Area Under the Receiver Operating Characteristic Curve: 0.9785212843455281
                precision    recall  f1-score   support

    Firmicutes       0.87      0.69      0.77       113
Proteobacteria       0.88      0.96      0.92       315
  Spirochaetes       0.92      0.81      0.86        43

      accuracy                           0.88       471
     macro avg       0.89      0.82      0.85       471
  weighted avg       0.88      0.88      0.88       471

Classification results for QuadSVM fold 3:
Area Under the Receiver Operating Characteristic Curve: 0.9901662871821341
                precision    recall  f1-score   support

    Firmicutes       0.95      0.78      0.85       113
Proteobacteria       0.91      0.97      0.94       315
  Spirochaetes       0.90      0.88      0.89        43

      accuracy                           0.92       471
     macro avg       0.92      0.88      0.90       471
  weighted avg       0.92      0.92      0.92       471

Classification results for QuadSVM fold 4:
Area Under the Receiver Operating Characteristic Curve: 0.9826062148350685
                precision    recall  f1-score   support

    Firmicutes       0.94      0.67      0.78       113
Proteobacteria       0.88      0.97      0.92       315
  Spirochaetes       0.90      0.86      0.88        43

      accuracy                           0.89       471
     macro avg       0.91      0.84      0.86       471
  weighted avg       0.90      0.89      0.89       471

Classification results for QuadSVM fold 5:
Area Under the Receiver Operating Characteristic Curve: 0.9789655403593457
                precision    recall  f1-score   support

    Firmicutes       0.93      0.75      0.83       113
Proteobacteria       0.90      0.98      0.94       314
  Spirochaetes       0.95      0.80      0.86        44

      accuracy                           0.91       471
     macro avg       0.93      0.84      0.88       471
  weighted avg       0.91      0.91      0.91       471

Classification results for QuadSVM fold 6:
Area Under the Receiver Operating Characteristic Curve: 0.9657500260482056
                precision    recall  f1-score   support

    Firmicutes       0.81      0.66      0.73       113
Proteobacteria       0.88      0.96      0.91       314
  Spirochaetes       0.94      0.77      0.85        44

      accuracy                           0.87       471
     macro avg       0.88      0.80      0.83       471
  weighted avg       0.87      0.87      0.86       471

Classification results for QuadSVM fold 7:
Area Under the Receiver Operating Characteristic Curve: 0.9817034843104399
                precision    recall  f1-score   support

    Firmicutes       0.91      0.65      0.76       113
Proteobacteria       0.87      0.97      0.92       314
  Spirochaetes       0.95      0.82      0.88        44

      accuracy                           0.88       471
     macro avg       0.91      0.81      0.85       471
  weighted avg       0.89      0.88      0.88       471

Classification results for QuadSVM fold 8:
Area Under the Receiver Operating Characteristic Curve: 0.9759942301089924
                precision    recall  f1-score   support

    Firmicutes       0.85      0.63      0.72       113
Proteobacteria       0.87      0.96      0.92       314
  Spirochaetes       0.93      0.86      0.89        44

      accuracy                           0.87       471
     macro avg       0.88      0.82      0.84       471
  weighted avg       0.87      0.87      0.87       471

Classification results for QuadSVM fold 9:
Area Under the Receiver Operating Characteristic Curve: 0.9831892995680268
                precision    recall  f1-score   support

    Firmicutes       0.94      0.73      0.83       113
Proteobacteria       0.90      0.98      0.94       314
  Spirochaetes       0.95      0.82      0.88        44

      accuracy                           0.91       471
     macro avg       0.93      0.85      0.88       471
  weighted avg       0.91      0.91      0.91       471

Classification results for QuadSVM fold 10:
Area Under the Receiver Operating Characteristic Curve: 0.9803927471547674
                precision    recall  f1-score   support

    Firmicutes       0.94      0.74      0.83       113
Proteobacteria       0.90      0.97      0.94       314
  Spirochaetes       0.86      0.84      0.85        44

      accuracy                           0.91       471
     macro avg       0.90      0.85      0.87       471
  weighted avg       0.91      0.91      0.90       471

Classification results for KNN fold 1:
Area Under the Receiver Operating Characteristic Curve: 0.9417568542568543
                precision    recall  f1-score   support

    Firmicutes       0.88      0.89      0.89       112
Proteobacteria       0.97      0.97      0.97       315
  Spirochaetes       0.93      0.91      0.92        44

      accuracy                           0.94       471
     macro avg       0.93      0.92      0.92       471
  weighted avg       0.94      0.94      0.94       471

Classification results for KNN fold 2:
Area Under the Receiver Operating Characteristic Curve: 0.9797809334339483
                precision    recall  f1-score   support

    Firmicutes       0.94      0.96      0.95       113
Proteobacteria       0.99      0.98      0.98       315
  Spirochaetes       0.98      0.98      0.98        43

      accuracy                           0.97       471
     macro avg       0.97      0.97      0.97       471
  weighted avg       0.97      0.97      0.97       471

Classification results for KNN fold 3:
Area Under the Receiver Operating Characteristic Curve: 0.9693736381840931
                precision    recall  f1-score   support

    Firmicutes       0.92      0.96      0.94       113
Proteobacteria       0.98      0.97      0.98       315
  Spirochaetes       0.95      0.95      0.95        43

      accuracy                           0.96       471
     macro avg       0.95      0.96      0.95       471
  weighted avg       0.96      0.96      0.96       471

Classification results for KNN fold 4:
Area Under the Receiver Operating Characteristic Curve: 0.9639866456289589
                precision    recall  f1-score   support

    Firmicutes       0.91      0.95      0.93       113
Proteobacteria       0.99      0.96      0.97       315
  Spirochaetes       0.85      0.95      0.90        43

      accuracy                           0.95       471
     macro avg       0.92      0.95      0.93       471
  weighted avg       0.96      0.95      0.95       471

Classification results for KNN fold 5:
Area Under the Receiver Operating Characteristic Curve: 0.9792753431957818
                precision    recall  f1-score   support

    Firmicutes       0.96      0.96      0.96       113
Proteobacteria       0.98      0.98      0.98       314
  Spirochaetes       0.96      0.98      0.97        44

      accuracy                           0.98       471
     macro avg       0.97      0.97      0.97       471
  weighted avg       0.98      0.98      0.98       471

Classification results for KNN fold 6:
Area Under the Receiver Operating Characteristic Curve: 0.955240429206102
                precision    recall  f1-score   support

    Firmicutes       0.89      0.95      0.92       113
Proteobacteria       0.98      0.96      0.97       314
  Spirochaetes       0.98      0.91      0.94        44

      accuracy                           0.96       471
     macro avg       0.95      0.94      0.94       471
  weighted avg       0.96      0.96      0.96       471

Classification results for KNN fold 7:
Area Under the Receiver Operating Characteristic Curve: 0.9625315781113087
                precision    recall  f1-score   support

    Firmicutes       0.95      0.91      0.93       113
Proteobacteria       0.97      0.98      0.98       314
  Spirochaetes       0.95      0.95      0.95        44

      accuracy                           0.96       471
     macro avg       0.96      0.95      0.95       471
  weighted avg       0.96      0.96      0.96       471

Classification results for KNN fold 8:
Area Under the Receiver Operating Characteristic Curve: 0.9547965421647854
                precision    recall  f1-score   support

    Firmicutes       0.92      0.93      0.93       113
Proteobacteria       0.98      0.98      0.98       314
  Spirochaetes       0.95      0.91      0.93        44

      accuracy                           0.96       471
     macro avg       0.95      0.94      0.94       471
  weighted avg       0.96      0.96      0.96       471

Classification results for KNN fold 9:
Area Under the Receiver Operating Characteristic Curve: 0.9829039436128945
                precision    recall  f1-score   support

    Firmicutes       0.95      0.97      0.96       113
Proteobacteria       0.99      0.98      0.99       314
  Spirochaetes       0.98      0.98      0.98        44

      accuracy                           0.98       471
     macro avg       0.97      0.98      0.97       471
  weighted avg       0.98      0.98      0.98       471

Classification results for KNN fold 10:
Area Under the Receiver Operating Characteristic Curve: 0.9576289642379491
                precision    recall  f1-score   support

    Firmicutes       0.91      0.95      0.93       113
Proteobacteria       0.98      0.97      0.98       314
  Spirochaetes       0.95      0.91      0.93        44

      accuracy                           0.96       471
     macro avg       0.95      0.94      0.95       471
  weighted avg       0.96      0.96      0.96       471

CGR Spirochaetes: cgr_k=7_NZ_CP014325.1.npy
CGR Proteobacteria: cgr_k=7_NZ_CP016533.1.npy
CGR Firmicutes: cgr_k=7_NZ_AP014866.1.npy

10X cross validation classifier accuracies:
	LinearDiscriminant: 0.9224080934062199
	LinearSVM: 0.9907604878290014
	QuadSVM: 0.830412332090589
	KNN: 0.9529699829376901