Run_name: Dengue_2
Method: Chaos Game Representation (CGR)
kmer: 7
Median seq length: 10676.0 Shortest sequence: 9926 Longest sequence: 11195
Dataset size: 4721
Class sizes:
DENV-1:2008, DENV-2:1349, DENV-3:1010, DENV-4:354, 
Classification results for LinearDiscriminant fold 1:
Area Under the Receiver Operating Characteristic Curve: 1.0
              precision    recall  f1-score   support

      DENV-1       1.00      1.00      1.00       201
      DENV-2       1.00      1.00      1.00       135
      DENV-3       1.00      1.00      1.00       101
      DENV-4       1.00      1.00      1.00        36

    accuracy                           1.00       473
   macro avg       1.00      1.00      1.00       473
weighted avg       1.00      1.00      1.00       473

Classification results for LinearDiscriminant fold 2:
Area Under the Receiver Operating Characteristic Curve: 0.9991708126036484
              precision    recall  f1-score   support

      DENV-1       1.00      1.00      1.00       201
      DENV-2       0.99      1.00      1.00       135
      DENV-3       1.00      1.00      1.00       101
      DENV-4       1.00      1.00      1.00        35

    accuracy                           1.00       472
   macro avg       1.00      1.00      1.00       472
weighted avg       1.00      1.00      1.00       472

Classification results for LinearDiscriminant fold 3:
Area Under the Receiver Operating Characteristic Curve: 1.0
              precision    recall  f1-score   support

      DENV-1       1.00      1.00      1.00       201
      DENV-2       1.00      1.00      1.00       135
      DENV-3       1.00      1.00      1.00       101
      DENV-4       1.00      1.00      1.00        35

    accuracy                           1.00       472
   macro avg       1.00      1.00      1.00       472
weighted avg       1.00      1.00      1.00       472

Classification results for LinearDiscriminant fold 4:
Area Under the Receiver Operating Characteristic Curve: 1.0
              precision    recall  f1-score   support

      DENV-1       1.00      1.00      1.00       201
      DENV-2       1.00      1.00      1.00       135
      DENV-3       1.00      1.00      1.00       101
      DENV-4       1.00      1.00      1.00        35

    accuracy                           1.00       472
   macro avg       1.00      1.00      1.00       472
weighted avg       1.00      1.00      1.00       472

Classification results for LinearDiscriminant fold 5:
Area Under the Receiver Operating Characteristic Curve: 1.0
              precision    recall  f1-score   support

      DENV-1       1.00      1.00      1.00       201
      DENV-2       1.00      1.00      1.00       135
      DENV-3       1.00      1.00      1.00       101
      DENV-4       1.00      1.00      1.00        35

    accuracy                           1.00       472
   macro avg       1.00      1.00      1.00       472
weighted avg       1.00      1.00      1.00       472

Classification results for LinearDiscriminant fold 6:
Area Under the Receiver Operating Characteristic Curve: 1.0
              precision    recall  f1-score   support

      DENV-1       1.00      1.00      1.00       201
      DENV-2       1.00      1.00      1.00       135
      DENV-3       1.00      1.00      1.00       101
      DENV-4       1.00      1.00      1.00        35

    accuracy                           1.00       472
   macro avg       1.00      1.00      1.00       472
weighted avg       1.00      1.00      1.00       472

Classification results for LinearDiscriminant fold 7:
Area Under the Receiver Operating Characteristic Curve: 1.0
              precision    recall  f1-score   support

      DENV-1       1.00      1.00      1.00       201
      DENV-2       1.00      1.00      1.00       135
      DENV-3       1.00      1.00      1.00       101
      DENV-4       1.00      1.00      1.00        35

    accuracy                           1.00       472
   macro avg       1.00      1.00      1.00       472
weighted avg       1.00      1.00      1.00       472

Classification results for LinearDiscriminant fold 8:
Area Under the Receiver Operating Characteristic Curve: 1.0
              precision    recall  f1-score   support

      DENV-1       1.00      1.00      1.00       201
      DENV-2       1.00      1.00      1.00       134
      DENV-3       1.00      1.00      1.00       101
      DENV-4       1.00      1.00      1.00        36

    accuracy                           1.00       472
   macro avg       1.00      1.00      1.00       472
weighted avg       1.00      1.00      1.00       472

Classification results for LinearDiscriminant fold 9:
Area Under the Receiver Operating Characteristic Curve: 1.0
              precision    recall  f1-score   support

      DENV-1       1.00      1.00      1.00       200
      DENV-2       1.00      1.00      1.00       135
      DENV-3       1.00      1.00      1.00       101
      DENV-4       1.00      1.00      1.00        36

    accuracy                           1.00       472
   macro avg       1.00      1.00      1.00       472
weighted avg       1.00      1.00      1.00       472

Classification results for LinearDiscriminant fold 10:
Area Under the Receiver Operating Characteristic Curve: 1.0
              precision    recall  f1-score   support

      DENV-1       1.00      1.00      1.00       200
      DENV-2       1.00      1.00      1.00       135
      DENV-3       1.00      1.00      1.00       101
      DENV-4       1.00      1.00      1.00        36

    accuracy                           1.00       472
   macro avg       1.00      1.00      1.00       472
weighted avg       1.00      1.00      1.00       472

Classification results for LinearSVM fold 1:
Area Under the Receiver Operating Characteristic Curve: 1.0
              precision    recall  f1-score   support

      DENV-1       1.00      1.00      1.00       201
      DENV-2       1.00      1.00      1.00       135
      DENV-3       1.00      1.00      1.00       101
      DENV-4       1.00      1.00      1.00        36

    accuracy                           1.00       473
   macro avg       1.00      1.00      1.00       473
weighted avg       1.00      1.00      1.00       473

Classification results for LinearSVM fold 2:
Area Under the Receiver Operating Characteristic Curve: 1.0
              precision    recall  f1-score   support

      DENV-1       1.00      1.00      1.00       201
      DENV-2       0.99      1.00      1.00       135
      DENV-3       1.00      1.00      1.00       101
      DENV-4       1.00      1.00      1.00        35

    accuracy                           1.00       472
   macro avg       1.00      1.00      1.00       472
weighted avg       1.00      1.00      1.00       472

Classification results for LinearSVM fold 3:
Area Under the Receiver Operating Characteristic Curve: 1.0
              precision    recall  f1-score   support

      DENV-1       1.00      1.00      1.00       201
      DENV-2       1.00      1.00      1.00       135
      DENV-3       1.00      1.00      1.00       101
      DENV-4       1.00      1.00      1.00        35

    accuracy                           1.00       472
   macro avg       1.00      1.00      1.00       472
weighted avg       1.00      1.00      1.00       472

Classification results for LinearSVM fold 4:
Area Under the Receiver Operating Characteristic Curve: 1.0
              precision    recall  f1-score   support

      DENV-1       1.00      1.00      1.00       201
      DENV-2       1.00      1.00      1.00       135
      DENV-3       1.00      1.00      1.00       101
      DENV-4       1.00      1.00      1.00        35

    accuracy                           1.00       472
   macro avg       1.00      1.00      1.00       472
weighted avg       1.00      1.00      1.00       472

Classification results for LinearSVM fold 5:
Area Under the Receiver Operating Characteristic Curve: 1.0
              precision    recall  f1-score   support

      DENV-1       1.00      1.00      1.00       201
      DENV-2       1.00      1.00      1.00       135
      DENV-3       1.00      1.00      1.00       101
      DENV-4       1.00      1.00      1.00        35

    accuracy                           1.00       472
   macro avg       1.00      1.00      1.00       472
weighted avg       1.00      1.00      1.00       472

Classification results for LinearSVM fold 6:
Area Under the Receiver Operating Characteristic Curve: 1.0
              precision    recall  f1-score   support

      DENV-1       1.00      1.00      1.00       201
      DENV-2       1.00      1.00      1.00       135
      DENV-3       1.00      1.00      1.00       101
      DENV-4       1.00      1.00      1.00        35

    accuracy                           1.00       472
   macro avg       1.00      1.00      1.00       472
weighted avg       1.00      1.00      1.00       472

Classification results for LinearSVM fold 7:
Area Under the Receiver Operating Characteristic Curve: 1.0
              precision    recall  f1-score   support

      DENV-1       1.00      1.00      1.00       201
      DENV-2       1.00      1.00      1.00       135
      DENV-3       1.00      1.00      1.00       101
      DENV-4       1.00      1.00      1.00        35

    accuracy                           1.00       472
   macro avg       1.00      1.00      1.00       472
weighted avg       1.00      1.00      1.00       472

Classification results for LinearSVM fold 8:
Area Under the Receiver Operating Characteristic Curve: 1.0
              precision    recall  f1-score   support

      DENV-1       1.00      1.00      1.00       201
      DENV-2       1.00      1.00      1.00       134
      DENV-3       1.00      1.00      1.00       101
      DENV-4       1.00      1.00      1.00        36

    accuracy                           1.00       472
   macro avg       1.00      1.00      1.00       472
weighted avg       1.00      1.00      1.00       472

Classification results for LinearSVM fold 9:
Area Under the Receiver Operating Characteristic Curve: 1.0
              precision    recall  f1-score   support

      DENV-1       1.00      1.00      1.00       200
      DENV-2       1.00      1.00      1.00       135
      DENV-3       1.00      1.00      1.00       101
      DENV-4       1.00      1.00      1.00        36

    accuracy                           1.00       472
   macro avg       1.00      1.00      1.00       472
weighted avg       1.00      1.00      1.00       472

Classification results for LinearSVM fold 10:
Area Under the Receiver Operating Characteristic Curve: 1.0
              precision    recall  f1-score   support

      DENV-1       1.00      1.00      1.00       200
      DENV-2       1.00      1.00      1.00       135
      DENV-3       1.00      1.00      1.00       101
      DENV-4       1.00      1.00      1.00        36

    accuracy                           1.00       472
   macro avg       1.00      1.00      1.00       472
weighted avg       1.00      1.00      1.00       472

Classification results for QuadSVM fold 1:
Area Under the Receiver Operating Characteristic Curve: 1.0
              precision    recall  f1-score   support

      DENV-1       1.00      1.00      1.00       201
      DENV-2       1.00      1.00      1.00       135
      DENV-3       1.00      1.00      1.00       101
      DENV-4       1.00      1.00      1.00        36

    accuracy                           1.00       473
   macro avg       1.00      1.00      1.00       473
weighted avg       1.00      1.00      1.00       473

Classification results for QuadSVM fold 2:
Area Under the Receiver Operating Characteristic Curve: 1.0
              precision    recall  f1-score   support

      DENV-1       1.00      1.00      1.00       201
      DENV-2       1.00      1.00      1.00       135
      DENV-3       1.00      1.00      1.00       101
      DENV-4       1.00      1.00      1.00        35

    accuracy                           1.00       472
   macro avg       1.00      1.00      1.00       472
weighted avg       1.00      1.00      1.00       472

Classification results for QuadSVM fold 3:
Area Under the Receiver Operating Characteristic Curve: 1.0
              precision    recall  f1-score   support

      DENV-1       1.00      1.00      1.00       201
      DENV-2       1.00      1.00      1.00       135
      DENV-3       1.00      1.00      1.00       101
      DENV-4       0.97      1.00      0.99        35

    accuracy                           1.00       472
   macro avg       0.99      1.00      1.00       472
weighted avg       1.00      1.00      1.00       472

Classification results for QuadSVM fold 4:
Area Under the Receiver Operating Characteristic Curve: 1.0
              precision    recall  f1-score   support

      DENV-1       1.00      1.00      1.00       201
      DENV-2       1.00      0.99      1.00       135
      DENV-3       1.00      1.00      1.00       101
      DENV-4       1.00      1.00      1.00        35

    accuracy                           1.00       472
   macro avg       1.00      1.00      1.00       472
weighted avg       1.00      1.00      1.00       472

Classification results for QuadSVM fold 5:
Area Under the Receiver Operating Characteristic Curve: 1.0
              precision    recall  f1-score   support

      DENV-1       1.00      1.00      1.00       201
      DENV-2       1.00      1.00      1.00       135
      DENV-3       1.00      1.00      1.00       101
      DENV-4       1.00      1.00      1.00        35

    accuracy                           1.00       472
   macro avg       1.00      1.00      1.00       472
weighted avg       1.00      1.00      1.00       472

Classification results for QuadSVM fold 6:
Area Under the Receiver Operating Characteristic Curve: 1.0
              precision    recall  f1-score   support

      DENV-1       1.00      1.00      1.00       201
      DENV-2       1.00      1.00      1.00       135
      DENV-3       1.00      1.00      1.00       101
      DENV-4       1.00      1.00      1.00        35

    accuracy                           1.00       472
   macro avg       1.00      1.00      1.00       472
weighted avg       1.00      1.00      1.00       472

Classification results for QuadSVM fold 7:
Area Under the Receiver Operating Characteristic Curve: 1.0
              precision    recall  f1-score   support

      DENV-1       1.00      1.00      1.00       201
      DENV-2       1.00      0.99      1.00       135
      DENV-3       1.00      1.00      1.00       101
      DENV-4       1.00      1.00      1.00        35

    accuracy                           1.00       472
   macro avg       1.00      1.00      1.00       472
weighted avg       1.00      1.00      1.00       472

Classification results for QuadSVM fold 8:
Area Under the Receiver Operating Characteristic Curve: 1.0
              precision    recall  f1-score   support

      DENV-1       1.00      1.00      1.00       201
      DENV-2       1.00      1.00      1.00       134
      DENV-3       1.00      1.00      1.00       101
      DENV-4       1.00      1.00      1.00        36

    accuracy                           1.00       472
   macro avg       1.00      1.00      1.00       472
weighted avg       1.00      1.00      1.00       472

Classification results for QuadSVM fold 9:
Area Under the Receiver Operating Characteristic Curve: 1.0
              precision    recall  f1-score   support

      DENV-1       1.00      1.00      1.00       200
      DENV-2       1.00      1.00      1.00       135
      DENV-3       1.00      1.00      1.00       101
      DENV-4       1.00      1.00      1.00        36

    accuracy                           1.00       472
   macro avg       1.00      1.00      1.00       472
weighted avg       1.00      1.00      1.00       472

Classification results for QuadSVM fold 10:
Area Under the Receiver Operating Characteristic Curve: 1.0
              precision    recall  f1-score   support

      DENV-1       1.00      1.00      1.00       200
      DENV-2       1.00      1.00      1.00       135
      DENV-3       1.00      1.00      1.00       101
      DENV-4       1.00      1.00      1.00        36

    accuracy                           1.00       472
   macro avg       1.00      1.00      1.00       472
weighted avg       1.00      1.00      1.00       472

Classification results for KNN fold 1:
Area Under the Receiver Operating Characteristic Curve: 1.0
              precision    recall  f1-score   support

      DENV-1       1.00      1.00      1.00       201
      DENV-2       1.00      1.00      1.00       135
      DENV-3       1.00      1.00      1.00       101
      DENV-4       1.00      1.00      1.00        36

    accuracy                           1.00       473
   macro avg       1.00      1.00      1.00       473
weighted avg       1.00      1.00      1.00       473

Classification results for KNN fold 2:
Area Under the Receiver Operating Characteristic Curve: 0.9991708126036484
              precision    recall  f1-score   support

      DENV-1       1.00      1.00      1.00       201
      DENV-2       0.99      1.00      1.00       135
      DENV-3       1.00      1.00      1.00       101
      DENV-4       1.00      1.00      1.00        35

    accuracy                           1.00       472
   macro avg       1.00      1.00      1.00       472
weighted avg       1.00      1.00      1.00       472

Classification results for KNN fold 3:
Area Under the Receiver Operating Characteristic Curve: 1.0
              precision    recall  f1-score   support

      DENV-1       1.00      1.00      1.00       201
      DENV-2       1.00      1.00      1.00       135
      DENV-3       1.00      1.00      1.00       101
      DENV-4       1.00      1.00      1.00        35

    accuracy                           1.00       472
   macro avg       1.00      1.00      1.00       472
weighted avg       1.00      1.00      1.00       472

Classification results for KNN fold 4:
Area Under the Receiver Operating Characteristic Curve: 1.0
              precision    recall  f1-score   support

      DENV-1       1.00      1.00      1.00       201
      DENV-2       1.00      1.00      1.00       135
      DENV-3       1.00      1.00      1.00       101
      DENV-4       1.00      1.00      1.00        35

    accuracy                           1.00       472
   macro avg       1.00      1.00      1.00       472
weighted avg       1.00      1.00      1.00       472

Classification results for KNN fold 5:
Area Under the Receiver Operating Characteristic Curve: 1.0
              precision    recall  f1-score   support

      DENV-1       1.00      1.00      1.00       201
      DENV-2       1.00      1.00      1.00       135
      DENV-3       1.00      1.00      1.00       101
      DENV-4       1.00      1.00      1.00        35

    accuracy                           1.00       472
   macro avg       1.00      1.00      1.00       472
weighted avg       1.00      1.00      1.00       472

Classification results for KNN fold 6:
Area Under the Receiver Operating Characteristic Curve: 1.0
              precision    recall  f1-score   support

      DENV-1       1.00      1.00      1.00       201
      DENV-2       1.00      1.00      1.00       135
      DENV-3       1.00      1.00      1.00       101
      DENV-4       1.00      1.00      1.00        35

    accuracy                           1.00       472
   macro avg       1.00      1.00      1.00       472
weighted avg       1.00      1.00      1.00       472

Classification results for KNN fold 7:
Area Under the Receiver Operating Characteristic Curve: 1.0
              precision    recall  f1-score   support

      DENV-1       1.00      1.00      1.00       201
      DENV-2       1.00      1.00      1.00       135
      DENV-3       1.00      1.00      1.00       101
      DENV-4       1.00      1.00      1.00        35

    accuracy                           1.00       472
   macro avg       1.00      1.00      1.00       472
weighted avg       1.00      1.00      1.00       472

Classification results for KNN fold 8:
Area Under the Receiver Operating Characteristic Curve: 1.0
              precision    recall  f1-score   support

      DENV-1       1.00      1.00      1.00       201
      DENV-2       1.00      1.00      1.00       134
      DENV-3       1.00      1.00      1.00       101
      DENV-4       1.00      1.00      1.00        36

    accuracy                           1.00       472
   macro avg       1.00      1.00      1.00       472
weighted avg       1.00      1.00      1.00       472

Classification results for KNN fold 9:
Area Under the Receiver Operating Characteristic Curve: 1.0
              precision    recall  f1-score   support

      DENV-1       1.00      1.00      1.00       200
      DENV-2       1.00      1.00      1.00       135
      DENV-3       1.00      1.00      1.00       101
      DENV-4       1.00      1.00      1.00        36

    accuracy                           1.00       472
   macro avg       1.00      1.00      1.00       472
weighted avg       1.00      1.00      1.00       472

Classification results for KNN fold 10:
Area Under the Receiver Operating Characteristic Curve: 1.0
              precision    recall  f1-score   support

      DENV-1       1.00      1.00      1.00       200
      DENV-2       1.00      1.00      1.00       135
      DENV-3       1.00      1.00      1.00       101
      DENV-4       1.00      1.00      1.00        36

    accuracy                           1.00       472
   macro avg       1.00      1.00      1.00       472
weighted avg       1.00      1.00      1.00       472

CGR DENV-4: cgr_k=7_JN638570.npy
CGR DENV-1: cgr_k=7_JQ045636.npy
CGR DENV-3: cgr_k=7_GQ868574.npy
CGR DENV-2: cgr_k=7_EU920850.npy

10X cross validation classifier balanced accuracies:
	LinearDiscriminant: 0.9998756218905474
	LinearSVM: 0.9998756218905474
	QuadSVM: 0.9995052515201769
	KNN: 0.9998756218905474