Run_name: Primates_2
Method: Chaos Game Representation (CGR)
kmer: 7
Median seq length: 16554.0 Shortest sequence: 15467 Longest sequence: 17531
Dataset size: 148
Class sizes:
Haplorrhini:115, Strepsirrhini:33, 
Classification results for LinearDiscriminant fold 1:
Area Under the Receiver Operating Characteristic Curve: 1.0
               precision    recall  f1-score   support

  Haplorrhini       1.00      1.00      1.00        12
Strepsirrhini       1.00      1.00      1.00         3

     accuracy                           1.00        15
    macro avg       1.00      1.00      1.00        15
 weighted avg       1.00      1.00      1.00        15

Classification results for LinearDiscriminant fold 2:
Area Under the Receiver Operating Characteristic Curve: 1.0
               precision    recall  f1-score   support

  Haplorrhini       1.00      1.00      1.00        12
Strepsirrhini       1.00      1.00      1.00         3

     accuracy                           1.00        15
    macro avg       1.00      1.00      1.00        15
 weighted avg       1.00      1.00      1.00        15

Classification results for LinearDiscriminant fold 3:
Area Under the Receiver Operating Characteristic Curve: 1.0
               precision    recall  f1-score   support

  Haplorrhini       1.00      1.00      1.00        12
Strepsirrhini       1.00      1.00      1.00         3

     accuracy                           1.00        15
    macro avg       1.00      1.00      1.00        15
 weighted avg       1.00      1.00      1.00        15

Classification results for LinearDiscriminant fold 4:
Area Under the Receiver Operating Characteristic Curve: 1.0
               precision    recall  f1-score   support

  Haplorrhini       1.00      1.00      1.00        12
Strepsirrhini       1.00      1.00      1.00         3

     accuracy                           1.00        15
    macro avg       1.00      1.00      1.00        15
 weighted avg       1.00      1.00      1.00        15

Classification results for LinearDiscriminant fold 5:
Area Under the Receiver Operating Characteristic Curve: 1.0
               precision    recall  f1-score   support

  Haplorrhini       1.00      1.00      1.00        12
Strepsirrhini       1.00      1.00      1.00         3

     accuracy                           1.00        15
    macro avg       1.00      1.00      1.00        15
 weighted avg       1.00      1.00      1.00        15

Classification results for LinearDiscriminant fold 6:
Area Under the Receiver Operating Characteristic Curve: 0.75
               precision    recall  f1-score   support

  Haplorrhini       0.85      1.00      0.92        11
Strepsirrhini       1.00      0.50      0.67         4

     accuracy                           0.87        15
    macro avg       0.92      0.75      0.79        15
 weighted avg       0.89      0.87      0.85        15

Classification results for LinearDiscriminant fold 7:
Area Under the Receiver Operating Characteristic Curve: 0.9545454545454545
               precision    recall  f1-score   support

  Haplorrhini       1.00      0.91      0.95        11
Strepsirrhini       0.80      1.00      0.89         4

     accuracy                           0.93        15
    macro avg       0.90      0.95      0.92        15
 weighted avg       0.95      0.93      0.94        15

Classification results for LinearDiscriminant fold 8:
Area Under the Receiver Operating Characteristic Curve: 1.0
               precision    recall  f1-score   support

  Haplorrhini       1.00      1.00      1.00        11
Strepsirrhini       1.00      1.00      1.00         4

     accuracy                           1.00        15
    macro avg       1.00      1.00      1.00        15
 weighted avg       1.00      1.00      1.00        15

Classification results for LinearDiscriminant fold 9:
Area Under the Receiver Operating Characteristic Curve: 1.0
               precision    recall  f1-score   support

  Haplorrhini       1.00      1.00      1.00        11
Strepsirrhini       1.00      1.00      1.00         3

     accuracy                           1.00        14
    macro avg       1.00      1.00      1.00        14
 weighted avg       1.00      1.00      1.00        14

Classification results for LinearDiscriminant fold 10:
Area Under the Receiver Operating Characteristic Curve: 1.0
               precision    recall  f1-score   support

  Haplorrhini       1.00      1.00      1.00        11
Strepsirrhini       1.00      1.00      1.00         3

     accuracy                           1.00        14
    macro avg       1.00      1.00      1.00        14
 weighted avg       1.00      1.00      1.00        14

Classification results for LinearSVM fold 1:
Area Under the Receiver Operating Characteristic Curve: 1.0
               precision    recall  f1-score   support

  Haplorrhini       1.00      1.00      1.00        12
Strepsirrhini       1.00      1.00      1.00         3

     accuracy                           1.00        15
    macro avg       1.00      1.00      1.00        15
 weighted avg       1.00      1.00      1.00        15

Classification results for LinearSVM fold 2:
Area Under the Receiver Operating Characteristic Curve: 1.0
               precision    recall  f1-score   support

  Haplorrhini       1.00      1.00      1.00        12
Strepsirrhini       1.00      1.00      1.00         3

     accuracy                           1.00        15
    macro avg       1.00      1.00      1.00        15
 weighted avg       1.00      1.00      1.00        15

Classification results for LinearSVM fold 3:
Area Under the Receiver Operating Characteristic Curve: 1.0
               precision    recall  f1-score   support

  Haplorrhini       1.00      1.00      1.00        12
Strepsirrhini       1.00      1.00      1.00         3

     accuracy                           1.00        15
    macro avg       1.00      1.00      1.00        15
 weighted avg       1.00      1.00      1.00        15

Classification results for LinearSVM fold 4:
Area Under the Receiver Operating Characteristic Curve: 1.0
               precision    recall  f1-score   support

  Haplorrhini       1.00      1.00      1.00        12
Strepsirrhini       1.00      1.00      1.00         3

     accuracy                           1.00        15
    macro avg       1.00      1.00      1.00        15
 weighted avg       1.00      1.00      1.00        15

Classification results for LinearSVM fold 5:
Area Under the Receiver Operating Characteristic Curve: 1.0
               precision    recall  f1-score   support

  Haplorrhini       1.00      1.00      1.00        12
Strepsirrhini       1.00      1.00      1.00         3

     accuracy                           1.00        15
    macro avg       1.00      1.00      1.00        15
 weighted avg       1.00      1.00      1.00        15

Classification results for LinearSVM fold 6:
Area Under the Receiver Operating Characteristic Curve: 1.0
               precision    recall  f1-score   support

  Haplorrhini       0.85      1.00      0.92        11
Strepsirrhini       1.00      0.50      0.67         4

     accuracy                           0.87        15
    macro avg       0.92      0.75      0.79        15
 weighted avg       0.89      0.87      0.85        15

Classification results for LinearSVM fold 7:
Area Under the Receiver Operating Characteristic Curve: 0.9318181818181818
               precision    recall  f1-score   support

  Haplorrhini       1.00      0.91      0.95        11
Strepsirrhini       0.80      1.00      0.89         4

     accuracy                           0.93        15
    macro avg       0.90      0.95      0.92        15
 weighted avg       0.95      0.93      0.94        15

Classification results for LinearSVM fold 8:
Area Under the Receiver Operating Characteristic Curve: 1.0
               precision    recall  f1-score   support

  Haplorrhini       0.92      1.00      0.96        11
Strepsirrhini       1.00      0.75      0.86         4

     accuracy                           0.93        15
    macro avg       0.96      0.88      0.91        15
 weighted avg       0.94      0.93      0.93        15

Classification results for LinearSVM fold 9:
Area Under the Receiver Operating Characteristic Curve: 1.0
               precision    recall  f1-score   support

  Haplorrhini       1.00      1.00      1.00        11
Strepsirrhini       1.00      1.00      1.00         3

     accuracy                           1.00        14
    macro avg       1.00      1.00      1.00        14
 weighted avg       1.00      1.00      1.00        14

Classification results for LinearSVM fold 10:
Area Under the Receiver Operating Characteristic Curve: 1.0
               precision    recall  f1-score   support

  Haplorrhini       1.00      1.00      1.00        11
Strepsirrhini       1.00      1.00      1.00         3

     accuracy                           1.00        14
    macro avg       1.00      1.00      1.00        14
 weighted avg       1.00      1.00      1.00        14

Classification results for QuadSVM fold 1:
Area Under the Receiver Operating Characteristic Curve: 1.0
               precision    recall  f1-score   support

  Haplorrhini       1.00      1.00      1.00        12
Strepsirrhini       1.00      1.00      1.00         3

     accuracy                           1.00        15
    macro avg       1.00      1.00      1.00        15
 weighted avg       1.00      1.00      1.00        15

Classification results for QuadSVM fold 2:
Area Under the Receiver Operating Characteristic Curve: 1.0
               precision    recall  f1-score   support

  Haplorrhini       0.86      1.00      0.92        12
Strepsirrhini       1.00      0.33      0.50         3

     accuracy                           0.87        15
    macro avg       0.93      0.67      0.71        15
 weighted avg       0.89      0.87      0.84        15

Classification results for QuadSVM fold 3:
Area Under the Receiver Operating Characteristic Curve: 1.0
               precision    recall  f1-score   support

  Haplorrhini       0.80      1.00      0.89        12
Strepsirrhini       0.00      0.00      0.00         3

     accuracy                           0.80        15
    macro avg       0.40      0.50      0.44        15
 weighted avg       0.64      0.80      0.71        15

Classification results for QuadSVM fold 4:
Area Under the Receiver Operating Characteristic Curve: 1.0
               precision    recall  f1-score   support

  Haplorrhini       0.80      1.00      0.89        12
Strepsirrhini       0.00      0.00      0.00         3

     accuracy                           0.80        15
    macro avg       0.40      0.50      0.44        15
 weighted avg       0.64      0.80      0.71        15

Classification results for QuadSVM fold 5:
Area Under the Receiver Operating Characteristic Curve: 1.0
               precision    recall  f1-score   support

  Haplorrhini       0.86      1.00      0.92        12
Strepsirrhini       1.00      0.33      0.50         3

     accuracy                           0.87        15
    macro avg       0.93      0.67      0.71        15
 weighted avg       0.89      0.87      0.84        15

Classification results for QuadSVM fold 6:
Area Under the Receiver Operating Characteristic Curve: 0.9772727272727273
               precision    recall  f1-score   support

  Haplorrhini       0.79      1.00      0.88        11
Strepsirrhini       1.00      0.25      0.40         4

     accuracy                           0.80        15
    macro avg       0.89      0.62      0.64        15
 weighted avg       0.84      0.80      0.75        15

Classification results for QuadSVM fold 7:
Area Under the Receiver Operating Characteristic Curve: 0.8977272727272727
               precision    recall  f1-score   support

  Haplorrhini       0.77      0.91      0.83        11
Strepsirrhini       0.50      0.25      0.33         4

     accuracy                           0.73        15
    macro avg       0.63      0.58      0.58        15
 weighted avg       0.70      0.73      0.70        15

Classification results for QuadSVM fold 8:
Area Under the Receiver Operating Characteristic Curve: 0.7727272727272727
               precision    recall  f1-score   support

  Haplorrhini       0.79      1.00      0.88        11
Strepsirrhini       1.00      0.25      0.40         4

     accuracy                           0.80        15
    macro avg       0.89      0.62      0.64        15
 weighted avg       0.84      0.80      0.75        15

Classification results for QuadSVM fold 9:
Area Under the Receiver Operating Characteristic Curve: 0.9696969696969697
               precision    recall  f1-score   support

  Haplorrhini       0.85      1.00      0.92        11
Strepsirrhini       1.00      0.33      0.50         3

     accuracy                           0.86        14
    macro avg       0.92      0.67      0.71        14
 weighted avg       0.88      0.86      0.83        14

Classification results for QuadSVM fold 10:
Area Under the Receiver Operating Characteristic Curve: 1.0
               precision    recall  f1-score   support

  Haplorrhini       0.85      1.00      0.92        11
Strepsirrhini       1.00      0.33      0.50         3

     accuracy                           0.86        14
    macro avg       0.92      0.67      0.71        14
 weighted avg       0.88      0.86      0.83        14

Classification results for KNN fold 1:
Area Under the Receiver Operating Characteristic Curve: 1.0
               precision    recall  f1-score   support

  Haplorrhini       1.00      1.00      1.00        12
Strepsirrhini       1.00      1.00      1.00         3

     accuracy                           1.00        15
    macro avg       1.00      1.00      1.00        15
 weighted avg       1.00      1.00      1.00        15

Classification results for KNN fold 2:
Area Under the Receiver Operating Characteristic Curve: 1.0
               precision    recall  f1-score   support

  Haplorrhini       1.00      1.00      1.00        12
Strepsirrhini       1.00      1.00      1.00         3

     accuracy                           1.00        15
    macro avg       1.00      1.00      1.00        15
 weighted avg       1.00      1.00      1.00        15

Classification results for KNN fold 3:
Area Under the Receiver Operating Characteristic Curve: 1.0
               precision    recall  f1-score   support

  Haplorrhini       1.00      1.00      1.00        12
Strepsirrhini       1.00      1.00      1.00         3

     accuracy                           1.00        15
    macro avg       1.00      1.00      1.00        15
 weighted avg       1.00      1.00      1.00        15

Classification results for KNN fold 4:
Area Under the Receiver Operating Characteristic Curve: 1.0
               precision    recall  f1-score   support

  Haplorrhini       1.00      1.00      1.00        12
Strepsirrhini       1.00      1.00      1.00         3

     accuracy                           1.00        15
    macro avg       1.00      1.00      1.00        15
 weighted avg       1.00      1.00      1.00        15

Classification results for KNN fold 5:
Area Under the Receiver Operating Characteristic Curve: 0.8333333333333333
               precision    recall  f1-score   support

  Haplorrhini       0.92      1.00      0.96        12
Strepsirrhini       1.00      0.67      0.80         3

     accuracy                           0.93        15
    macro avg       0.96      0.83      0.88        15
 weighted avg       0.94      0.93      0.93        15

Classification results for KNN fold 6:
Area Under the Receiver Operating Characteristic Curve: 0.8295454545454545
               precision    recall  f1-score   support

  Haplorrhini       0.91      0.91      0.91        11
Strepsirrhini       0.75      0.75      0.75         4

     accuracy                           0.87        15
    macro avg       0.83      0.83      0.83        15
 weighted avg       0.87      0.87      0.87        15

Classification results for KNN fold 7:
Area Under the Receiver Operating Characteristic Curve: 0.9545454545454545
               precision    recall  f1-score   support

  Haplorrhini       1.00      0.91      0.95        11
Strepsirrhini       0.80      1.00      0.89         4

     accuracy                           0.93        15
    macro avg       0.90      0.95      0.92        15
 weighted avg       0.95      0.93      0.94        15

Classification results for KNN fold 8:
Area Under the Receiver Operating Characteristic Curve: 0.625
               precision    recall  f1-score   support

  Haplorrhini       0.79      1.00      0.88        11
Strepsirrhini       1.00      0.25      0.40         4

     accuracy                           0.80        15
    macro avg       0.89      0.62      0.64        15
 weighted avg       0.84      0.80      0.75        15

Classification results for KNN fold 9:
Area Under the Receiver Operating Characteristic Curve: 1.0
               precision    recall  f1-score   support

  Haplorrhini       1.00      1.00      1.00        11
Strepsirrhini       1.00      1.00      1.00         3

     accuracy                           1.00        14
    macro avg       1.00      1.00      1.00        14
 weighted avg       1.00      1.00      1.00        14

Classification results for KNN fold 10:
Area Under the Receiver Operating Characteristic Curve: 1.0
               precision    recall  f1-score   support

  Haplorrhini       1.00      1.00      1.00        11
Strepsirrhini       1.00      1.00      1.00         3

     accuracy                           1.00        14
    macro avg       1.00      1.00      1.00        14
 weighted avg       1.00      1.00      1.00        14

CGR Strepsirrhini: cgr_k=7_NC_012771.1.npy
CGR Haplorrhini: cgr_k=7_NC_027658.1.npy

10X cross validation classifier balanced accuracies:
	LinearDiscriminant: 0.9704545454545455
	LinearSVM: 0.9579545454545455
	QuadSVM: 0.6496212121212122
	KNN: 0.9242424242424242