Run_name: Influenza_2
Method: Chaos Game Representation (CGR)
kmer: 7
Median seq length: 1413.0 Shortest sequence: 1350 Longest sequence: 1467
Dataset size: 38
Class sizes:
H5N1:11, H1N1:13, H2N2:3, H7N9:6, H7N3:5, 
Classification results for LinearDiscriminant fold 1:
Area Under the Receiver Operating Characteristic Curve: 1.0
              precision    recall  f1-score   support

        H1N1       1.00      1.00      1.00         4
        H2N2       1.00      1.00      1.00         1
        H5N1       1.00      1.00      1.00         4
        H7N3       1.00      1.00      1.00         2
        H7N9       1.00      1.00      1.00         2

    accuracy                           1.00        13
   macro avg       1.00      1.00      1.00        13
weighted avg       1.00      1.00      1.00        13

Classification results for LinearDiscriminant fold 2:
Area Under the Receiver Operating Characteristic Curve: 0.978125
              precision    recall  f1-score   support

        H1N1       0.67      1.00      0.80         4
        H2N2       1.00      1.00      1.00         1
        H5N1       1.00      0.50      0.67         4
        H7N3       1.00      1.00      1.00         2
        H7N9       1.00      1.00      1.00         2

    accuracy                           0.85        13
   macro avg       0.93      0.90      0.89        13
weighted avg       0.90      0.85      0.84        13

Classification results for LinearDiscriminant fold 3:
Area Under the Receiver Operating Characteristic Curve: 1.0
              precision    recall  f1-score   support

        H1N1       1.00      1.00      1.00         5
        H2N2       0.00      0.00      0.00         1
        H5N1       1.00      1.00      1.00         3
        H7N3       1.00      1.00      1.00         1
        H7N9       0.67      1.00      0.80         2

    accuracy                           0.92        12
   macro avg       0.73      0.80      0.76        12
weighted avg       0.86      0.92      0.88        12

Classification results for LinearSVM fold 1:
Area Under the Receiver Operating Characteristic Curve: 1.0
              precision    recall  f1-score   support

        H1N1       1.00      1.00      1.00         4
        H2N2       1.00      1.00      1.00         1
        H5N1       1.00      1.00      1.00         4
        H7N3       1.00      1.00      1.00         2
        H7N9       1.00      1.00      1.00         2

    accuracy                           1.00        13
   macro avg       1.00      1.00      1.00        13
weighted avg       1.00      1.00      1.00        13

Classification results for LinearSVM fold 2:
Area Under the Receiver Operating Characteristic Curve: 0.996875
              precision    recall  f1-score   support

        H1N1       0.80      1.00      0.89         4
        H2N2       1.00      1.00      1.00         1
        H5N1       1.00      0.75      0.86         4
        H7N3       1.00      1.00      1.00         2
        H7N9       1.00      1.00      1.00         2

    accuracy                           0.92        13
   macro avg       0.96      0.95      0.95        13
weighted avg       0.94      0.92      0.92        13

Classification results for LinearSVM fold 3:
Area Under the Receiver Operating Characteristic Curve: 1.0
              precision    recall  f1-score   support

        H1N1       1.00      1.00      1.00         5
        H2N2       1.00      1.00      1.00         1
        H5N1       1.00      1.00      1.00         3
        H7N3       1.00      1.00      1.00         1
        H7N9       1.00      1.00      1.00         2

    accuracy                           1.00        12
   macro avg       1.00      1.00      1.00        12
weighted avg       1.00      1.00      1.00        12

Classification results for QuadSVM fold 1:
Area Under the Receiver Operating Characteristic Curve: 1.0
              precision    recall  f1-score   support

        H1N1       0.80      1.00      0.89         4
        H2N2       0.00      0.00      0.00         1
        H5N1       1.00      1.00      1.00         4
        H7N3       1.00      1.00      1.00         2
        H7N9       1.00      1.00      1.00         2

    accuracy                           0.92        13
   macro avg       0.76      0.80      0.78        13
weighted avg       0.86      0.92      0.89        13

Classification results for QuadSVM fold 2:
Area Under the Receiver Operating Characteristic Curve: 0.809375
              precision    recall  f1-score   support

        H1N1       0.57      1.00      0.73         4
        H2N2       0.00      0.00      0.00         1
        H5N1       1.00      0.50      0.67         4
        H7N3       1.00      1.00      1.00         2
        H7N9       1.00      1.00      1.00         2

    accuracy                           0.77        13
   macro avg       0.71      0.70      0.68        13
weighted avg       0.79      0.77      0.74        13

Classification results for QuadSVM fold 3:
Area Under the Receiver Operating Characteristic Curve: 0.99
              precision    recall  f1-score   support

        H1N1       0.83      1.00      0.91         5
        H2N2       0.00      0.00      0.00         1
        H5N1       1.00      1.00      1.00         3
        H7N3       1.00      1.00      1.00         1
        H7N9       1.00      1.00      1.00         2

    accuracy                           0.92        12
   macro avg       0.77      0.80      0.78        12
weighted avg       0.85      0.92      0.88        12

Classification results for KNN fold 1:
Area Under the Receiver Operating Characteristic Curve: 1.0
              precision    recall  f1-score   support

        H1N1       1.00      1.00      1.00         4
        H2N2       1.00      1.00      1.00         1
        H5N1       1.00      1.00      1.00         4
        H7N3       1.00      1.00      1.00         2
        H7N9       1.00      1.00      1.00         2

    accuracy                           1.00        13
   macro avg       1.00      1.00      1.00        13
weighted avg       1.00      1.00      1.00        13

Classification results for KNN fold 2:
Area Under the Receiver Operating Characteristic Curve: 0.96875
              precision    recall  f1-score   support

        H1N1       0.80      1.00      0.89         4
        H2N2       1.00      1.00      1.00         1
        H5N1       1.00      0.75      0.86         4
        H7N3       1.00      1.00      1.00         2
        H7N9       1.00      1.00      1.00         2

    accuracy                           0.92        13
   macro avg       0.96      0.95      0.95        13
weighted avg       0.94      0.92      0.92        13

Classification results for KNN fold 3:
Area Under the Receiver Operating Characteristic Curve: 1.0
              precision    recall  f1-score   support

        H1N1       1.00      1.00      1.00         5
        H2N2       1.00      1.00      1.00         1
        H5N1       1.00      1.00      1.00         3
        H7N3       1.00      1.00      1.00         1
        H7N9       1.00      1.00      1.00         2

    accuracy                           1.00        12
   macro avg       1.00      1.00      1.00        12
weighted avg       1.00      1.00      1.00        12

CGR H7N3: cgr_k=7_EU500854.1.npy
CGR H7N9: cgr_k=7_KF259734.1.npy
CGR H1N1: cgr_k=7_HQ897966.1.npy
CGR H2N2: cgr_k=7_CY005540.1.npy
CGR H5N1: cgr_k=7_KF572435.1.npy

10X cross validation classifier balanced accuracies:
	LinearDiscriminant: 0.9
	LinearSVM: 0.9833333333333334
	QuadSVM: 0.7666666666666666
	KNN: 0.9833333333333334