Run_name: Ontario_gisaid_5
Method: Chaos Game Representation (CGR)
kmer: 7
Median seq length: 29769.0 Shortest sequence: 29464 Longest sequence: 29903
Dataset size: 19943
Class sizes:
O:30, S:105, GH:4549, GR:4377, G:364, V:18, GV:18, GRY:2739, GK:7743, 
Classification results for LinearDiscriminant fold 1:
Area Under the Receiver Operating Characteristic Curve: 0.9979656077686899
              precision    recall  f1-score   support

           G       1.00      0.97      0.99        36
          GH       1.00      1.00      1.00       455
          GK       1.00      1.00      1.00       775
          GR       0.99      0.98      0.98       438
         GRY       0.96      0.99      0.97       273
          GV       1.00      1.00      1.00         2
           O       1.00      1.00      1.00         3
           S       1.00      1.00      1.00        11
           V       1.00      1.00      1.00         2

    accuracy                           0.99      1995
   macro avg       0.99      0.99      0.99      1995
weighted avg       0.99      0.99      0.99      1995

Classification results for LinearDiscriminant fold 2:
Area Under the Receiver Operating Characteristic Curve: 0.999729186272201
              precision    recall  f1-score   support

           G       0.97      1.00      0.99        37
          GH       1.00      1.00      1.00       455
          GK       1.00      1.00      1.00       775
          GR       0.99      0.99      0.99       437
         GRY       0.98      0.99      0.98       274
          GV       1.00      1.00      1.00         1
           O       1.00      1.00      1.00         3
           S       1.00      1.00      1.00        11
           V       1.00      1.00      1.00         2

    accuracy                           0.99      1995
   macro avg       0.99      1.00      1.00      1995
weighted avg       0.99      0.99      0.99      1995

Classification results for LinearDiscriminant fold 3:
Area Under the Receiver Operating Characteristic Curve: 0.9579119627012737
              precision    recall  f1-score   support

           G       1.00      0.97      0.99        37
          GH       1.00      1.00      1.00       455
          GK       1.00      1.00      1.00       775
          GR       0.99      0.98      0.99       437
         GRY       0.97      0.99      0.98       274
          GV       1.00      1.00      1.00         1
           O       1.00      0.33      0.50         3
           S       1.00      1.00      1.00        11
           V       1.00      1.00      1.00         2

    accuracy                           0.99      1995
   macro avg       1.00      0.92      0.94      1995
weighted avg       0.99      0.99      0.99      1995

Classification results for LinearDiscriminant fold 4:
Area Under the Receiver Operating Characteristic Curve: 0.998282091324818
              precision    recall  f1-score   support

           G       1.00      0.97      0.99        37
          GH       1.00      1.00      1.00       455
          GK       1.00      1.00      1.00       774
          GR       0.99      0.98      0.98       437
         GRY       0.97      0.98      0.98       274
          GV       1.00      1.00      1.00         2
           O       1.00      1.00      1.00         3
           S       1.00      1.00      1.00        11
           V       1.00      1.00      1.00         1

    accuracy                           0.99      1994
   macro avg       1.00      0.99      0.99      1994
weighted avg       0.99      0.99      0.99      1994

Classification results for LinearDiscriminant fold 5:
Area Under the Receiver Operating Characteristic Curve: 0.9786160137322936
              precision    recall  f1-score   support

           G       1.00      0.97      0.99        37
          GH       1.00      1.00      1.00       454
          GK       1.00      1.00      1.00       774
          GR       0.99      0.97      0.98       438
         GRY       0.95      0.99      0.97       274
          GV       1.00      1.00      1.00         2
           O       1.00      0.67      0.80         3
           S       1.00      1.00      1.00        11
           V       1.00      1.00      1.00         1

    accuracy                           0.99      1994
   macro avg       0.99      0.96      0.97      1994
weighted avg       0.99      0.99      0.99      1994

Classification results for LinearDiscriminant fold 6:
Area Under the Receiver Operating Characteristic Curve: 0.9978053699259704
              precision    recall  f1-score   support

           G       1.00      0.97      0.99        36
          GH       1.00      1.00      1.00       455
          GK       1.00      1.00      1.00       774
          GR       0.99      0.97      0.98       438
         GRY       0.95      0.98      0.96       274
          GV       1.00      1.00      1.00         2
           O       1.00      1.00      1.00         3
           S       1.00      1.00      1.00        10
           V       1.00      1.00      1.00         2

    accuracy                           0.99      1994
   macro avg       0.99      0.99      0.99      1994
weighted avg       0.99      0.99      0.99      1994

Classification results for LinearDiscriminant fold 7:
Area Under the Receiver Operating Characteristic Curve: 0.9754713186088798
              precision    recall  f1-score   support

           G       1.00      1.00      1.00        36
          GH       1.00      1.00      1.00       455
          GK       1.00      1.00      1.00       774
          GR       0.99      0.98      0.99       438
         GRY       0.97      0.99      0.98       274
          GV       1.00      0.50      0.67         2
           O       1.00      0.67      0.80         3
           S       1.00      1.00      1.00        10
           V       1.00      1.00      1.00         2

    accuracy                           0.99      1994
   macro avg       1.00      0.90      0.94      1994
weighted avg       0.99      0.99      0.99      1994

Classification results for LinearDiscriminant fold 8:
Area Under the Receiver Operating Characteristic Curve: 0.9996103663571341
              precision    recall  f1-score   support

           G       0.97      1.00      0.99        36
          GH       1.00      1.00      1.00       455
          GK       1.00      1.00      1.00       774
          GR       1.00      0.98      0.99       438
         GRY       0.96      0.99      0.98       274
          GV       0.67      1.00      0.80         2
           O       0.75      1.00      0.86         3
           S       1.00      1.00      1.00        10
           V       1.00      1.00      1.00         2

    accuracy                           0.99      1994
   macro avg       0.93      1.00      0.96      1994
weighted avg       0.99      0.99      0.99      1994

Classification results for LinearDiscriminant fold 9:
Area Under the Receiver Operating Characteristic Curve: 0.9958892936790158
              precision    recall  f1-score   support

           G       1.00      0.94      0.97        36
          GH       1.00      1.00      1.00       455
          GK       1.00      1.00      1.00       774
          GR       0.99      0.96      0.97       438
         GRY       0.93      0.99      0.96       274
          GV       0.33      1.00      0.50         2
           O       1.00      1.00      1.00         3
           S       1.00      1.00      1.00        10
           V       1.00      1.00      1.00         2

    accuracy                           0.99      1994
   macro avg       0.92      0.99      0.93      1994
weighted avg       0.99      0.99      0.99      1994

Classification results for LinearDiscriminant fold 10:
Area Under the Receiver Operating Characteristic Curve: 0.9771277598320415
              precision    recall  f1-score   support

           G       1.00      0.97      0.99        36
          GH       1.00      1.00      1.00       455
          GK       1.00      1.00      1.00       774
          GR       0.99      0.99      0.99       438
         GRY       0.97      0.99      0.98       274
          GV       1.00      1.00      1.00         2
           O       1.00      0.67      0.80         3
           S       1.00      1.00      1.00        10
           V       1.00      1.00      1.00         2

    accuracy                           0.99      1994
   macro avg       1.00      0.96      0.97      1994
weighted avg       0.99      0.99      0.99      1994

Classification results for LinearSVM fold 1:
Area Under the Receiver Operating Characteristic Curve: 0.9982291312308926
              precision    recall  f1-score   support

           G       1.00      0.97      0.99        36
          GH       1.00      1.00      1.00       455
          GK       1.00      1.00      1.00       775
          GR       1.00      0.98      0.99       438
         GRY       0.97      0.99      0.98       273
          GV       1.00      1.00      1.00         2
           O       0.75      1.00      0.86         3
           S       1.00      1.00      1.00        11
           V       1.00      1.00      1.00         2

    accuracy                           0.99      1995
   macro avg       0.97      0.99      0.98      1995
weighted avg       0.99      0.99      0.99      1995

Classification results for LinearSVM fold 2:
Area Under the Receiver Operating Characteristic Curve: 0.9990462212845667
              precision    recall  f1-score   support

           G       1.00      1.00      1.00        37
          GH       1.00      1.00      1.00       455
          GK       1.00      1.00      1.00       775
          GR       0.99      0.99      0.99       437
         GRY       0.99      0.99      0.99       274
          GV       1.00      1.00      1.00         1
           O       1.00      1.00      1.00         3
           S       1.00      1.00      1.00        11
           V       1.00      1.00      1.00         2

    accuracy                           1.00      1995
   macro avg       1.00      1.00      1.00      1995
weighted avg       1.00      1.00      1.00      1995

Classification results for LinearSVM fold 3:
Area Under the Receiver Operating Characteristic Curve: 0.9562374922529904
              precision    recall  f1-score   support

           G       0.97      1.00      0.99        37
          GH       1.00      1.00      1.00       455
          GK       1.00      1.00      1.00       775
          GR       0.99      0.98      0.99       437
         GRY       0.97      0.99      0.98       274
          GV       0.50      1.00      0.67         1
           O       1.00      0.33      0.50         3
           S       1.00      1.00      1.00        11
           V       1.00      1.00      1.00         2

    accuracy                           0.99      1995
   macro avg       0.94      0.92      0.90      1995
weighted avg       0.99      0.99      0.99      1995

Classification results for LinearSVM fold 4:
Area Under the Receiver Operating Characteristic Curve: 0.9798759619359126
              precision    recall  f1-score   support

           G       0.92      0.97      0.95        37
          GH       1.00      1.00      1.00       455
          GK       1.00      1.00      1.00       774
          GR       0.99      0.99      0.99       437
         GRY       0.98      0.99      0.98       274
          GV       0.00      0.00      0.00         2
           O       1.00      1.00      1.00         3
           S       1.00      1.00      1.00        11
           V       1.00      1.00      1.00         1

    accuracy                           0.99      1994
   macro avg       0.88      0.88      0.88      1994
weighted avg       0.99      0.99      0.99      1994

Classification results for LinearSVM fold 5:
Area Under the Receiver Operating Characteristic Curve: 0.9456876539750501
              precision    recall  f1-score   support

           G       1.00      0.97      0.99        37
          GH       1.00      1.00      1.00       454
          GK       1.00      1.00      1.00       774
          GR       1.00      0.98      0.99       438
         GRY       0.96      0.99      0.98       274
          GV       0.50      0.50      0.50         2
           O       1.00      0.67      0.80         3
           S       1.00      1.00      1.00        11
           V       1.00      1.00      1.00         1

    accuracy                           0.99      1994
   macro avg       0.94      0.90      0.92      1994
weighted avg       0.99      0.99      0.99      1994

Classification results for LinearSVM fold 6:
Area Under the Receiver Operating Characteristic Curve: 0.9816623690978944
              precision    recall  f1-score   support

           G       0.97      0.97      0.97        36
          GH       1.00      1.00      1.00       455
          GK       1.00      1.00      1.00       774
          GR       0.99      0.98      0.98       438
         GRY       0.97      0.98      0.97       274
          GV       1.00      0.50      0.67         2
           O       0.75      1.00      0.86         3
           S       1.00      1.00      1.00        10
           V       1.00      1.00      1.00         2

    accuracy                           0.99      1994
   macro avg       0.96      0.94      0.94      1994
weighted avg       0.99      0.99      0.99      1994

Classification results for LinearSVM fold 7:
Area Under the Receiver Operating Characteristic Curve: 0.969618515550983
              precision    recall  f1-score   support

           G       1.00      0.97      0.99        36
          GH       1.00      1.00      1.00       455
          GK       1.00      1.00      1.00       774
          GR       1.00      0.99      0.99       438
         GRY       0.98      1.00      0.99       274
          GV       1.00      0.50      0.67         2
           O       1.00      0.33      0.50         3
           S       1.00      1.00      1.00        10
           V       0.67      1.00      0.80         2

    accuracy                           0.99      1994
   macro avg       0.96      0.87      0.88      1994
weighted avg       0.99      0.99      0.99      1994

Classification results for LinearSVM fold 8:
Area Under the Receiver Operating Characteristic Curve: 0.9993216840895615
              precision    recall  f1-score   support

           G       1.00      1.00      1.00        36
          GH       1.00      1.00      1.00       455
          GK       1.00      1.00      1.00       774
          GR       0.99      0.98      0.99       438
         GRY       0.97      0.99      0.98       274
          GV       1.00      1.00      1.00         2
           O       1.00      1.00      1.00         3
           S       1.00      1.00      1.00        10
           V       1.00      1.00      1.00         2

    accuracy                           0.99      1994
   macro avg       1.00      1.00      1.00      1994
weighted avg       0.99      0.99      0.99      1994

Classification results for LinearSVM fold 9:
Area Under the Receiver Operating Characteristic Curve: 0.9969863504400556
              precision    recall  f1-score   support

           G       1.00      1.00      1.00        36
          GH       1.00      1.00      1.00       455
          GK       1.00      1.00      1.00       774
          GR       0.99      0.96      0.97       438
         GRY       0.94      0.98      0.96       274
          GV       0.67      1.00      0.80         2
           O       1.00      1.00      1.00         3
           S       1.00      1.00      1.00        10
           V       1.00      1.00      1.00         2

    accuracy                           0.99      1994
   macro avg       0.95      0.99      0.97      1994
weighted avg       0.99      0.99      0.99      1994

Classification results for LinearSVM fold 10:
Area Under the Receiver Operating Characteristic Curve: 0.9717370607992465
              precision    recall  f1-score   support

           G       0.95      1.00      0.97        36
          GH       1.00      1.00      1.00       455
          GK       1.00      1.00      1.00       774
          GR       0.99      0.99      0.99       438
         GRY       0.97      0.99      0.98       274
          GV       1.00      0.50      0.67         2
           O       1.00      0.67      0.80         3
           S       1.00      1.00      1.00        10
           V       1.00      1.00      1.00         2

    accuracy                           0.99      1994
   macro avg       0.99      0.90      0.93      1994
weighted avg       0.99      0.99      0.99      1994

Classification results for QuadSVM fold 1:
Area Under the Receiver Operating Characteristic Curve: 0.9752196455525733
              precision    recall  f1-score   support

           G       0.91      0.28      0.43        36
          GH       0.99      1.00      0.99       455
          GK       1.00      1.00      1.00       775
          GR       0.91      0.84      0.87       438
         GRY       0.79      0.98      0.87       273
          GV       0.00      0.00      0.00         2
           O       0.00      0.00      0.00         3
           S       1.00      0.45      0.62        11
           V       0.00      0.00      0.00         2

    accuracy                           0.94      1995
   macro avg       0.62      0.51      0.53      1995
weighted avg       0.94      0.94      0.94      1995

Classification results for QuadSVM fold 2:
Area Under the Receiver Operating Characteristic Curve: 0.9295217647987997
              precision    recall  f1-score   support

           G       1.00      0.41      0.58        37
          GH       0.99      1.00      0.99       455
          GK       1.00      1.00      1.00       775
          GR       0.92      0.87      0.90       437
         GRY       0.82      0.99      0.90       274
          GV       0.00      0.00      0.00         1
           O       0.00      0.00      0.00         3
           S       1.00      0.55      0.71        11
           V       0.00      0.00      0.00         2

    accuracy                           0.95      1995
   macro avg       0.64      0.53      0.56      1995
weighted avg       0.95      0.95      0.95      1995

Classification results for QuadSVM fold 3:
Area Under the Receiver Operating Characteristic Curve: 0.8861105484287711
              precision    recall  f1-score   support

           G       1.00      0.19      0.32        37
          GH       0.99      1.00      1.00       455
          GK       1.00      1.00      1.00       775
          GR       0.91      0.87      0.89       437
         GRY       0.83      0.99      0.90       274
          GV       0.00      0.00      0.00         1
           O       0.00      0.00      0.00         3
           S       1.00      0.73      0.84        11
           V       0.00      0.00      0.00         2

    accuracy                           0.95      1995
   macro avg       0.64      0.53      0.55      1995
weighted avg       0.95      0.95      0.94      1995

Classification results for QuadSVM fold 4:
Area Under the Receiver Operating Characteristic Curve: 0.942705394068408
              precision    recall  f1-score   support

           G       1.00      0.35      0.52        37
          GH       0.99      1.00      1.00       455
          GK       1.00      1.00      1.00       774
          GR       0.91      0.87      0.89       437
         GRY       0.82      0.97      0.89       274
          GV       0.00      0.00      0.00         2
           O       0.00      0.00      0.00         3
           S       1.00      0.73      0.84        11
           V       0.00      0.00      0.00         1

    accuracy                           0.95      1994
   macro avg       0.64      0.55      0.57      1994
weighted avg       0.95      0.95      0.95      1994

Classification results for QuadSVM fold 5:
Area Under the Receiver Operating Characteristic Curve: 0.8954087873737477
              precision    recall  f1-score   support

           G       1.00      0.19      0.32        37
          GH       0.98      1.00      0.99       454
          GK       1.00      1.00      1.00       774
          GR       0.91      0.84      0.88       438
         GRY       0.79      0.99      0.88       274
          GV       0.00      0.00      0.00         2
           O       0.00      0.00      0.00         3
           S       1.00      0.18      0.31        11
           V       0.00      0.00      0.00         1

    accuracy                           0.94      1994
   macro avg       0.63      0.47      0.49      1994
weighted avg       0.94      0.94      0.93      1994

Classification results for QuadSVM fold 6:
Area Under the Receiver Operating Characteristic Curve: 0.9450342735696137
              precision    recall  f1-score   support

           G       1.00      0.33      0.50        36
          GH       0.99      1.00      0.99       455
          GK       0.99      1.00      1.00       774
          GR       0.92      0.84      0.87       438
         GRY       0.79      0.98      0.88       274
          GV       0.00      0.00      0.00         2
           O       0.00      0.00      0.00         3
           S       1.00      0.70      0.82        10
           V       0.00      0.00      0.00         2

    accuracy                           0.94      1994
   macro avg       0.63      0.54      0.56      1994
weighted avg       0.94      0.94      0.94      1994

Classification results for QuadSVM fold 7:
Area Under the Receiver Operating Characteristic Curve: 0.8847200326264983
              precision    recall  f1-score   support

           G       0.90      0.25      0.39        36
          GH       0.99      1.00      0.99       455
          GK       1.00      1.00      1.00       774
          GR       0.91      0.82      0.87       438
         GRY       0.78      1.00      0.88       274
          GV       0.00      0.00      0.00         2
           O       0.00      0.00      0.00         3
           S       1.00      0.60      0.75        10
           V       0.00      0.00      0.00         2

    accuracy                           0.94      1994
   macro avg       0.62      0.52      0.54      1994
weighted avg       0.94      0.94      0.94      1994

Classification results for QuadSVM fold 8:
Area Under the Receiver Operating Characteristic Curve: 0.9349454376064494
              precision    recall  f1-score   support

           G       0.88      0.39      0.54        36
          GH       0.99      1.00      0.99       455
          GK       1.00      1.00      1.00       774
          GR       0.92      0.84      0.88       438
         GRY       0.80      0.99      0.88       274
          GV       0.00      0.00      0.00         2
           O       0.00      0.00      0.00         3
           S       1.00      0.50      0.67        10
           V       0.00      0.00      0.00         2

    accuracy                           0.95      1994
   macro avg       0.62      0.52      0.55      1994
weighted avg       0.95      0.95      0.94      1994

Classification results for QuadSVM fold 9:
Area Under the Receiver Operating Characteristic Curve: 0.938034310593229
              precision    recall  f1-score   support

           G       1.00      0.28      0.43        36
          GH       0.99      1.00      0.99       455
          GK       1.00      1.00      1.00       774
          GR       0.91      0.83      0.87       438
         GRY       0.78      0.98      0.87       274
          GV       0.00      0.00      0.00         2
           O       0.00      0.00      0.00         3
           S       1.00      0.70      0.82        10
           V       0.00      0.00      0.00         2

    accuracy                           0.94      1994
   macro avg       0.63      0.53      0.55      1994
weighted avg       0.94      0.94      0.94      1994

Classification results for QuadSVM fold 10:
Area Under the Receiver Operating Characteristic Curve: 0.9550219378147398
              precision    recall  f1-score   support

           G       1.00      0.28      0.43        36
          GH       0.98      1.00      0.99       455
          GK       1.00      1.00      1.00       774
          GR       0.92      0.87      0.89       438
         GRY       0.82      0.99      0.89       274
          GV       0.00      0.00      0.00         2
           O       0.00      0.00      0.00         3
           S       1.00      0.40      0.57        10
           V       0.00      0.00      0.00         2

    accuracy                           0.95      1994
   macro avg       0.64      0.50      0.53      1994
weighted avg       0.95      0.95      0.94      1994

Classification results for KNN fold 1:
Area Under the Receiver Operating Characteristic Curve: 0.9138649877519741
              precision    recall  f1-score   support

           G       0.79      0.83      0.81        36
          GH       0.99      0.99      0.99       455
          GK       1.00      1.00      1.00       775
          GR       0.94      0.90      0.92       438
         GRY       0.86      0.91      0.88       273
          GV       0.50      0.50      0.50         2
           O       1.00      0.67      0.80         3
           S       1.00      0.82      0.90        11
           V       0.67      1.00      0.80         2

    accuracy                           0.96      1995
   macro avg       0.86      0.85      0.85      1995
weighted avg       0.96      0.96      0.96      1995

Classification results for KNN fold 2:
Area Under the Receiver Operating Characteristic Curve: 0.8369176483069941
              precision    recall  f1-score   support

           G       0.87      0.92      0.89        37
          GH       0.99      1.00      0.99       455
          GK       1.00      1.00      1.00       775
          GR       0.93      0.92      0.92       437
         GRY       0.88      0.89      0.89       274
          GV       0.00      0.00      0.00         1
           O       0.50      0.67      0.57         3
           S       0.92      1.00      0.96        11
           V       0.00      0.00      0.00         2

    accuracy                           0.96      1995
   macro avg       0.68      0.71      0.69      1995
weighted avg       0.96      0.96      0.96      1995

Classification results for KNN fold 3:
Area Under the Receiver Operating Characteristic Curve: 0.8874068875519643
              precision    recall  f1-score   support

           G       0.86      0.84      0.85        37
          GH       0.99      1.00      0.99       455
          GK       1.00      1.00      1.00       775
          GR       0.92      0.91      0.92       437
         GRY       0.87      0.89      0.88       274
          GV       0.50      1.00      0.67         1
           O       0.50      0.33      0.40         3
           S       1.00      0.73      0.84        11
           V       1.00      0.50      0.67         2

    accuracy                           0.96      1995
   macro avg       0.85      0.80      0.80      1995
weighted avg       0.96      0.96      0.96      1995

Classification results for KNN fold 4:
Area Under the Receiver Operating Characteristic Curve: 0.9230597909270837
              precision    recall  f1-score   support

           G       0.92      0.92      0.92        37
          GH       1.00      0.99      1.00       455
          GK       1.00      1.00      1.00       774
          GR       0.95      0.94      0.94       437
         GRY       0.91      0.92      0.91       274
          GV       0.00      0.00      0.00         2
           O       0.75      1.00      0.86         3
           S       0.92      1.00      0.96        11
           V       0.50      1.00      0.67         1

    accuracy                           0.97      1994
   macro avg       0.77      0.86      0.81      1994
weighted avg       0.97      0.97      0.97      1994

Classification results for KNN fold 5:
Area Under the Receiver Operating Characteristic Curve: 0.8339756330647209
              precision    recall  f1-score   support

           G       0.88      0.81      0.85        37
          GH       0.99      1.00      0.99       454
          GK       1.00      1.00      1.00       774
          GR       0.92      0.91      0.92       438
         GRY       0.86      0.88      0.87       274
          GV       0.25      0.50      0.33         2
           O       1.00      0.33      0.50         3
           S       0.83      0.91      0.87        11
           V       0.00      0.00      0.00         1

    accuracy                           0.96      1994
   macro avg       0.75      0.70      0.70      1994
weighted avg       0.96      0.96      0.96      1994

Classification results for KNN fold 6:
Area Under the Receiver Operating Characteristic Curve: 0.9127825518463999
              precision    recall  f1-score   support

           G       0.91      0.81      0.85        36
          GH       1.00      1.00      1.00       455
          GK       0.99      1.00      1.00       774
          GR       0.93      0.90      0.92       438
         GRY       0.86      0.91      0.88       274
          GV       0.00      0.00      0.00         2
           O       0.60      1.00      0.75         3
           S       1.00      1.00      1.00        10
           V       1.00      1.00      1.00         2

    accuracy                           0.96      1994
   macro avg       0.81      0.84      0.82      1994
weighted avg       0.96      0.96      0.96      1994

Classification results for KNN fold 7:
Area Under the Receiver Operating Characteristic Curve: 0.8285021062645844
              precision    recall  f1-score   support

           G       0.81      0.81      0.81        36
          GH       1.00      1.00      1.00       455
          GK       1.00      1.00      1.00       774
          GR       0.92      0.92      0.92       438
         GRY       0.89      0.91      0.90       274
          GV       0.00      0.00      0.00         2
           O       0.25      0.33      0.29         3
           S       0.89      0.80      0.84        10
           V       1.00      0.50      0.67         2

    accuracy                           0.96      1994
   macro avg       0.75      0.70      0.71      1994
weighted avg       0.96      0.96      0.96      1994

Classification results for KNN fold 8:
Area Under the Receiver Operating Characteristic Curve: 0.8855551639585736
              precision    recall  f1-score   support

           G       0.83      0.94      0.88        36
          GH       1.00      1.00      1.00       455
          GK       1.00      1.00      1.00       774
          GR       0.95      0.90      0.93       438
         GRY       0.86      0.93      0.89       274
          GV       0.00      0.00      0.00         2
           O       1.00      1.00      1.00         3
           S       0.90      0.90      0.90        10
           V       0.33      0.50      0.40         2

    accuracy                           0.96      1994
   macro avg       0.76      0.80      0.78      1994
weighted avg       0.96      0.96      0.96      1994

Classification results for KNN fold 9:
Area Under the Receiver Operating Characteristic Curve: 0.9469845918338569
              precision    recall  f1-score   support

           G       0.97      0.83      0.90        36
          GH       1.00      1.00      1.00       455
          GK       1.00      1.00      1.00       774
          GR       0.94      0.90      0.92       438
         GRY       0.85      0.92      0.88       274
          GV       0.50      0.50      0.50         2
           O       1.00      1.00      1.00         3
           S       1.00      1.00      1.00        10
           V       0.67      1.00      0.80         2

    accuracy                           0.96      1994
   macro avg       0.88      0.91      0.89      1994
weighted avg       0.96      0.96      0.96      1994

Classification results for KNN fold 10:
Area Under the Receiver Operating Characteristic Curve: 0.8211932385555066
              precision    recall  f1-score   support

           G       0.82      0.86      0.84        36
          GH       1.00      1.00      1.00       455
          GK       1.00      1.00      1.00       774
          GR       0.92      0.93      0.93       438
         GRY       0.90      0.88      0.89       274
          GV       0.00      0.00      0.00         2
           O       0.40      0.67      0.50         3
           S       0.80      0.80      0.80        10
           V       0.00      0.00      0.00         2

    accuracy                           0.96      1994
   macro avg       0.65      0.68      0.66      1994
weighted avg       0.96      0.96      0.96      1994

CGR G: cgr_k=7_Canada_ON-PHL-0976_2020.npy
CGR GK: cgr_k=7_Canada_ON-PHL-21-12111_2021.npy
CGR O: cgr_k=7_Canada_ON-PHL-3917_2020.npy
CGR GV: cgr_k=7_Canada_ON-PHL-20-02301_2020.npy
CGR GR: cgr_k=7_Canada_ON-PHL-3695_2020.npy
CGR GRY: cgr_k=7_Canada_ON-S2495_2021.npy
CGR GH: cgr_k=7_Canada_ON-PHL-0743_2020.npy
CGR S: cgr_k=7_Canada_ON-PHL-0052_2020.npy
CGR V: cgr_k=7_Canada_ON-OICR-SLB2787_2020.npy

10X cross validation classifier accuracies:
	LinearDiscriminant: 0.969279868276308
	LinearSVM: 0.9392404079899357
	QuadSVM: 0.5198327108200618
	KNN: 0.7849320177887394