Run_name: Ontario_epochs_3
Method: Chaos Game Representation (CGR)
kmer: 7
Median seq length: 29769.0 Shortest sequence: 29464 Longest sequence: 29903
Dataset size: 24249
Class sizes:
0:584, 1:2256, 2:4443, 3:12864, 4:4102, 
Classification results for LinearDiscriminant fold 1:
Area Under the Receiver Operating Characteristic Curve: 0.9882848151007095
              precision    recall  f1-score   support

           0       0.75      0.80      0.77        59
           1       0.92      0.92      0.92       225
           2       0.93      0.93      0.93       445
           3       0.95      0.96      0.96      1286
           4       0.94      0.90      0.92       410

    accuracy                           0.94      2425
   macro avg       0.90      0.90      0.90      2425
weighted avg       0.94      0.94      0.94      2425

Classification results for LinearDiscriminant fold 2:
Area Under the Receiver Operating Characteristic Curve: 0.9895989257698463
              precision    recall  f1-score   support

           0       0.71      0.71      0.71        59
           1       0.90      0.91      0.90       225
           2       0.93      0.95      0.94       445
           3       0.96      0.96      0.96      1286
           4       0.94      0.92      0.93       410

    accuracy                           0.94      2425
   macro avg       0.89      0.89      0.89      2425
weighted avg       0.94      0.94      0.94      2425

Classification results for LinearDiscriminant fold 3:
Area Under the Receiver Operating Characteristic Curve: 0.9892526436844336
              precision    recall  f1-score   support

           0       0.75      0.86      0.80        59
           1       0.95      0.92      0.93       225
           2       0.92      0.96      0.94       445
           3       0.95      0.96      0.95      1286
           4       0.93      0.87      0.90       410

    accuracy                           0.94      2425
   macro avg       0.90      0.91      0.91      2425
weighted avg       0.94      0.94      0.94      2425

Classification results for LinearDiscriminant fold 4:
Area Under the Receiver Operating Characteristic Curve: 0.9841571622177175
              precision    recall  f1-score   support

           0       0.59      0.78      0.67        59
           1       0.91      0.85      0.88       225
           2       0.93      0.96      0.95       444
           3       0.96      0.96      0.96      1287
           4       0.93      0.91      0.92       410

    accuracy                           0.93      2425
   macro avg       0.86      0.89      0.87      2425
weighted avg       0.94      0.93      0.93      2425

Classification results for LinearDiscriminant fold 5:
Area Under the Receiver Operating Characteristic Curve: 0.9890091569043585
              precision    recall  f1-score   support

           0       0.69      0.86      0.77        58
           1       0.94      0.90      0.92       226
           2       0.92      0.95      0.94       444
           3       0.96      0.95      0.95      1287
           4       0.93      0.90      0.92       410

    accuracy                           0.94      2425
   macro avg       0.89      0.92      0.90      2425
weighted avg       0.94      0.94      0.94      2425

Classification results for LinearDiscriminant fold 6:
Area Under the Receiver Operating Characteristic Curve: 0.9848588215285055
              precision    recall  f1-score   support

           0       0.57      0.72      0.64        58
           1       0.90      0.84      0.87       226
           2       0.94      0.95      0.95       444
           3       0.96      0.97      0.96      1287
           4       0.94      0.91      0.92       410

    accuracy                           0.94      2425
   macro avg       0.86      0.88      0.87      2425
weighted avg       0.94      0.94      0.94      2425

Classification results for LinearDiscriminant fold 7:
Area Under the Receiver Operating Characteristic Curve: 0.984115551454353
              precision    recall  f1-score   support

           0       0.69      0.72      0.71        58
           1       0.91      0.89      0.90       226
           2       0.93      0.93      0.93       444
           3       0.94      0.97      0.96      1287
           4       0.95      0.88      0.91       410

    accuracy                           0.93      2425
   macro avg       0.88      0.88      0.88      2425
weighted avg       0.93      0.93      0.93      2425

Classification results for LinearDiscriminant fold 8:
Area Under the Receiver Operating Characteristic Curve: 0.9857132915123623
              precision    recall  f1-score   support

           0       0.64      0.76      0.69        58
           1       0.91      0.88      0.90       226
           2       0.94      0.94      0.94       444
           3       0.95      0.96      0.96      1286
           4       0.93      0.90      0.91       411

    accuracy                           0.93      2425
   macro avg       0.87      0.89      0.88      2425
weighted avg       0.93      0.93      0.93      2425

Classification results for LinearDiscriminant fold 9:
Area Under the Receiver Operating Characteristic Curve: 0.985442900123096
              precision    recall  f1-score   support

           0       0.69      0.76      0.72        58
           1       0.92      0.90      0.91       226
           2       0.92      0.95      0.94       444
           3       0.95      0.96      0.96      1286
           4       0.94      0.89      0.92       411

    accuracy                           0.94      2425
   macro avg       0.89      0.89      0.89      2425
weighted avg       0.94      0.94      0.94      2425

Classification results for LinearDiscriminant fold 10:
Area Under the Receiver Operating Characteristic Curve: 0.9895374883982113
              precision    recall  f1-score   support

           0       0.75      0.72      0.74        58
           1       0.91      0.93      0.92       226
           2       0.94      0.95      0.94       444
           3       0.96      0.97      0.96      1286
           4       0.94      0.91      0.93       410

    accuracy                           0.94      2424
   macro avg       0.90      0.90      0.90      2424
weighted avg       0.94      0.94      0.94      2424

Classification results for LinearSVM fold 1:
Area Under the Receiver Operating Characteristic Curve: 0.9871713005733159
              precision    recall  f1-score   support

           0       0.69      0.69      0.69        59
           1       0.89      0.90      0.90       225
           2       0.94      0.93      0.93       445
           3       0.95      0.96      0.96      1286
           4       0.94      0.92      0.93       410

    accuracy                           0.94      2425
   macro avg       0.88      0.88      0.88      2425
weighted avg       0.94      0.94      0.94      2425

Classification results for LinearSVM fold 2:
Area Under the Receiver Operating Characteristic Curve: 0.9862010897509983
              precision    recall  f1-score   support

           0       0.72      0.56      0.63        59
           1       0.87      0.92      0.89       225
           2       0.93      0.94      0.94       445
           3       0.96      0.96      0.96      1286
           4       0.94      0.91      0.92       410

    accuracy                           0.93      2425
   macro avg       0.88      0.86      0.87      2425
weighted avg       0.93      0.93      0.93      2425

Classification results for LinearSVM fold 3:
Area Under the Receiver Operating Characteristic Curve: 0.9853231377023208
              precision    recall  f1-score   support

           0       0.81      0.78      0.79        59
           1       0.93      0.93      0.93       225
           2       0.93      0.94      0.93       445
           3       0.95      0.96      0.96      1286
           4       0.94      0.90      0.92       410

    accuracy                           0.94      2425
   macro avg       0.91      0.90      0.91      2425
weighted avg       0.94      0.94      0.94      2425

Classification results for LinearSVM fold 4:
Area Under the Receiver Operating Characteristic Curve: 0.9862345954959431
              precision    recall  f1-score   support

           0       0.62      0.63      0.62        59
           1       0.88      0.87      0.87       225
           2       0.93      0.95      0.94       444
           3       0.96      0.95      0.96      1287
           4       0.92      0.92      0.92       410

    accuracy                           0.93      2425
   macro avg       0.86      0.86      0.86      2425
weighted avg       0.93      0.93      0.93      2425

Classification results for LinearSVM fold 5:
Area Under the Receiver Operating Characteristic Curve: 0.9887730806429869
              precision    recall  f1-score   support

           0       0.78      0.78      0.78        58
           1       0.91      0.93      0.92       226
           2       0.94      0.94      0.94       444
           3       0.96      0.96      0.96      1287
           4       0.94      0.91      0.92       410

    accuracy                           0.94      2425
   macro avg       0.91      0.91      0.91      2425
weighted avg       0.94      0.94      0.94      2425

Classification results for LinearSVM fold 6:
Area Under the Receiver Operating Characteristic Curve: 0.9826190923388316
              precision    recall  f1-score   support

           0       0.66      0.67      0.67        58
           1       0.89      0.87      0.88       226
           2       0.94      0.95      0.94       444
           3       0.96      0.97      0.96      1287
           4       0.95      0.90      0.93       410

    accuracy                           0.94      2425
   macro avg       0.88      0.87      0.88      2425
weighted avg       0.94      0.94      0.94      2425

Classification results for LinearSVM fold 7:
Area Under the Receiver Operating Characteristic Curve: 0.9839116144111324
              precision    recall  f1-score   support

           0       0.76      0.71      0.73        58
           1       0.91      0.92      0.92       226
           2       0.95      0.93      0.94       444
           3       0.95      0.97      0.96      1287
           4       0.95      0.90      0.93       410

    accuracy                           0.94      2425
   macro avg       0.90      0.89      0.90      2425
weighted avg       0.94      0.94      0.94      2425

Classification results for LinearSVM fold 8:
Area Under the Receiver Operating Characteristic Curve: 0.9850099307373744
              precision    recall  f1-score   support

           0       0.75      0.71      0.73        58
           1       0.91      0.90      0.91       226
           2       0.92      0.93      0.92       444
           3       0.94      0.96      0.95      1286
           4       0.95      0.87      0.91       411

    accuracy                           0.93      2425
   macro avg       0.89      0.87      0.88      2425
weighted avg       0.93      0.93      0.93      2425

Classification results for LinearSVM fold 9:
Area Under the Receiver Operating Characteristic Curve: 0.982464275583092
              precision    recall  f1-score   support

           0       0.75      0.62      0.68        58
           1       0.90      0.92      0.91       226
           2       0.93      0.93      0.93       444
           3       0.96      0.96      0.96      1286
           4       0.93      0.92      0.93       411

    accuracy                           0.94      2425
   macro avg       0.89      0.87      0.88      2425
weighted avg       0.94      0.94      0.94      2425

Classification results for LinearSVM fold 10:
Area Under the Receiver Operating Characteristic Curve: 0.9877989108190455
              precision    recall  f1-score   support

           0       0.75      0.62      0.68        58
           1       0.90      0.94      0.92       226
           2       0.95      0.94      0.95       444
           3       0.96      0.97      0.96      1286
           4       0.95      0.92      0.94       410

    accuracy                           0.95      2424
   macro avg       0.90      0.88      0.89      2424
weighted avg       0.95      0.95      0.95      2424

Classification results for QuadSVM fold 1:
Area Under the Receiver Operating Characteristic Curve: 0.9621456569201783
              precision    recall  f1-score   support

           0       0.00      0.00      0.00        59
           1       0.74      0.85      0.79       225
           2       0.78      0.89      0.83       445
           3       0.90      0.89      0.89      1286
           4       0.81      0.78      0.79       410

    accuracy                           0.84      2425
   macro avg       0.65      0.68      0.66      2425
weighted avg       0.83      0.84      0.83      2425

Classification results for QuadSVM fold 2:
Area Under the Receiver Operating Characteristic Curve: 0.9572294916529472
              precision    recall  f1-score   support

           0       0.00      0.00      0.00        59
           1       0.73      0.83      0.78       225
           2       0.77      0.90      0.83       445
           3       0.90      0.88      0.89      1286
           4       0.81      0.78      0.80       410

    accuracy                           0.84      2425
   macro avg       0.64      0.68      0.66      2425
weighted avg       0.82      0.84      0.83      2425

Classification results for QuadSVM fold 3:
Area Under the Receiver Operating Characteristic Curve: 0.9535720036525532
              precision    recall  f1-score   support

           0       0.00      0.00      0.00        59
           1       0.76      0.84      0.80       225
           2       0.74      0.85      0.79       445
           3       0.89      0.89      0.89      1286
           4       0.84      0.78      0.81       410

    accuracy                           0.84      2425
   macro avg       0.65      0.67      0.66      2425
weighted avg       0.82      0.84      0.83      2425

Classification results for QuadSVM fold 4:
Area Under the Receiver Operating Characteristic Curve: 0.9595447999247572
              precision    recall  f1-score   support

           0       0.00      0.00      0.00        59
           1       0.76      0.86      0.81       225
           2       0.78      0.91      0.84       444
           3       0.91      0.88      0.90      1287
           4       0.82      0.81      0.81       410

    accuracy                           0.85      2425
   macro avg       0.65      0.69      0.67      2425
weighted avg       0.84      0.85      0.84      2425

Classification results for QuadSVM fold 5:
Area Under the Receiver Operating Characteristic Curve: 0.9638022665251429
              precision    recall  f1-score   support

           0       0.00      0.00      0.00        58
           1       0.75      0.84      0.79       226
           2       0.78      0.89      0.83       444
           3       0.90      0.89      0.90      1287
           4       0.82      0.80      0.81       410

    accuracy                           0.85      2425
   macro avg       0.65      0.68      0.67      2425
weighted avg       0.83      0.85      0.84      2425

Classification results for QuadSVM fold 6:
Area Under the Receiver Operating Characteristic Curve: 0.9534550425384548
              precision    recall  f1-score   support

           0       0.00      0.00      0.00        58
           1       0.73      0.85      0.78       226
           2       0.79      0.87      0.83       444
           3       0.89      0.89      0.89      1287
           4       0.80      0.76      0.78       410

    accuracy                           0.84      2425
   macro avg       0.64      0.67      0.66      2425
weighted avg       0.82      0.84      0.83      2425

Classification results for QuadSVM fold 7:
Area Under the Receiver Operating Characteristic Curve: 0.9567280161912837
              precision    recall  f1-score   support

           0       0.00      0.00      0.00        58
           1       0.74      0.86      0.80       226
           2       0.79      0.88      0.83       444
           3       0.89      0.89      0.89      1287
           4       0.81      0.76      0.78       410

    accuracy                           0.84      2425
   macro avg       0.65      0.68      0.66      2425
weighted avg       0.82      0.84      0.83      2425

Classification results for QuadSVM fold 8:
Area Under the Receiver Operating Characteristic Curve: 0.954217818477429
              precision    recall  f1-score   support

           0       0.00      0.00      0.00        58
           1       0.76      0.83      0.79       226
           2       0.76      0.85      0.80       444
           3       0.89      0.89      0.89      1286
           4       0.81      0.78      0.80       411

    accuracy                           0.84      2425
   macro avg       0.64      0.67      0.66      2425
weighted avg       0.82      0.84      0.83      2425

Classification results for QuadSVM fold 9:
Area Under the Receiver Operating Characteristic Curve: 0.9495758494722443
              precision    recall  f1-score   support

           0       0.00      0.00      0.00        58
           1       0.74      0.81      0.77       226
           2       0.77      0.88      0.82       444
           3       0.89      0.89      0.89      1286
           4       0.81      0.77      0.79       411

    accuracy                           0.84      2425
   macro avg       0.64      0.67      0.66      2425
weighted avg       0.82      0.84      0.83      2425

Classification results for QuadSVM fold 10:
Area Under the Receiver Operating Characteristic Curve: 0.9550352076473979
              precision    recall  f1-score   support

           0       0.00      0.00      0.00        58
           1       0.74      0.82      0.78       226
           2       0.77      0.90      0.83       444
           3       0.91      0.88      0.90      1286
           4       0.80      0.81      0.80       410

    accuracy                           0.84      2424
   macro avg       0.64      0.68      0.66      2424
weighted avg       0.83      0.84      0.84      2424

Classification results for KNN fold 1:
Area Under the Receiver Operating Characteristic Curve: 0.888737841652793
              precision    recall  f1-score   support

           0       0.60      0.56      0.58        59
           1       0.84      0.84      0.84       225
           2       0.87      0.89      0.88       445
           3       0.94      0.93      0.93      1286
           4       0.89      0.90      0.89       410

    accuracy                           0.90      2425
   macro avg       0.83      0.82      0.82      2425
weighted avg       0.90      0.90      0.90      2425

Classification results for KNN fold 2:
Area Under the Receiver Operating Characteristic Curve: 0.8734275873004986
              precision    recall  f1-score   support

           0       0.50      0.44      0.47        59
           1       0.80      0.80      0.80       225
           2       0.88      0.90      0.89       445
           3       0.95      0.93      0.94      1286
           4       0.88      0.92      0.90       410

    accuracy                           0.90      2425
   macro avg       0.80      0.80      0.80      2425
weighted avg       0.90      0.90      0.90      2425

Classification results for KNN fold 3:
Area Under the Receiver Operating Characteristic Curve: 0.8949920974060565
              precision    recall  f1-score   support

           0       0.67      0.61      0.64        59
           1       0.87      0.86      0.87       225
           2       0.86      0.89      0.88       445
           3       0.93      0.92      0.93      1286
           4       0.87      0.87      0.87       410

    accuracy                           0.90      2425
   macro avg       0.84      0.83      0.84      2425
weighted avg       0.90      0.90      0.90      2425

Classification results for KNN fold 4:
Area Under the Receiver Operating Characteristic Curve: 0.8830687749884731
              precision    recall  f1-score   support

           0       0.55      0.51      0.53        59
           1       0.82      0.81      0.82       225
           2       0.85      0.90      0.88       444
           3       0.95      0.92      0.93      1287
           4       0.88      0.92      0.90       410

    accuracy                           0.90      2425
   macro avg       0.81      0.81      0.81      2425
weighted avg       0.90      0.90      0.90      2425

Classification results for KNN fold 5:
Area Under the Receiver Operating Characteristic Curve: 0.8949345900545875
              precision    recall  f1-score   support

           0       0.63      0.59      0.61        58
           1       0.85      0.85      0.85       226
           2       0.88      0.91      0.89       444
           3       0.94      0.92      0.93      1287
           4       0.86      0.90      0.88       410

    accuracy                           0.90      2425
   macro avg       0.83      0.83      0.83      2425
weighted avg       0.90      0.90      0.90      2425

Classification results for KNN fold 6:
Area Under the Receiver Operating Characteristic Curve: 0.8851004292163387
              precision    recall  f1-score   support

           0       0.57      0.57      0.57        58
           1       0.82      0.82      0.82       226
           2       0.87      0.89      0.88       444
           3       0.93      0.93      0.93      1287
           4       0.89      0.88      0.88       410

    accuracy                           0.89      2425
   macro avg       0.82      0.82      0.82      2425
weighted avg       0.89      0.89      0.89      2425

Classification results for KNN fold 7:
Area Under the Receiver Operating Characteristic Curve: 0.887100459092568
              precision    recall  f1-score   support

           0       0.58      0.52      0.55        58
           1       0.84      0.86      0.85       226
           2       0.90      0.89      0.89       444
           3       0.93      0.94      0.94      1287
           4       0.90      0.89      0.89       410

    accuracy                           0.91      2425
   macro avg       0.83      0.82      0.82      2425
weighted avg       0.90      0.91      0.90      2425

Classification results for KNN fold 8:
Area Under the Receiver Operating Characteristic Curve: 0.8841505624444774
              precision    recall  f1-score   support

           0       0.65      0.52      0.58        58
           1       0.83      0.88      0.85       226
           2       0.89      0.88      0.88       444
           3       0.93      0.93      0.93      1286
           4       0.87      0.87      0.87       411

    accuracy                           0.90      2425
   macro avg       0.83      0.81      0.82      2425
weighted avg       0.90      0.90      0.90      2425

Classification results for KNN fold 9:
Area Under the Receiver Operating Characteristic Curve: 0.8781882103209473
              precision    recall  f1-score   support

           0       0.56      0.48      0.52        58
           1       0.82      0.83      0.83       226
           2       0.87      0.89      0.88       444
           3       0.94      0.93      0.93      1286
           4       0.88      0.90      0.89       411

    accuracy                           0.90      2425
   macro avg       0.81      0.81      0.81      2425
weighted avg       0.89      0.90      0.90      2425

Classification results for KNN fold 10:
Area Under the Receiver Operating Characteristic Curve: 0.8819050820950155
              precision    recall  f1-score   support

           0       0.68      0.48      0.57        58
           1       0.82      0.88      0.85       226
           2       0.85      0.86      0.85       444
           3       0.93      0.92      0.93      1286
           4       0.88      0.91      0.90       410

    accuracy                           0.89      2424
   macro avg       0.83      0.81      0.82      2424
weighted avg       0.89      0.89      0.89      2424

CGR 2: cgr_k=7_Canada_ON-UHTC_0335_2020.npy
CGR 3: cgr_k=7_Canada_ON-PHL-21-06822_2021.npy
CGR 1: cgr_k=7_Canada_ON-UHTC_0043_2020.npy
CGR 0: cgr_k=7_Canada_ON-PHL-3917_2020.npy
CGR 4: cgr_k=7_Canada_ON-SHL-21-01481_2021.npy

10X cross validation classifier balanced accuracies:
	LinearDiscriminant: 0.8945002315181314
	LinearSVM: 0.8794619328756326
	QuadSVM: 0.6781046134452614
	KNN: 0.8162569015314809