Run_name: Mammalia
Method: Chaos Game Representation (CGR)
kmer: 7
Median seq length: 16537.0 Shortest sequence: 15289 Longest sequence: 17734
Dataset size: 830
Class sizes:
Insectivores:40, Even-toed Ungulates:242, Carnivores:135, Primates:148, Rodents and Rabbits:147, Marsupials:34, Bats:54, Xenarthrans:30, 
Classification results for LinearDiscriminant fold 1:
                     precision    recall  f1-score   support

               Bats       0.40      0.40      0.40         5
         Carnivores       0.75      0.23      0.35        13
Even-toed Ungulates       0.76      0.76      0.76        25
       Insectivores       0.05      0.25      0.09         4
         Marsupials       0.00      0.00      0.00         3
           Primates       0.71      0.33      0.45        15
Rodents and Rabbits       0.38      0.53      0.44        15
        Xenarthrans       0.00      0.00      0.00         3

           accuracy                           0.46        83
          macro avg       0.38      0.31      0.31        83
       weighted avg       0.57      0.46      0.47        83

Classification results for LinearDiscriminant fold 2:
                     precision    recall  f1-score   support

               Bats       0.50      0.20      0.29         5
         Carnivores       0.57      0.31      0.40        13
Even-toed Ungulates       0.85      0.68      0.76        25
       Insectivores       0.00      0.00      0.00         4
         Marsupials       0.21      1.00      0.35         3
           Primates       0.78      0.47      0.58        15
Rodents and Rabbits       0.62      0.87      0.72        15
        Xenarthrans       0.29      0.67      0.40         3

           accuracy                           0.57        83
          macro avg       0.48      0.52      0.44        83
       weighted avg       0.65      0.57      0.57        83

Classification results for LinearDiscriminant fold 3:
                     precision    recall  f1-score   support

               Bats       0.00      0.00      0.00         5
         Carnivores       0.30      0.64      0.41        14
Even-toed Ungulates       0.68      0.54      0.60        24
       Insectivores       0.33      0.50      0.40         4
         Marsupials       0.00      0.00      0.00         4
           Primates       0.80      0.27      0.40        15
Rodents and Rabbits       0.31      0.36      0.33        14
        Xenarthrans       0.50      0.33      0.40         3

           accuracy                           0.41        83
          macro avg       0.37      0.33      0.32        83
       weighted avg       0.48      0.41      0.41        83

Classification results for LinearDiscriminant fold 4:
                     precision    recall  f1-score   support

               Bats       0.00      0.00      0.00         5
         Carnivores       0.57      0.86      0.69        14
Even-toed Ungulates       0.52      0.62      0.57        24
       Insectivores       0.06      0.25      0.10         4
         Marsupials       0.00      0.00      0.00         4
           Primates       0.71      0.33      0.45        15
Rodents and Rabbits       0.50      0.14      0.22        14
        Xenarthrans       0.00      0.00      0.00         3

           accuracy                           0.42        83
          macro avg       0.30      0.28      0.25        83
       weighted avg       0.46      0.42      0.40        83

Classification results for LinearDiscriminant fold 5:
                     precision    recall  f1-score   support

               Bats       0.00      0.00      0.00         5
         Carnivores       0.62      0.36      0.45        14
Even-toed Ungulates       0.74      0.71      0.72        24
       Insectivores       0.25      0.75      0.38         4
         Marsupials       0.12      0.25      0.17         4
           Primates       0.58      0.47      0.52        15
Rodents and Rabbits       0.50      0.21      0.30        14
        Xenarthrans       0.21      1.00      0.35         3

           accuracy                           0.47        83
          macro avg       0.38      0.47      0.36        83
       weighted avg       0.53      0.47      0.47        83

Classification results for LinearDiscriminant fold 6:
                     precision    recall  f1-score   support

               Bats       0.17      0.20      0.18         5
         Carnivores       0.52      0.79      0.63        14
Even-toed Ungulates       0.60      0.75      0.67        24
       Insectivores       0.00      0.00      0.00         4
         Marsupials       0.50      0.50      0.50         4
           Primates       0.83      0.36      0.50        14
Rodents and Rabbits       0.60      0.40      0.48        15
        Xenarthrans       0.50      0.33      0.40         3

           accuracy                           0.53        83
          macro avg       0.47      0.42      0.42        83
       weighted avg       0.56      0.53      0.52        83

Classification results for LinearDiscriminant fold 7:
                     precision    recall  f1-score   support

               Bats       0.44      0.67      0.53         6
         Carnivores       1.00      0.57      0.73        14
Even-toed Ungulates       0.80      0.83      0.82        24
       Insectivores       1.00      0.50      0.67         4
         Marsupials       0.33      0.67      0.44         3
           Primates       0.58      0.50      0.54        14
Rodents and Rabbits       0.53      0.60      0.56        15
        Xenarthrans       0.75      1.00      0.86         3

           accuracy                           0.66        83
          macro avg       0.68      0.67      0.64        83
       weighted avg       0.71      0.66      0.67        83

Classification results for LinearDiscriminant fold 8:
                     precision    recall  f1-score   support

               Bats       0.43      0.50      0.46         6
         Carnivores       0.73      0.62      0.67        13
Even-toed Ungulates       0.87      0.83      0.85        24
       Insectivores       0.40      0.50      0.44         4
         Marsupials       0.33      0.33      0.33         3
           Primates       0.71      0.67      0.69        15
Rodents and Rabbits       0.62      0.67      0.65        15
        Xenarthrans       0.50      0.67      0.57         3

           accuracy                           0.67        83
          macro avg       0.57      0.60      0.58        83
       weighted avg       0.69      0.67      0.68        83

Classification results for LinearDiscriminant fold 9:
                     precision    recall  f1-score   support

               Bats       0.00      0.00      0.00         6
         Carnivores       0.50      0.23      0.32        13
Even-toed Ungulates       0.71      0.62      0.67        24
       Insectivores       0.00      0.00      0.00         4
         Marsupials       0.10      0.67      0.17         3
           Primates       0.70      0.47      0.56        15
Rodents and Rabbits       0.50      0.53      0.52        15
        Xenarthrans       0.00      0.00      0.00         3

           accuracy                           0.42        83
          macro avg       0.31      0.32      0.28        83
       weighted avg       0.51      0.42      0.44        83

Classification results for LinearDiscriminant fold 10:
                     precision    recall  f1-score   support

               Bats       0.25      0.17      0.20         6
         Carnivores       0.36      0.31      0.33        13
Even-toed Ungulates       0.79      0.46      0.58        24
       Insectivores       1.00      0.25      0.40         4
         Marsupials       0.00      0.00      0.00         3
           Primates       0.83      0.33      0.48        15
Rodents and Rabbits       0.35      0.60      0.44        15
        Xenarthrans       0.00      0.00      0.00         3

           accuracy                           0.37        83
          macro avg       0.45      0.26      0.30        83
       weighted avg       0.56      0.37      0.42        83

Classification results for LinearSVM fold 1:
                     precision    recall  f1-score   support

               Bats       0.83      1.00      0.91         5
         Carnivores       1.00      1.00      1.00        13
Even-toed Ungulates       1.00      1.00      1.00        25
       Insectivores       1.00      1.00      1.00         4
         Marsupials       1.00      1.00      1.00         3
           Primates       1.00      0.93      0.97        15
Rodents and Rabbits       0.93      0.93      0.93        15
        Xenarthrans       1.00      1.00      1.00         3

           accuracy                           0.98        83
          macro avg       0.97      0.98      0.98        83
       weighted avg       0.98      0.98      0.98        83

Classification results for LinearSVM fold 2:
                     precision    recall  f1-score   support

               Bats       1.00      0.80      0.89         5
         Carnivores       1.00      1.00      1.00        13
Even-toed Ungulates       1.00      1.00      1.00        25
       Insectivores       0.80      1.00      0.89         4
         Marsupials       1.00      1.00      1.00         3
           Primates       1.00      1.00      1.00        15
Rodents and Rabbits       1.00      1.00      1.00        15
        Xenarthrans       1.00      1.00      1.00         3

           accuracy                           0.99        83
          macro avg       0.97      0.97      0.97        83
       weighted avg       0.99      0.99      0.99        83

Classification results for LinearSVM fold 3:
                     precision    recall  f1-score   support

               Bats       1.00      0.80      0.89         5
         Carnivores       0.93      1.00      0.97        14
Even-toed Ungulates       1.00      1.00      1.00        24
       Insectivores       1.00      1.00      1.00         4
         Marsupials       1.00      1.00      1.00         4
           Primates       1.00      1.00      1.00        15
Rodents and Rabbits       1.00      1.00      1.00        14
        Xenarthrans       1.00      1.00      1.00         3

           accuracy                           0.99        83
          macro avg       0.99      0.97      0.98        83
       weighted avg       0.99      0.99      0.99        83

Classification results for LinearSVM fold 4:
                     precision    recall  f1-score   support

               Bats       0.80      0.80      0.80         5
         Carnivores       1.00      1.00      1.00        14
Even-toed Ungulates       1.00      1.00      1.00        24
       Insectivores       0.67      1.00      0.80         4
         Marsupials       1.00      1.00      1.00         4
           Primates       1.00      1.00      1.00        15
Rodents and Rabbits       1.00      0.93      0.96        14
        Xenarthrans       1.00      0.67      0.80         3

           accuracy                           0.96        83
          macro avg       0.93      0.92      0.92        83
       weighted avg       0.97      0.96      0.96        83

Classification results for LinearSVM fold 5:
                     precision    recall  f1-score   support

               Bats       0.83      1.00      0.91         5
         Carnivores       1.00      1.00      1.00        14
Even-toed Ungulates       1.00      1.00      1.00        24
       Insectivores       1.00      1.00      1.00         4
         Marsupials       1.00      1.00      1.00         4
           Primates       1.00      1.00      1.00        15
Rodents and Rabbits       1.00      0.93      0.96        14
        Xenarthrans       1.00      1.00      1.00         3

           accuracy                           0.99        83
          macro avg       0.98      0.99      0.98        83
       weighted avg       0.99      0.99      0.99        83

Classification results for LinearSVM fold 6:
                     precision    recall  f1-score   support

               Bats       1.00      1.00      1.00         5
         Carnivores       1.00      1.00      1.00        14
Even-toed Ungulates       1.00      1.00      1.00        24
       Insectivores       1.00      1.00      1.00         4
         Marsupials       1.00      1.00      1.00         4
           Primates       1.00      1.00      1.00        14
Rodents and Rabbits       1.00      1.00      1.00        15
        Xenarthrans       1.00      1.00      1.00         3

           accuracy                           1.00        83
          macro avg       1.00      1.00      1.00        83
       weighted avg       1.00      1.00      1.00        83

Classification results for LinearSVM fold 7:
                     precision    recall  f1-score   support

               Bats       0.86      1.00      0.92         6
         Carnivores       1.00      0.93      0.96        14
Even-toed Ungulates       1.00      1.00      1.00        24
       Insectivores       0.60      0.75      0.67         4
         Marsupials       1.00      1.00      1.00         3
           Primates       1.00      0.93      0.96        14
Rodents and Rabbits       1.00      1.00      1.00        15
        Xenarthrans       1.00      1.00      1.00         3

           accuracy                           0.96        83
          macro avg       0.93      0.95      0.94        83
       weighted avg       0.97      0.96      0.97        83

Classification results for LinearSVM fold 8:
                     precision    recall  f1-score   support

               Bats       1.00      1.00      1.00         6
         Carnivores       1.00      1.00      1.00        13
Even-toed Ungulates       1.00      1.00      1.00        24
       Insectivores       1.00      1.00      1.00         4
         Marsupials       1.00      1.00      1.00         3
           Primates       0.94      1.00      0.97        15
Rodents and Rabbits       1.00      1.00      1.00        15
        Xenarthrans       1.00      0.67      0.80         3

           accuracy                           0.99        83
          macro avg       0.99      0.96      0.97        83
       weighted avg       0.99      0.99      0.99        83

Classification results for LinearSVM fold 9:
                     precision    recall  f1-score   support

               Bats       1.00      1.00      1.00         6
         Carnivores       1.00      1.00      1.00        13
Even-toed Ungulates       1.00      1.00      1.00        24
       Insectivores       1.00      1.00      1.00         4
         Marsupials       1.00      1.00      1.00         3
           Primates       1.00      1.00      1.00        15
Rodents and Rabbits       1.00      1.00      1.00        15
        Xenarthrans       1.00      1.00      1.00         3

           accuracy                           1.00        83
          macro avg       1.00      1.00      1.00        83
       weighted avg       1.00      1.00      1.00        83

Classification results for LinearSVM fold 10:
                     precision    recall  f1-score   support

               Bats       0.75      1.00      0.86         6
         Carnivores       1.00      1.00      1.00        13
Even-toed Ungulates       1.00      1.00      1.00        24
       Insectivores       1.00      0.75      0.86         4
         Marsupials       1.00      1.00      1.00         3
           Primates       1.00      1.00      1.00        15
Rodents and Rabbits       1.00      1.00      1.00        15
        Xenarthrans       1.00      0.67      0.80         3

           accuracy                           0.98        83
          macro avg       0.97      0.93      0.94        83
       weighted avg       0.98      0.98      0.98        83

Classification results for QuadSVM fold 1:
                     precision    recall  f1-score   support

               Bats       0.67      0.40      0.50         5
         Carnivores       1.00      0.69      0.82        13
Even-toed Ungulates       1.00      0.84      0.91        25
       Insectivores       1.00      0.25      0.40         4
         Marsupials       1.00      0.33      0.50         3
           Primates       0.60      0.80      0.69        15
Rodents and Rabbits       0.50      0.93      0.65        15
        Xenarthrans       0.00      0.00      0.00         3

           accuracy                           0.72        83
          macro avg       0.72      0.53      0.56        83
       weighted avg       0.78      0.72      0.71        83

Classification results for QuadSVM fold 2:
                     precision    recall  f1-score   support

               Bats       1.00      0.60      0.75         5
         Carnivores       0.89      0.62      0.73        13
Even-toed Ungulates       0.96      1.00      0.98        25
       Insectivores       0.75      0.75      0.75         4
         Marsupials       0.00      0.00      0.00         3
           Primates       0.62      0.87      0.72        15
Rodents and Rabbits       0.53      0.67      0.59        15
        Xenarthrans       0.00      0.00      0.00         3

           accuracy                           0.75        83
          macro avg       0.59      0.56      0.56        83
       weighted avg       0.73      0.75      0.73        83

Classification results for QuadSVM fold 3:
                     precision    recall  f1-score   support

               Bats       1.00      0.20      0.33         5
         Carnivores       0.79      0.79      0.79        14
Even-toed Ungulates       0.95      0.88      0.91        24
       Insectivores       1.00      1.00      1.00         4
         Marsupials       0.00      0.00      0.00         4
           Primates       0.57      0.80      0.67        15
Rodents and Rabbits       0.45      0.64      0.53        14
        Xenarthrans       0.00      0.00      0.00         3

           accuracy                           0.70        83
          macro avg       0.60      0.54      0.53        83
       weighted avg       0.70      0.70      0.67        83

Classification results for QuadSVM fold 4:
                     precision    recall  f1-score   support

               Bats       1.00      0.20      0.33         5
         Carnivores       0.77      0.71      0.74        14
Even-toed Ungulates       0.95      0.88      0.91        24
       Insectivores       0.50      0.25      0.33         4
         Marsupials       1.00      0.50      0.67         4
           Primates       0.58      1.00      0.73        15
Rodents and Rabbits       0.65      0.79      0.71        14
        Xenarthrans       0.00      0.00      0.00         3

           accuracy                           0.73        83
          macro avg       0.68      0.54      0.55        83
       weighted avg       0.75      0.73      0.71        83

Classification results for QuadSVM fold 5:
                     precision    recall  f1-score   support

               Bats       1.00      0.80      0.89         5
         Carnivores       0.93      1.00      0.97        14
Even-toed Ungulates       1.00      0.96      0.98        24
       Insectivores       1.00      0.50      0.67         4
         Marsupials       1.00      0.25      0.40         4
           Primates       0.70      0.93      0.80        15
Rodents and Rabbits       0.61      0.79      0.69        14
        Xenarthrans       0.00      0.00      0.00         3

           accuracy                           0.83        83
          macro avg       0.78      0.65      0.67        83
       weighted avg       0.83      0.83      0.81        83

Classification results for QuadSVM fold 6:
                     precision    recall  f1-score   support

               Bats       1.00      0.20      0.33         5
         Carnivores       1.00      0.57      0.73        14
Even-toed Ungulates       0.96      1.00      0.98        24
       Insectivores       1.00      0.75      0.86         4
         Marsupials       0.00      0.00      0.00         4
           Primates       0.78      1.00      0.88        14
Rodents and Rabbits       0.50      0.93      0.65        15
        Xenarthrans       0.00      0.00      0.00         3

           accuracy                           0.77        83
          macro avg       0.65      0.56      0.55        83
       weighted avg       0.78      0.77      0.73        83

Classification results for QuadSVM fold 7:
                     precision    recall  f1-score   support

               Bats       0.50      0.33      0.40         6
         Carnivores       0.86      0.43      0.57        14
Even-toed Ungulates       0.96      0.96      0.96        24
       Insectivores       0.67      0.50      0.57         4
         Marsupials       0.00      0.00      0.00         3
           Primates       0.59      0.93      0.72        14
Rodents and Rabbits       0.52      0.80      0.63        15
        Xenarthrans       0.00      0.00      0.00         3

           accuracy                           0.70        83
          macro avg       0.51      0.49      0.48        83
       weighted avg       0.68      0.70      0.67        83

Classification results for QuadSVM fold 8:
                     precision    recall  f1-score   support

               Bats       1.00      0.50      0.67         6
         Carnivores       0.91      0.77      0.83        13
Even-toed Ungulates       0.95      0.83      0.89        24
       Insectivores       1.00      0.75      0.86         4
         Marsupials       0.00      0.00      0.00         3
           Primates       0.56      0.93      0.70        15
Rodents and Rabbits       0.70      0.93      0.80        15
        Xenarthrans       0.00      0.00      0.00         3

           accuracy                           0.77        83
          macro avg       0.64      0.59      0.59        83
       weighted avg       0.77      0.77      0.75        83

Classification results for QuadSVM fold 9:
                     precision    recall  f1-score   support

               Bats       1.00      0.50      0.67         6
         Carnivores       0.91      0.77      0.83        13
Even-toed Ungulates       0.92      0.92      0.92        24
       Insectivores       0.67      0.50      0.57         4
         Marsupials       0.00      0.00      0.00         3
           Primates       0.61      0.93      0.74        15
Rodents and Rabbits       0.68      0.87      0.76        15
        Xenarthrans       0.00      0.00      0.00         3

           accuracy                           0.77        83
          macro avg       0.60      0.56      0.56        83
       weighted avg       0.75      0.77      0.74        83

Classification results for QuadSVM fold 10:
                     precision    recall  f1-score   support

               Bats       1.00      0.50      0.67         6
         Carnivores       0.86      0.46      0.60        13
Even-toed Ungulates       0.92      0.96      0.94        24
       Insectivores       1.00      0.50      0.67         4
         Marsupials       0.00      0.00      0.00         3
           Primates       0.52      0.93      0.67        15
Rodents and Rabbits       0.74      0.93      0.82        15
        Xenarthrans       0.00      0.00      0.00         3

           accuracy                           0.75        83
          macro avg       0.63      0.54      0.55        83
       weighted avg       0.75      0.75      0.72        83

Classification results for KNN fold 1:
                     precision    recall  f1-score   support

               Bats       0.75      0.60      0.67         5
         Carnivores       0.72      1.00      0.84        13
Even-toed Ungulates       1.00      0.92      0.96        25
       Insectivores       1.00      0.50      0.67         4
         Marsupials       0.50      0.33      0.40         3
           Primates       1.00      0.80      0.89        15
Rodents and Rabbits       0.87      0.87      0.87        15
        Xenarthrans       0.43      1.00      0.60         3

           accuracy                           0.84        83
          macro avg       0.78      0.75      0.74        83
       weighted avg       0.88      0.84      0.85        83

Classification results for KNN fold 2:
                     precision    recall  f1-score   support

               Bats       0.80      0.80      0.80         5
         Carnivores       0.92      0.85      0.88        13
Even-toed Ungulates       0.96      1.00      0.98        25
       Insectivores       0.80      1.00      0.89         4
         Marsupials       1.00      0.67      0.80         3
           Primates       1.00      1.00      1.00        15
Rodents and Rabbits       0.93      0.93      0.93        15
        Xenarthrans       1.00      1.00      1.00         3

           accuracy                           0.94        83
          macro avg       0.93      0.91      0.91        83
       weighted avg       0.94      0.94      0.94        83

Classification results for KNN fold 3:
                     precision    recall  f1-score   support

               Bats       0.75      0.60      0.67         5
         Carnivores       0.81      0.93      0.87        14
Even-toed Ungulates       1.00      0.96      0.98        24
       Insectivores       0.80      1.00      0.89         4
         Marsupials       0.60      0.75      0.67         4
           Primates       0.88      0.93      0.90        15
Rodents and Rabbits       0.82      0.64      0.72        14
        Xenarthrans       1.00      1.00      1.00         3

           accuracy                           0.87        83
          macro avg       0.83      0.85      0.84        83
       weighted avg       0.87      0.87      0.87        83

Classification results for KNN fold 4:
                     precision    recall  f1-score   support

               Bats       0.50      0.40      0.44         5
         Carnivores       0.80      0.86      0.83        14
Even-toed Ungulates       0.92      0.96      0.94        24
       Insectivores       0.38      0.75      0.50         4
         Marsupials       1.00      0.50      0.67         4
           Primates       0.88      0.93      0.90        15
Rodents and Rabbits       0.92      0.79      0.85        14
        Xenarthrans       1.00      0.33      0.50         3

           accuracy                           0.82        83
          macro avg       0.80      0.69      0.70        83
       weighted avg       0.85      0.82      0.82        83

Classification results for KNN fold 5:
                     precision    recall  f1-score   support

               Bats       0.83      1.00      0.91         5
         Carnivores       0.93      0.93      0.93        14
Even-toed Ungulates       1.00      1.00      1.00        24
       Insectivores       1.00      0.50      0.67         4
         Marsupials       1.00      0.75      0.86         4
           Primates       1.00      0.87      0.93        15
Rodents and Rabbits       0.81      0.93      0.87        14
        Xenarthrans       0.60      1.00      0.75         3

           accuracy                           0.92        83
          macro avg       0.90      0.87      0.86        83
       weighted avg       0.93      0.92      0.92        83

Classification results for KNN fold 6:
                     precision    recall  f1-score   support

               Bats       0.50      0.40      0.44         5
         Carnivores       0.92      0.86      0.89        14
Even-toed Ungulates       0.89      1.00      0.94        24
       Insectivores       1.00      1.00      1.00         4
         Marsupials       1.00      0.75      0.86         4
           Primates       1.00      0.93      0.96        14
Rodents and Rabbits       1.00      1.00      1.00        15
        Xenarthrans       0.75      1.00      0.86         3

           accuracy                           0.92        83
          macro avg       0.88      0.87      0.87        83
       weighted avg       0.92      0.92      0.91        83

Classification results for KNN fold 7:
                     precision    recall  f1-score   support

               Bats       0.56      0.83      0.67         6
         Carnivores       1.00      0.79      0.88        14
Even-toed Ungulates       1.00      1.00      1.00        24
       Insectivores       0.75      0.75      0.75         4
         Marsupials       0.43      1.00      0.60         3
           Primates       0.92      0.79      0.85        14
Rodents and Rabbits       0.92      0.80      0.86        15
        Xenarthrans       1.00      1.00      1.00         3

           accuracy                           0.87        83
          macro avg       0.82      0.87      0.82        83
       weighted avg       0.91      0.87      0.88        83

Classification results for KNN fold 8:
                     precision    recall  f1-score   support

               Bats       0.57      0.67      0.62         6
         Carnivores       0.92      0.92      0.92        13
Even-toed Ungulates       0.96      1.00      0.98        24
       Insectivores       0.67      0.50      0.57         4
         Marsupials       1.00      0.67      0.80         3
           Primates       1.00      1.00      1.00        15
Rodents and Rabbits       0.93      0.93      0.93        15
        Xenarthrans       0.67      0.67      0.67         3

           accuracy                           0.90        83
          macro avg       0.84      0.79      0.81        83
       weighted avg       0.91      0.90      0.90        83

Classification results for KNN fold 9:
                     precision    recall  f1-score   support

               Bats       1.00      0.83      0.91         6
         Carnivores       0.93      1.00      0.96        13
Even-toed Ungulates       0.96      1.00      0.98        24
       Insectivores       1.00      0.75      0.86         4
         Marsupials       0.50      0.33      0.40         3
           Primates       0.92      0.80      0.86        15
Rodents and Rabbits       0.82      0.93      0.87        15
        Xenarthrans       0.75      1.00      0.86         3

           accuracy                           0.90        83
          macro avg       0.86      0.83      0.84        83
       weighted avg       0.90      0.90      0.90        83

Classification results for KNN fold 10:
                     precision    recall  f1-score   support

               Bats       0.62      0.83      0.71         6
         Carnivores       1.00      0.62      0.76        13
Even-toed Ungulates       1.00      1.00      1.00        24
       Insectivores       0.60      0.75      0.67         4
         Marsupials       0.67      0.67      0.67         3
           Primates       0.81      0.87      0.84        15
Rodents and Rabbits       0.81      0.87      0.84        15
        Xenarthrans       0.67      0.67      0.67         3

           accuracy                           0.84        83
          macro avg       0.77      0.78      0.77        83
       weighted avg       0.86      0.84      0.84        83

CGR Insectivores: cgr_k=7_NC_023950.1.npy
CGR Marsupials: cgr_k=7_NC_006522.1.npy
CGR Xenarthrans: cgr_k=7_NC_004032.1.npy
CGR Even-toed Ungulates: cgr_k=7_NC_024812.1.npy
CGR Bats: cgr_k=7_NC_027977.1.npy
CGR Primates: cgr_k=7_NC_023963.1.npy
CGR Carnivores: cgr_k=7_NC_008424.1.npy
CGR Rodents and Rabbits: cgr_k=7_NC_000884.1.npy

10X cross validation classifier accuracies:
	LinearDiscriminant: 0.4172044413919414
	LinearSVM: 0.9685119047619049
	QuadSVM: 0.5562360347985349
	KNN: 0.821664835164835