Run_name: Nextstrain_gisaid_2
Method: Chaos Game Representation (CGR)
kmer: 7
Median seq length: 29782.0 Shortest sequence: 28627 Longest sequence: 31290
Dataset size: 3178
Class sizes:
GK:1925, GR:375, GH:248, GRY:78, G:224, S:39, O:69, GRA:220, 
Classification results for LinearDiscriminant fold 1:
Area Under the Receiver Operating Characteristic Curve: 0.9742326897038686
              precision    recall  f1-score   support

           G       0.88      0.95      0.91        22
          GH       1.00      1.00      1.00        25
          GK       0.99      0.99      0.99       193
          GR       0.97      0.92      0.94        37
         GRA       1.00      1.00      1.00        22
         GRY       0.70      0.88      0.78         8
           O       0.75      0.43      0.55         7
           S       1.00      1.00      1.00         4

    accuracy                           0.97       318
   macro avg       0.91      0.90      0.90       318
weighted avg       0.97      0.97      0.97       318

Classification results for LinearDiscriminant fold 2:
Area Under the Receiver Operating Characteristic Curve: 0.983950380670403
              precision    recall  f1-score   support

           G       1.00      1.00      1.00        22
          GH       1.00      1.00      1.00        25
          GK       0.99      1.00      0.99       193
          GR       1.00      0.89      0.94        37
         GRA       1.00      1.00      1.00        22
         GRY       0.67      1.00      0.80         8
           O       1.00      0.71      0.83         7
           S       1.00      1.00      1.00         4

    accuracy                           0.98       318
   macro avg       0.96      0.95      0.95       318
weighted avg       0.99      0.98      0.98       318

Classification results for LinearDiscriminant fold 3:
Area Under the Receiver Operating Characteristic Curve: 0.9774956992064691
              precision    recall  f1-score   support

           G       0.95      0.91      0.93        22
          GH       1.00      1.00      1.00        25
          GK       0.97      0.99      0.98       193
          GR       0.97      0.95      0.96        37
         GRA       1.00      1.00      1.00        22
         GRY       0.80      1.00      0.89         8
           O       0.75      0.43      0.55         7
           S       1.00      1.00      1.00         4

    accuracy                           0.97       318
   macro avg       0.93      0.91      0.91       318
weighted avg       0.97      0.97      0.97       318

Classification results for LinearDiscriminant fold 4:
Area Under the Receiver Operating Characteristic Curve: 0.9770631844799128
              precision    recall  f1-score   support

           G       0.91      0.95      0.93        22
          GH       1.00      0.96      0.98        25
          GK       0.98      0.99      0.99       193
          GR       0.94      0.92      0.93        37
         GRA       1.00      1.00      1.00        22
         GRY       0.67      0.75      0.71         8
           O       1.00      0.57      0.73         7
           S       1.00      1.00      1.00         4

    accuracy                           0.97       318
   macro avg       0.94      0.89      0.91       318
weighted avg       0.97      0.97      0.96       318

Classification results for LinearDiscriminant fold 5:
Area Under the Receiver Operating Characteristic Curve: 0.974909314489949
              precision    recall  f1-score   support

           G       0.95      0.95      0.95        22
          GH       1.00      1.00      1.00        25
          GK       0.99      0.99      0.99       193
          GR       0.97      0.89      0.93        37
         GRA       1.00      1.00      1.00        22
         GRY       0.67      1.00      0.80         8
           O       0.80      0.57      0.67         7
           S       1.00      1.00      1.00         4

    accuracy                           0.97       318
   macro avg       0.92      0.93      0.92       318
weighted avg       0.97      0.97      0.97       318

Classification results for LinearDiscriminant fold 6:
Area Under the Receiver Operating Characteristic Curve: 0.9815204864840673
              precision    recall  f1-score   support

           G       1.00      1.00      1.00        22
          GH       0.96      1.00      0.98        25
          GK       0.99      1.00      1.00       192
          GR       0.95      0.92      0.93        38
         GRA       1.00      1.00      1.00        22
         GRY       0.67      0.75      0.71         8
           O       1.00      0.71      0.83         7
           S       1.00      1.00      1.00         4

    accuracy                           0.98       318
   macro avg       0.95      0.92      0.93       318
weighted avg       0.98      0.98      0.98       318

Classification results for LinearDiscriminant fold 7:
Area Under the Receiver Operating Characteristic Curve: 0.9423309432110945
              precision    recall  f1-score   support

           G       1.00      0.91      0.95        23
          GH       1.00      1.00      1.00        25
          GK       0.97      1.00      0.98       192
          GR       1.00      0.89      0.94        38
         GRA       1.00      1.00      1.00        22
         GRY       0.64      1.00      0.78         7
           O       1.00      0.29      0.44         7
           S       0.80      1.00      0.89         4

    accuracy                           0.97       318
   macro avg       0.93      0.89      0.87       318
weighted avg       0.97      0.97      0.96       318

Classification results for LinearDiscriminant fold 8:
Area Under the Receiver Operating Characteristic Curve: 0.9828762481465699
              precision    recall  f1-score   support

           G       1.00      0.96      0.98        23
          GH       1.00      1.00      1.00        25
          GK       0.99      0.99      0.99       192
          GR       1.00      0.89      0.94        38
         GRA       0.96      1.00      0.98        22
         GRY       0.64      1.00      0.78         7
           O       0.86      0.86      0.86         7
           S       1.00      1.00      1.00         4

    accuracy                           0.98       318
   macro avg       0.93      0.96      0.94       318
weighted avg       0.98      0.98      0.98       318

Classification results for LinearDiscriminant fold 9:
Area Under the Receiver Operating Characteristic Curve: 0.9630788361301806
              precision    recall  f1-score   support

           G       0.95      0.91      0.93        23
          GH       1.00      0.96      0.98        24
          GK       0.99      1.00      1.00       192
          GR       0.92      0.89      0.91        38
         GRA       1.00      1.00      1.00        22
         GRY       0.58      0.88      0.70         8
           O       0.75      0.50      0.60         6
           S       1.00      1.00      1.00         4

    accuracy                           0.97       317
   macro avg       0.90      0.89      0.89       317
weighted avg       0.97      0.97      0.97       317

Classification results for LinearDiscriminant fold 10:
Area Under the Receiver Operating Characteristic Curve: 0.9700110378819718
              precision    recall  f1-score   support

           G       1.00      0.91      0.95        23
          GH       0.92      1.00      0.96        24
          GK       0.99      1.00      0.99       192
          GR       0.95      0.97      0.96        38
         GRA       1.00      1.00      1.00        22
         GRY       0.89      1.00      0.94         8
           O       1.00      0.43      0.60         7
           S       1.00      1.00      1.00         3

    accuracy                           0.98       317
   macro avg       0.97      0.91      0.93       317
weighted avg       0.98      0.98      0.98       317

Classification results for LinearSVM fold 1:
Area Under the Receiver Operating Characteristic Curve: 0.9800552182528496
              precision    recall  f1-score   support

           G       0.80      0.91      0.85        22
          GH       1.00      1.00      1.00        25
          GK       0.99      1.00      0.99       193
          GR       0.94      0.92      0.93        37
         GRA       1.00      1.00      1.00        22
         GRY       0.89      1.00      0.94         8
           O       0.67      0.29      0.40         7
           S       1.00      0.75      0.86         4

    accuracy                           0.97       318
   macro avg       0.91      0.86      0.87       318
weighted avg       0.96      0.97      0.96       318

Classification results for LinearSVM fold 2:
Area Under the Receiver Operating Characteristic Curve: 0.9871661452594559
              precision    recall  f1-score   support

           G       0.95      0.95      0.95        22
          GH       1.00      1.00      1.00        25
          GK       0.99      1.00      1.00       193
          GR       0.94      0.89      0.92        37
         GRA       1.00      1.00      1.00        22
         GRY       0.70      0.88      0.78         8
           O       1.00      0.71      0.83         7
           S       0.80      1.00      0.89         4

    accuracy                           0.97       318
   macro avg       0.92      0.93      0.92       318
weighted avg       0.98      0.97      0.97       318

Classification results for LinearSVM fold 3:
Area Under the Receiver Operating Characteristic Curve: 0.9668455529547482
              precision    recall  f1-score   support

           G       0.90      0.82      0.86        22
          GH       0.96      0.96      0.96        25
          GK       0.98      0.99      0.99       193
          GR       0.90      0.95      0.92        37
         GRA       1.00      1.00      1.00        22
         GRY       0.75      0.75      0.75         8
           O       0.75      0.43      0.55         7
           S       1.00      1.00      1.00         4

    accuracy                           0.96       318
   macro avg       0.90      0.86      0.88       318
weighted avg       0.95      0.96      0.95       318

Classification results for LinearSVM fold 4:
Area Under the Receiver Operating Characteristic Curve: 0.9684398880397215
              precision    recall  f1-score   support

           G       0.95      0.91      0.93        22
          GH       1.00      0.96      0.98        25
          GK       0.97      0.99      0.98       193
          GR       0.90      1.00      0.95        37
         GRA       1.00      1.00      1.00        22
         GRY       1.00      0.62      0.77         8
           O       1.00      0.57      0.73         7
           S       1.00      1.00      1.00         4

    accuracy                           0.97       318
   macro avg       0.98      0.88      0.92       318
weighted avg       0.97      0.97      0.97       318

Classification results for LinearSVM fold 5:
Area Under the Receiver Operating Characteristic Curve: 0.9920803665446523
              precision    recall  f1-score   support

           G       0.95      0.95      0.95        22
          GH       1.00      1.00      1.00        25
          GK       1.00      1.00      1.00       193
          GR       0.94      0.92      0.93        37
         GRA       1.00      1.00      1.00        22
         GRY       0.73      1.00      0.84         8
           O       1.00      0.71      0.83         7
           S       1.00      1.00      1.00         4

    accuracy                           0.98       318
   macro avg       0.95      0.95      0.95       318
weighted avg       0.98      0.98      0.98       318

Classification results for LinearSVM fold 6:
Area Under the Receiver Operating Characteristic Curve: 0.9860846134207273
              precision    recall  f1-score   support

           G       0.88      1.00      0.94        22
          GH       0.96      0.92      0.94        25
          GK       0.99      0.99      0.99       192
          GR       0.97      0.97      0.97        38
         GRA       1.00      1.00      1.00        22
         GRY       0.88      0.88      0.88         8
           O       0.80      0.57      0.67         7
           S       1.00      0.75      0.86         4

    accuracy                           0.97       318
   macro avg       0.93      0.89      0.90       318
weighted avg       0.97      0.97      0.97       318

Classification results for LinearSVM fold 7:
Area Under the Receiver Operating Characteristic Curve: 0.9656333981165203
              precision    recall  f1-score   support

           G       0.91      0.91      0.91        23
          GH       1.00      1.00      1.00        25
          GK       0.97      1.00      0.98       192
          GR       0.94      0.87      0.90        38
         GRA       1.00      1.00      1.00        22
         GRY       0.56      0.71      0.63         7
           O       1.00      0.14      0.25         7
           S       0.80      1.00      0.89         4

    accuracy                           0.95       318
   macro avg       0.90      0.83      0.82       318
weighted avg       0.96      0.95      0.95       318

Classification results for LinearSVM fold 8:
Area Under the Receiver Operating Characteristic Curve: 0.9850369226085223
              precision    recall  f1-score   support

           G       0.96      0.96      0.96        23
          GH       0.96      1.00      0.98        25
          GK       0.99      0.99      0.99       192
          GR       0.92      0.95      0.94        38
         GRA       0.96      1.00      0.98        22
         GRY       0.71      0.71      0.71         7
           O       1.00      0.71      0.83         7
           S       1.00      1.00      1.00         4

    accuracy                           0.97       318
   macro avg       0.94      0.92      0.92       318
weighted avg       0.97      0.97      0.97       318

Classification results for LinearSVM fold 9:
Area Under the Receiver Operating Characteristic Curve: 0.9462597454063146
              precision    recall  f1-score   support

           G       0.92      0.96      0.94        23
          GH       1.00      0.92      0.96        24
          GK       0.99      1.00      1.00       192
          GR       0.88      0.92      0.90        38
         GRA       1.00      1.00      1.00        22
         GRY       0.67      0.75      0.71         8
           O       0.67      0.33      0.44         6
           S       0.75      0.75      0.75         4

    accuracy                           0.96       317
   macro avg       0.86      0.83      0.84       317
weighted avg       0.96      0.96      0.96       317

Classification results for LinearSVM fold 10:
Area Under the Receiver Operating Characteristic Curve: 0.9809220442638865
              precision    recall  f1-score   support

           G       0.90      0.83      0.86        23
          GH       0.92      1.00      0.96        24
          GK       0.98      0.99      0.99       192
          GR       0.90      0.97      0.94        38
         GRA       1.00      1.00      1.00        22
         GRY       0.88      0.88      0.88         8
           O       1.00      0.43      0.60         7
           S       1.00      0.67      0.80         3

    accuracy                           0.96       317
   macro avg       0.95      0.85      0.88       317
weighted avg       0.96      0.96      0.96       317

Classification results for QuadSVM fold 1:
Area Under the Receiver Operating Characteristic Curve: 0.838268712202835
              precision    recall  f1-score   support

           G       0.50      0.14      0.21        22
          GH       0.50      0.12      0.19        25
          GK       0.88      0.99      0.93       193
          GR       0.43      0.81      0.57        37
         GRA       1.00      0.86      0.93        22
         GRY       0.00      0.00      0.00         8
           O       0.00      0.00      0.00         7
           S       0.00      0.00      0.00         4

    accuracy                           0.78       318
   macro avg       0.41      0.37      0.35       318
weighted avg       0.73      0.78      0.73       318

Classification results for QuadSVM fold 2:
Area Under the Receiver Operating Characteristic Curve: 0.8170333390171703
              precision    recall  f1-score   support

           G       0.60      0.14      0.22        22
          GH       1.00      0.04      0.08        25
          GK       0.89      0.99      0.94       193
          GR       0.41      0.84      0.55        37
         GRA       1.00      1.00      1.00        22
         GRY       0.00      0.00      0.00         8
           O       0.00      0.00      0.00         7
           S       0.00      0.00      0.00         4

    accuracy                           0.78       318
   macro avg       0.49      0.38      0.35       318
weighted avg       0.78      0.78      0.72       318

Classification results for QuadSVM fold 3:
Area Under the Receiver Operating Characteristic Curve: 0.7819136558075936
              precision    recall  f1-score   support

           G       0.50      0.05      0.08        22
          GH       0.00      0.00      0.00        25
          GK       0.89      1.00      0.94       193
          GR       0.41      0.84      0.55        37
         GRA       1.00      0.95      0.98        22
         GRY       0.00      0.00      0.00         8
           O       0.00      0.00      0.00         7
           S       0.00      0.00      0.00         4

    accuracy                           0.77       318
   macro avg       0.35      0.35      0.32       318
weighted avg       0.69      0.77      0.71       318

Classification results for QuadSVM fold 4:
Area Under the Receiver Operating Characteristic Curve: 0.8262891510477789
              precision    recall  f1-score   support

           G       0.60      0.14      0.22        22
          GH       1.00      0.04      0.08        25
          GK       0.89      0.99      0.94       193
          GR       0.42      0.84      0.56        37
         GRA       1.00      1.00      1.00        22
         GRY       0.00      0.00      0.00         8
           O       0.00      0.00      0.00         7
           S       0.00      0.00      0.00         4

    accuracy                           0.78       318
   macro avg       0.49      0.38      0.35       318
weighted avg       0.78      0.78      0.73       318

Classification results for QuadSVM fold 5:
Area Under the Receiver Operating Characteristic Curve: 0.8020946901551547
              precision    recall  f1-score   support

           G       1.00      0.14      0.24        22
          GH       0.40      0.08      0.13        25
          GK       0.90      1.00      0.95       193
          GR       0.39      0.78      0.52        37
         GRA       1.00      1.00      1.00        22
         GRY       0.00      0.00      0.00         8
           O       0.00      0.00      0.00         7
           S       0.00      0.00      0.00         4

    accuracy                           0.78       318
   macro avg       0.46      0.38      0.36       318
weighted avg       0.76      0.78      0.73       318

Classification results for QuadSVM fold 6:
Area Under the Receiver Operating Characteristic Curve: 0.8291969663912215
              precision    recall  f1-score   support

           G       1.00      0.23      0.37        22
          GH       0.50      0.04      0.07        25
          GK       0.91      1.00      0.95       192
          GR       0.36      0.74      0.48        38
         GRA       1.00      1.00      1.00        22
         GRY       0.00      0.00      0.00         8
           O       0.00      0.00      0.00         7
           S       0.00      0.00      0.00         4

    accuracy                           0.78       318
   macro avg       0.47      0.38      0.36       318
weighted avg       0.77      0.78      0.73       318

Classification results for QuadSVM fold 7:
Area Under the Receiver Operating Characteristic Curve: 0.8045202897154509
              precision    recall  f1-score   support

           G       1.00      0.04      0.08        23
          GH       0.00      0.00      0.00        25
          GK       0.87      1.00      0.93       192
          GR       0.45      0.87      0.59        38
         GRA       1.00      1.00      1.00        22
         GRY       0.00      0.00      0.00         7
           O       0.00      0.00      0.00         7
           S       0.00      0.00      0.00         4

    accuracy                           0.78       318
   macro avg       0.42      0.36      0.33       318
weighted avg       0.72      0.78      0.71       318

Classification results for QuadSVM fold 8:
Area Under the Receiver Operating Characteristic Curve: 0.8265162144956015
              precision    recall  f1-score   support

           G       0.67      0.09      0.15        23
          GH       0.00      0.00      0.00        25
          GK       0.89      1.00      0.94       192
          GR       0.40      0.82      0.54        38
         GRA       1.00      0.95      0.98        22
         GRY       0.00      0.00      0.00         7
           O       0.00      0.00      0.00         7
           S       0.00      0.00      0.00         4

    accuracy                           0.77       318
   macro avg       0.37      0.36      0.33       318
weighted avg       0.70      0.77      0.71       318

Classification results for QuadSVM fold 9:
Area Under the Receiver Operating Characteristic Curve: 0.8147643887579931
              precision    recall  f1-score   support

           G       0.80      0.17      0.29        23
          GH       0.00      0.00      0.00        24
          GK       0.91      0.99      0.95       192
          GR       0.38      0.79      0.51        38
         GRA       1.00      1.00      1.00        22
         GRY       0.00      0.00      0.00         8
           O       0.00      0.00      0.00         6
           S       0.00      0.00      0.00         4

    accuracy                           0.78       317
   macro avg       0.39      0.37      0.34       317
weighted avg       0.73      0.78      0.73       317

Classification results for QuadSVM fold 10:
Area Under the Receiver Operating Characteristic Curve: 0.8307453144355393
              precision    recall  f1-score   support

           G       1.00      0.26      0.41        23
          GH       1.00      0.04      0.08        24
          GK       0.86      1.00      0.92       192
          GR       0.42      0.74      0.54        38
         GRA       1.00      0.91      0.95        22
         GRY       0.00      0.00      0.00         8
           O       0.00      0.00      0.00         7
           S       0.00      0.00      0.00         3

    accuracy                           0.78       317
   macro avg       0.54      0.37      0.36       317
weighted avg       0.79      0.78      0.73       317

Classification results for KNN fold 1:
Area Under the Receiver Operating Characteristic Curve: 0.8141208285582824
              precision    recall  f1-score   support

           G       0.48      0.50      0.49        22
          GH       0.71      0.68      0.69        25
          GK       0.97      0.98      0.98       193
          GR       0.70      0.70      0.70        37
         GRA       1.00      1.00      1.00        22
         GRY       0.86      0.75      0.80         8
           O       0.29      0.29      0.29         7
           S       0.50      0.50      0.50         4

    accuracy                           0.86       318
   macro avg       0.69      0.67      0.68       318
weighted avg       0.87      0.86      0.86       318

Classification results for KNN fold 2:
Area Under the Receiver Operating Characteristic Curve: 0.8341669178142163
              precision    recall  f1-score   support

           G       0.54      0.64      0.58        22
          GH       0.68      0.52      0.59        25
          GK       0.98      0.99      0.99       193
          GR       0.74      0.62      0.68        37
         GRA       1.00      1.00      1.00        22
         GRY       0.50      0.88      0.64         8
           O       0.29      0.29      0.29         7
           S       0.60      0.75      0.67         4

    accuracy                           0.86       318
   macro avg       0.67      0.71      0.68       318
weighted avg       0.87      0.86      0.86       318

Classification results for KNN fold 3:
Area Under the Receiver Operating Characteristic Curve: 0.7732895429435028
              precision    recall  f1-score   support

           G       0.48      0.55      0.51        22
          GH       0.52      0.64      0.57        25
          GK       0.97      0.97      0.97       193
          GR       0.65      0.65      0.65        37
         GRA       1.00      1.00      1.00        22
         GRY       1.00      0.38      0.55         8
           O       0.33      0.14      0.20         7
           S       0.67      0.50      0.57         4

    accuracy                           0.84       318
   macro avg       0.70      0.60      0.63       318
weighted avg       0.85      0.84      0.84       318

Classification results for KNN fold 4:
Area Under the Receiver Operating Characteristic Curve: 0.8455951969590014
              precision    recall  f1-score   support

           G       0.50      0.41      0.45        22
          GH       0.63      0.68      0.65        25
          GK       0.96      0.98      0.97       193
          GR       0.82      0.84      0.83        37
         GRA       1.00      0.91      0.95        22
         GRY       0.88      0.88      0.88         8
           O       0.25      0.14      0.18         7
           S       0.80      1.00      0.89         4

    accuracy                           0.88       318
   macro avg       0.73      0.73      0.73       318
weighted avg       0.87      0.88      0.87       318

Classification results for KNN fold 5:
Area Under the Receiver Operating Characteristic Curve: 0.8148803688959128
              precision    recall  f1-score   support

           G       0.44      0.50      0.47        22
          GH       0.58      0.60      0.59        25
          GK       0.98      0.96      0.97       193
          GR       0.67      0.59      0.63        37
         GRA       1.00      1.00      1.00        22
         GRY       0.62      1.00      0.76         8
           O       0.00      0.00      0.00         7
           S       0.50      0.75      0.60         4

    accuracy                           0.84       318
   macro avg       0.60      0.68      0.63       318
weighted avg       0.84      0.84      0.84       318

Classification results for KNN fold 6:
Area Under the Receiver Operating Characteristic Curve: 0.8058673876249064
              precision    recall  f1-score   support

           G       0.65      0.59      0.62        22
          GH       0.59      0.76      0.67        25
          GK       0.98      0.98      0.98       192
          GR       0.76      0.68      0.72        38
         GRA       1.00      1.00      1.00        22
         GRY       0.62      0.62      0.62         8
           O       0.17      0.14      0.15         7
           S       0.50      0.50      0.50         4

    accuracy                           0.87       318
   macro avg       0.66      0.66      0.66       318
weighted avg       0.87      0.87      0.87       318

Classification results for KNN fold 7:
Area Under the Receiver Operating Characteristic Curve: 0.7511521233207242
              precision    recall  f1-score   support

           G       0.40      0.43      0.42        23
          GH       0.48      0.48      0.48        25
          GK       0.95      0.98      0.96       192
          GR       0.81      0.66      0.72        38
         GRA       0.92      1.00      0.96        22
         GRY       0.67      0.57      0.62         7
           O       0.17      0.14      0.15         7
           S       0.33      0.25      0.29         4

    accuracy                           0.83       318
   macro avg       0.59      0.56      0.57       318
weighted avg       0.82      0.83      0.82       318

Classification results for KNN fold 8:
Area Under the Receiver Operating Characteristic Curve: 0.8033794015317798
              precision    recall  f1-score   support

           G       0.55      0.48      0.51        23
          GH       0.63      0.68      0.65        25
          GK       0.97      0.97      0.97       192
          GR       0.71      0.76      0.73        38
         GRA       1.00      1.00      1.00        22
         GRY       0.50      0.43      0.46         7
           O       0.43      0.43      0.43         7
           S       0.50      0.50      0.50         4

    accuracy                           0.86       318
   macro avg       0.66      0.66      0.66       318
weighted avg       0.86      0.86      0.86       318

Classification results for KNN fold 9:
Area Under the Receiver Operating Characteristic Curve: 0.7946411545167266
              precision    recall  f1-score   support

           G       0.65      0.57      0.60        23
          GH       0.43      0.50      0.46        24
          GK       0.98      0.99      0.99       192
          GR       0.74      0.74      0.74        38
         GRA       1.00      1.00      1.00        22
         GRY       0.86      0.75      0.80         8
           O       0.29      0.33      0.31         6
           S       0.50      0.25      0.33         4

    accuracy                           0.86       317
   macro avg       0.68      0.64      0.65       317
weighted avg       0.87      0.86      0.86       317

Classification results for KNN fold 10:
Area Under the Receiver Operating Characteristic Curve: 0.8030185615436106
              precision    recall  f1-score   support

           G       0.41      0.39      0.40        23
          GH       0.73      0.67      0.70        24
          GK       0.96      0.97      0.96       192
          GR       0.69      0.76      0.72        38
         GRA       1.00      1.00      1.00        22
         GRY       0.67      0.50      0.57         8
           O       0.29      0.29      0.29         7
           S       1.00      0.67      0.80         3

    accuracy                           0.85       317
   macro avg       0.72      0.66      0.68       317
weighted avg       0.85      0.85      0.85       317

CGR GK: cgr_k=7_hCoV-19_Poland_1132WSN2021_wsseol_2021.npy
CGR GR: cgr_k=7_hCoV-19_Japan_PG-17452_2020.npy
CGR O: cgr_k=7_hCoV-19_HongKong_HKPU76-0802_2020.npy
CGR GRA: cgr_k=7_hCoV-19_Ghana_TRA-2299_2021.npy
CGR GH: cgr_k=7_hCoV-19_HongKong_HKPU-05541_2020.npy
CGR GRY: cgr_k=7_hCoV-19_Kuwait_KU-12024_2021.npy
CGR G: cgr_k=7_hCoV-19_Oman_rega-OM-164_2021.npy
CGR S: cgr_k=7_hCoV-19_Thailand_SI202620-NT_2020.npy

10X cross validation classifier balanced accuracies:
	LinearDiscriminant: 0.9156514080859706
	LinearSVM: 0.8785373162440286
	QuadSVM: 0.36820533581496734
	KNN: 0.657019509649016