Run_name: Ontario_epochs_unduplicated
Method: Chaos Game Representation (CGR)
kmer: 7
Median seq length: 29769.0 Shortest sequence: 29464 Longest sequence: 29903
Dataset size: 24249
Class sizes:
0:584, 1:2256, 2:4443, 3:12864, 4:4102, 
Classification results for LinearDiscriminant fold 1:
Area Under the Receiver Operating Characteristic Curve: 0.9875120298949149
              precision    recall  f1-score   support

           0       0.73      0.80      0.76        59
           1       0.92      0.92      0.92       225
           2       0.93      0.93      0.93       445
           3       0.95      0.96      0.95      1286
           4       0.93      0.89      0.91       410

    accuracy                           0.93      2425
   macro avg       0.89      0.90      0.90      2425
weighted avg       0.93      0.93      0.93      2425

Classification results for LinearDiscriminant fold 2:
Area Under the Receiver Operating Characteristic Curve: 0.9891603360977376
              precision    recall  f1-score   support

           0       0.72      0.69      0.71        59
           1       0.90      0.91      0.91       225
           2       0.93      0.95      0.94       445
           3       0.96      0.96      0.96      1286
           4       0.94      0.92      0.93       410

    accuracy                           0.94      2425
   macro avg       0.89      0.89      0.89      2425
weighted avg       0.94      0.94      0.94      2425

Classification results for LinearDiscriminant fold 3:
Area Under the Receiver Operating Characteristic Curve: 0.9888226780546777
              precision    recall  f1-score   support

           0       0.76      0.86      0.81        59
           1       0.95      0.92      0.93       225
           2       0.92      0.96      0.94       445
           3       0.95      0.95      0.95      1286
           4       0.92      0.87      0.89       410

    accuracy                           0.94      2425
   macro avg       0.90      0.91      0.91      2425
weighted avg       0.94      0.94      0.94      2425

Classification results for LinearDiscriminant fold 4:
Area Under the Receiver Operating Characteristic Curve: 0.9839674559674216
              precision    recall  f1-score   support

           0       0.58      0.76      0.66        59
           1       0.91      0.85      0.88       225
           2       0.93      0.96      0.94       444
           3       0.96      0.95      0.96      1287
           4       0.92      0.90      0.91       410

    accuracy                           0.93      2425
   macro avg       0.86      0.89      0.87      2425
weighted avg       0.93      0.93      0.93      2425

Classification results for LinearDiscriminant fold 5:
Area Under the Receiver Operating Characteristic Curve: 0.9879775657699353
              precision    recall  f1-score   support

           0       0.70      0.84      0.77        58
           1       0.94      0.91      0.92       226
           2       0.92      0.96      0.94       444
           3       0.96      0.95      0.95      1287
           4       0.93      0.90      0.91       410

    accuracy                           0.94      2425
   macro avg       0.89      0.91      0.90      2425
weighted avg       0.94      0.94      0.94      2425

Classification results for LinearDiscriminant fold 6:
Area Under the Receiver Operating Characteristic Curve: 0.9843020594055059
              precision    recall  f1-score   support

           0       0.58      0.72      0.64        58
           1       0.90      0.84      0.87       226
           2       0.94      0.95      0.95       444
           3       0.97      0.97      0.97      1287
           4       0.94      0.92      0.93       410

    accuracy                           0.94      2425
   macro avg       0.86      0.88      0.87      2425
weighted avg       0.94      0.94      0.94      2425

Classification results for LinearDiscriminant fold 7:
Area Under the Receiver Operating Characteristic Curve: 0.9836594041286391
              precision    recall  f1-score   support

           0       0.67      0.72      0.69        58
           1       0.90      0.88      0.89       226
           2       0.93      0.93      0.93       444
           3       0.94      0.97      0.95      1287
           4       0.95      0.88      0.91       410

    accuracy                           0.93      2425
   macro avg       0.88      0.88      0.88      2425
weighted avg       0.93      0.93      0.93      2425

Classification results for LinearDiscriminant fold 8:
Area Under the Receiver Operating Characteristic Curve: 0.9854030850830153
              precision    recall  f1-score   support

           0       0.63      0.76      0.69        58
           1       0.91      0.88      0.89       226
           2       0.93      0.94      0.94       444
           3       0.95      0.96      0.95      1286
           4       0.93      0.89      0.91       411

    accuracy                           0.93      2425
   macro avg       0.87      0.89      0.88      2425
weighted avg       0.93      0.93      0.93      2425

Classification results for LinearDiscriminant fold 9:
Area Under the Receiver Operating Characteristic Curve: 0.9843230683042311
              precision    recall  f1-score   support

           0       0.70      0.76      0.73        58
           1       0.92      0.90      0.91       226
           2       0.92      0.95      0.94       444
           3       0.95      0.96      0.95      1286
           4       0.93      0.89      0.91       411

    accuracy                           0.93      2425
   macro avg       0.89      0.89      0.89      2425
weighted avg       0.93      0.93      0.93      2425

Classification results for LinearDiscriminant fold 10:
Area Under the Receiver Operating Characteristic Curve: 0.9886925459446918
              precision    recall  f1-score   support

           0       0.78      0.72      0.75        58
           1       0.91      0.94      0.92       226
           2       0.94      0.95      0.94       444
           3       0.96      0.96      0.96      1286
           4       0.95      0.91      0.93       410

    accuracy                           0.94      2424
   macro avg       0.91      0.90      0.90      2424
weighted avg       0.94      0.94      0.94      2424

Classification results for LinearSVM fold 1:
Area Under the Receiver Operating Characteristic Curve: 0.9872198693196281
              precision    recall  f1-score   support

           0       0.70      0.71      0.71        59
           1       0.89      0.90      0.89       225
           2       0.94      0.92      0.93       445
           3       0.95      0.96      0.96      1286
           4       0.94      0.91      0.93       410

    accuracy                           0.94      2425
   macro avg       0.88      0.88      0.88      2425
weighted avg       0.94      0.94      0.94      2425

Classification results for LinearSVM fold 2:
Area Under the Receiver Operating Characteristic Curve: 0.9864781923295501
              precision    recall  f1-score   support

           0       0.77      0.56      0.65        59
           1       0.87      0.93      0.90       225
           2       0.93      0.94      0.93       445
           3       0.95      0.96      0.96      1286
           4       0.93      0.90      0.92       410

    accuracy                           0.93      2425
   macro avg       0.89      0.86      0.87      2425
weighted avg       0.93      0.93      0.93      2425

Classification results for LinearSVM fold 3:
Area Under the Receiver Operating Characteristic Curve: 0.9854400314227186
              precision    recall  f1-score   support

           0       0.82      0.78      0.80        59
           1       0.93      0.93      0.93       225
           2       0.93      0.94      0.93       445
           3       0.95      0.96      0.95      1286
           4       0.93      0.89      0.91       410

    accuracy                           0.94      2425
   macro avg       0.91      0.90      0.91      2425
weighted avg       0.94      0.94      0.94      2425

Classification results for LinearSVM fold 4:
Area Under the Receiver Operating Characteristic Curve: 0.986097393870482
              precision    recall  f1-score   support

           0       0.62      0.64      0.63        59
           1       0.88      0.87      0.87       225
           2       0.94      0.95      0.94       444
           3       0.96      0.96      0.96      1287
           4       0.92      0.92      0.92       410

    accuracy                           0.93      2425
   macro avg       0.86      0.87      0.87      2425
weighted avg       0.93      0.93      0.93      2425

Classification results for LinearSVM fold 5:
Area Under the Receiver Operating Characteristic Curve: 0.9894069482131325
              precision    recall  f1-score   support

           0       0.75      0.78      0.76        58
           1       0.91      0.92      0.92       226
           2       0.94      0.94      0.94       444
           3       0.96      0.96      0.96      1287
           4       0.94      0.90      0.92       410

    accuracy                           0.94      2425
   macro avg       0.90      0.90      0.90      2425
weighted avg       0.94      0.94      0.94      2425

Classification results for LinearSVM fold 6:
Area Under the Receiver Operating Characteristic Curve: 0.9827269735569079
              precision    recall  f1-score   support

           0       0.66      0.67      0.67        58
           1       0.88      0.87      0.88       226
           2       0.94      0.94      0.94       444
           3       0.96      0.97      0.96      1287
           4       0.96      0.90      0.93       410

    accuracy                           0.94      2425
   macro avg       0.88      0.87      0.88      2425
weighted avg       0.94      0.94      0.94      2425

Classification results for LinearSVM fold 7:
Area Under the Receiver Operating Characteristic Curve: 0.9842668919867075
              precision    recall  f1-score   support

           0       0.75      0.71      0.73        58
           1       0.91      0.92      0.91       226
           2       0.96      0.93      0.94       444
           3       0.95      0.97      0.96      1287
           4       0.95      0.90      0.92       410

    accuracy                           0.94      2425
   macro avg       0.90      0.89      0.89      2425
weighted avg       0.94      0.94      0.94      2425

Classification results for LinearSVM fold 8:
Area Under the Receiver Operating Characteristic Curve: 0.9851527977777248
              precision    recall  f1-score   support

           0       0.79      0.71      0.75        58
           1       0.92      0.92      0.92       226
           2       0.93      0.93      0.93       444
           3       0.94      0.97      0.95      1286
           4       0.95      0.87      0.91       411

    accuracy                           0.93      2425
   macro avg       0.90      0.88      0.89      2425
weighted avg       0.93      0.93      0.93      2425

Classification results for LinearSVM fold 9:
Area Under the Receiver Operating Characteristic Curve: 0.9827993950478506
              precision    recall  f1-score   support

           0       0.73      0.62      0.67        58
           1       0.90      0.92      0.91       226
           2       0.93      0.93      0.93       444
           3       0.95      0.96      0.96      1286
           4       0.93      0.91      0.92       411

    accuracy                           0.93      2425
   macro avg       0.89      0.87      0.88      2425
weighted avg       0.93      0.93      0.93      2425

Classification results for LinearSVM fold 10:
Area Under the Receiver Operating Characteristic Curve: 0.987827741901838
              precision    recall  f1-score   support

           0       0.73      0.64      0.68        58
           1       0.90      0.93      0.92       226
           2       0.94      0.94      0.94       444
           3       0.96      0.97      0.96      1286
           4       0.96      0.92      0.94       410

    accuracy                           0.94      2424
   macro avg       0.90      0.88      0.89      2424
weighted avg       0.94      0.94      0.94      2424

Classification results for QuadSVM fold 1:
Area Under the Receiver Operating Characteristic Curve: 0.962091246287389
              precision    recall  f1-score   support

           0       0.00      0.00      0.00        59
           1       0.74      0.85      0.79       225
           2       0.78      0.89      0.83       445
           3       0.90      0.89      0.89      1286
           4       0.81      0.78      0.79       410

    accuracy                           0.84      2425
   macro avg       0.65      0.68      0.66      2425
weighted avg       0.83      0.84      0.83      2425

Classification results for QuadSVM fold 2:
Area Under the Receiver Operating Characteristic Curve: 0.9577548319858092
              precision    recall  f1-score   support

           0       0.00      0.00      0.00        59
           1       0.73      0.83      0.78       225
           2       0.77      0.90      0.83       445
           3       0.90      0.88      0.89      1286
           4       0.81      0.78      0.80       410

    accuracy                           0.84      2425
   macro avg       0.64      0.68      0.66      2425
weighted avg       0.82      0.84      0.83      2425

Classification results for QuadSVM fold 3:
Area Under the Receiver Operating Characteristic Curve: 0.9540972408240597
              precision    recall  f1-score   support

           0       0.00      0.00      0.00        59
           1       0.76      0.84      0.80       225
           2       0.74      0.85      0.79       445
           3       0.89      0.89      0.89      1286
           4       0.84      0.78      0.81       410

    accuracy                           0.84      2425
   macro avg       0.65      0.67      0.66      2425
weighted avg       0.82      0.84      0.83      2425

Classification results for QuadSVM fold 4:
Area Under the Receiver Operating Characteristic Curve: 0.9595438935971388
              precision    recall  f1-score   support

           0       0.00      0.00      0.00        59
           1       0.76      0.86      0.81       225
           2       0.78      0.91      0.84       444
           3       0.91      0.88      0.90      1287
           4       0.82      0.81      0.81       410

    accuracy                           0.85      2425
   macro avg       0.65      0.69      0.67      2425
weighted avg       0.84      0.85      0.84      2425

Classification results for QuadSVM fold 5:
Area Under the Receiver Operating Characteristic Curve: 0.96403778901787
              precision    recall  f1-score   support

           0       0.00      0.00      0.00        58
           1       0.75      0.84      0.79       226
           2       0.78      0.89      0.83       444
           3       0.90      0.89      0.90      1287
           4       0.82      0.80      0.81       410

    accuracy                           0.85      2425
   macro avg       0.65      0.68      0.67      2425
weighted avg       0.83      0.85      0.84      2425

Classification results for QuadSVM fold 6:
Area Under the Receiver Operating Characteristic Curve: 0.9536040199119533
              precision    recall  f1-score   support

           0       0.00      0.00      0.00        58
           1       0.73      0.85      0.78       226
           2       0.79      0.87      0.83       444
           3       0.89      0.89      0.89      1287
           4       0.80      0.76      0.78       410

    accuracy                           0.84      2425
   macro avg       0.64      0.67      0.66      2425
weighted avg       0.82      0.84      0.83      2425

Classification results for QuadSVM fold 7:
Area Under the Receiver Operating Characteristic Curve: 0.9570734128486051
              precision    recall  f1-score   support

           0       0.00      0.00      0.00        58
           1       0.74      0.86      0.80       226
           2       0.79      0.88      0.83       444
           3       0.89      0.89      0.89      1287
           4       0.81      0.76      0.78       410

    accuracy                           0.84      2425
   macro avg       0.65      0.68      0.66      2425
weighted avg       0.82      0.84      0.83      2425

Classification results for QuadSVM fold 8:
Area Under the Receiver Operating Characteristic Curve: 0.9542606860503279
              precision    recall  f1-score   support

           0       0.00      0.00      0.00        58
           1       0.76      0.83      0.79       226
           2       0.76      0.85      0.80       444
           3       0.89      0.89      0.89      1286
           4       0.81      0.78      0.80       411

    accuracy                           0.84      2425
   macro avg       0.64      0.67      0.66      2425
weighted avg       0.82      0.84      0.83      2425

Classification results for QuadSVM fold 9:
Area Under the Receiver Operating Characteristic Curve: 0.9502245111804342
              precision    recall  f1-score   support

           0       0.00      0.00      0.00        58
           1       0.74      0.81      0.77       226
           2       0.77      0.88      0.82       444
           3       0.89      0.89      0.89      1286
           4       0.81      0.77      0.79       411

    accuracy                           0.84      2425
   macro avg       0.64      0.67      0.66      2425
weighted avg       0.82      0.84      0.83      2425

Classification results for QuadSVM fold 10:
Area Under the Receiver Operating Characteristic Curve: 0.9552456530171296
              precision    recall  f1-score   support

           0       0.00      0.00      0.00        58
           1       0.74      0.83      0.78       226
           2       0.77      0.90      0.83       444
           3       0.91      0.88      0.90      1286
           4       0.80      0.81      0.80       410

    accuracy                           0.85      2424
   macro avg       0.65      0.68      0.66      2424
weighted avg       0.83      0.85      0.84      2424

Classification results for KNN fold 1:
Area Under the Receiver Operating Characteristic Curve: 0.8915394632678586
              precision    recall  f1-score   support

           0       0.60      0.58      0.59        59
           1       0.84      0.84      0.84       225
           2       0.87      0.89      0.88       445
           3       0.94      0.93      0.93      1286
           4       0.89      0.90      0.89       410

    accuracy                           0.90      2425
   macro avg       0.83      0.83      0.83      2425
weighted avg       0.90      0.90      0.90      2425

Classification results for KNN fold 2:
Area Under the Receiver Operating Characteristic Curve: 0.8737084861769031
              precision    recall  f1-score   support

           0       0.50      0.44      0.47        59
           1       0.81      0.80      0.80       225
           2       0.88      0.90      0.89       445
           3       0.95      0.93      0.94      1286
           4       0.88      0.92      0.90       410

    accuracy                           0.90      2425
   macro avg       0.80      0.80      0.80      2425
weighted avg       0.90      0.90      0.90      2425

Classification results for KNN fold 3:
Area Under the Receiver Operating Characteristic Curve: 0.8950892980281404
              precision    recall  f1-score   support

           0       0.67      0.61      0.64        59
           1       0.87      0.86      0.87       225
           2       0.86      0.89      0.88       445
           3       0.93      0.92      0.93      1286
           4       0.87      0.87      0.87       410

    accuracy                           0.90      2425
   macro avg       0.84      0.83      0.84      2425
weighted avg       0.90      0.90      0.90      2425

Classification results for KNN fold 4:
Area Under the Receiver Operating Characteristic Curve: 0.8823288129985112
              precision    recall  f1-score   support

           0       0.54      0.51      0.52        59
           1       0.82      0.81      0.81       225
           2       0.85      0.90      0.87       444
           3       0.95      0.92      0.93      1287
           4       0.88      0.92      0.90       410

    accuracy                           0.90      2425
   macro avg       0.81      0.81      0.81      2425
weighted avg       0.90      0.90      0.90      2425

Classification results for KNN fold 5:
Area Under the Receiver Operating Characteristic Curve: 0.8931814207866999
              precision    recall  f1-score   support

           0       0.62      0.57      0.59        58
           1       0.85      0.85      0.85       226
           2       0.88      0.91      0.89       444
           3       0.94      0.92      0.93      1287
           4       0.86      0.90      0.88       410

    accuracy                           0.90      2425
   macro avg       0.83      0.83      0.83      2425
weighted avg       0.90      0.90      0.90      2425

Classification results for KNN fold 6:
Area Under the Receiver Operating Characteristic Curve: 0.8830423818996707
              precision    recall  f1-score   support

           0       0.56      0.55      0.56        58
           1       0.81      0.82      0.82       226
           2       0.87      0.89      0.88       444
           3       0.93      0.93      0.93      1287
           4       0.89      0.88      0.88       410

    accuracy                           0.89      2425
   macro avg       0.81      0.81      0.81      2425
weighted avg       0.89      0.89      0.89      2425

Classification results for KNN fold 7:
Area Under the Receiver Operating Characteristic Curve: 0.8868189275610362
              precision    recall  f1-score   support

           0       0.58      0.52      0.55        58
           1       0.84      0.86      0.85       226
           2       0.90      0.89      0.89       444
           3       0.93      0.94      0.94      1287
           4       0.90      0.89      0.89       410

    accuracy                           0.90      2425
   macro avg       0.83      0.82      0.82      2425
weighted avg       0.90      0.90      0.90      2425

Classification results for KNN fold 8:
Area Under the Receiver Operating Characteristic Curve: 0.8865973367245225
              precision    recall  f1-score   support

           0       0.66      0.53      0.59        58
           1       0.83      0.88      0.86       226
           2       0.90      0.88      0.89       444
           3       0.93      0.94      0.93      1286
           4       0.88      0.87      0.87       411

    accuracy                           0.90      2425
   macro avg       0.84      0.82      0.83      2425
weighted avg       0.90      0.90      0.90      2425

Classification results for KNN fold 9:
Area Under the Receiver Operating Characteristic Curve: 0.8762399735381114
              precision    recall  f1-score   support

           0       0.54      0.47      0.50        58
           1       0.82      0.83      0.83       226
           2       0.87      0.89      0.88       444
           3       0.94      0.93      0.93      1286
           4       0.88      0.90      0.89       411

    accuracy                           0.90      2425
   macro avg       0.81      0.80      0.81      2425
weighted avg       0.89      0.90      0.89      2425

Classification results for KNN fold 10:
Area Under the Receiver Operating Characteristic Curve: 0.8832256256321444
              precision    recall  f1-score   support

           0       0.69      0.50      0.58        58
           1       0.82      0.87      0.85       226
           2       0.85      0.86      0.85       444
           3       0.93      0.92      0.93      1286
           4       0.88      0.91      0.90       410

    accuracy                           0.89      2424
   macro avg       0.83      0.81      0.82      2424
weighted avg       0.89      0.89      0.89      2424

CGR 0: cgr_k=7_Canada_ON-PHL-3917_2020.npy
CGR 4: cgr_k=7_Canada_ON-SHL-21-01481_2021.npy
CGR 1: cgr_k=7_Canada_ON-UHTC_0043_2020.npy
CGR 2: cgr_k=7_Canada_ON-UHTC_0335_2020.npy
CGR 3: cgr_k=7_Canada_ON-PHL-21-06822_2021.npy

10X cross validation classifier accuracies:
	LinearDiscriminant: 0.8927592018925028
	LinearSVM: 0.8796924044494178
	QuadSVM: 0.6782595899650123
	KNN: 0.8162834762581758