Run_name: Influenza
Method: Chaos Game Representation (CGR)
kmer: 7
Median seq length: 1413.0 Shortest sequence: 1350 Longest sequence: 1467
Dataset size: 38
Class sizes:
H5N1:11, H1N1:13, H2N2:3, H7N9:6, H7N3:5, 
Classification results for LinearDiscriminant fold 1:
              precision    recall  f1-score   support

        H1N1       1.00      1.00      1.00         1
        H2N2       0.00      0.00      0.00         0
        H5N1       1.00      1.00      1.00         2
        H7N3       0.00      0.00      0.00         0
        H7N9       1.00      1.00      1.00         1

   micro avg       1.00      1.00      1.00         4
   macro avg       0.60      0.60      0.60         4
weighted avg       1.00      1.00      1.00         4

Classification results for LinearDiscriminant fold 2:
              precision    recall  f1-score   support

        H1N1       1.00      1.00      1.00         2
        H2N2       0.00      0.00      0.00         0
        H5N1       1.00      1.00      1.00         1
        H7N3       0.00      0.00      0.00         0
        H7N9       1.00      1.00      1.00         1

   micro avg       1.00      1.00      1.00         4
   macro avg       0.60      0.60      0.60         4
weighted avg       1.00      1.00      1.00         4

Classification results for LinearDiscriminant fold 3:
              precision    recall  f1-score   support

        H1N1       1.00      0.50      0.67         2
        H2N2       0.00      0.00      0.00         0
        H5N1       0.50      1.00      0.67         1
        H7N3       0.00      0.00      0.00         0
        H7N9       1.00      1.00      1.00         1

   micro avg       0.75      0.75      0.75         4
   macro avg       0.50      0.50      0.47         4
weighted avg       0.88      0.75      0.75         4

Classification results for LinearDiscriminant fold 4:
              precision    recall  f1-score   support

        H1N1       1.00      1.00      1.00         2
        H2N2       0.00      0.00      0.00         0
        H5N1       1.00      1.00      1.00         1
        H7N3       1.00      1.00      1.00         1
        H7N9       0.00      0.00      0.00         0

   micro avg       1.00      1.00      1.00         4
   macro avg       0.60      0.60      0.60         4
weighted avg       1.00      1.00      1.00         4

Classification results for LinearDiscriminant fold 5:
              precision    recall  f1-score   support

        H1N1       1.00      1.00      1.00         1
        H2N2       0.00      0.00      0.00         1
        H5N1       0.00      0.00      0.00         1
        H7N3       0.50      1.00      0.67         1
        H7N9       0.00      0.00      0.00         0

    accuracy                           0.50         4
   macro avg       0.30      0.40      0.33         4
weighted avg       0.38      0.50      0.42         4

Classification results for LinearDiscriminant fold 6:
              precision    recall  f1-score   support

        H1N1       1.00      1.00      1.00         1
        H2N2       1.00      1.00      1.00         1
        H5N1       1.00      1.00      1.00         1
        H7N3       1.00      1.00      1.00         1
        H7N9       0.00      0.00      0.00         0

   micro avg       1.00      1.00      1.00         4
   macro avg       0.80      0.80      0.80         4
weighted avg       1.00      1.00      1.00         4

Classification results for LinearDiscriminant fold 7:
              precision    recall  f1-score   support

        H1N1       1.00      1.00      1.00         1
        H2N2       1.00      1.00      1.00         1
        H5N1       1.00      1.00      1.00         1
        H7N3       1.00      1.00      1.00         1
        H7N9       0.00      0.00      0.00         0

   micro avg       1.00      1.00      1.00         4
   macro avg       0.80      0.80      0.80         4
weighted avg       1.00      1.00      1.00         4

Classification results for LinearDiscriminant fold 8:
              precision    recall  f1-score   support

        H1N1       1.00      1.00      1.00         1
        H2N2       0.00      0.00      0.00         0
        H5N1       1.00      1.00      1.00         1
        H7N3       1.00      1.00      1.00         1
        H7N9       1.00      1.00      1.00         1

   micro avg       1.00      1.00      1.00         4
   macro avg       0.80      0.80      0.80         4
weighted avg       1.00      1.00      1.00         4

Classification results for LinearDiscriminant fold 9:
              precision    recall  f1-score   support

        H1N1       1.00      1.00      1.00         1
        H2N2       0.00      0.00      0.00         0
        H5N1       1.00      1.00      1.00         1
        H7N3       0.00      0.00      0.00         0
        H7N9       1.00      1.00      1.00         1

   micro avg       1.00      1.00      1.00         3
   macro avg       0.60      0.60      0.60         3
weighted avg       1.00      1.00      1.00         3

Classification results for LinearDiscriminant fold 10:
              precision    recall  f1-score   support

        H1N1       1.00      1.00      1.00         1
        H2N2       0.00      0.00      0.00         0
        H5N1       1.00      1.00      1.00         1
        H7N3       0.00      0.00      0.00         0
        H7N9       1.00      1.00      1.00         1

   micro avg       1.00      1.00      1.00         3
   macro avg       0.60      0.60      0.60         3
weighted avg       1.00      1.00      1.00         3

Classification results for LinearSVM fold 1:
              precision    recall  f1-score   support

        H1N1       1.00      1.00      1.00         1
        H2N2       0.00      0.00      0.00         0
        H5N1       1.00      1.00      1.00         2
        H7N3       0.00      0.00      0.00         0
        H7N9       1.00      1.00      1.00         1

   micro avg       1.00      1.00      1.00         4
   macro avg       0.60      0.60      0.60         4
weighted avg       1.00      1.00      1.00         4

Classification results for LinearSVM fold 2:
              precision    recall  f1-score   support

        H1N1       1.00      1.00      1.00         2
        H2N2       0.00      0.00      0.00         0
        H5N1       1.00      1.00      1.00         1
        H7N3       0.00      0.00      0.00         0
        H7N9       1.00      1.00      1.00         1

   micro avg       1.00      1.00      1.00         4
   macro avg       0.60      0.60      0.60         4
weighted avg       1.00      1.00      1.00         4

Classification results for LinearSVM fold 3:
              precision    recall  f1-score   support

        H1N1       1.00      1.00      1.00         2
        H2N2       0.00      0.00      0.00         0
        H5N1       1.00      1.00      1.00         1
        H7N3       0.00      0.00      0.00         0
        H7N9       1.00      1.00      1.00         1

   micro avg       1.00      1.00      1.00         4
   macro avg       0.60      0.60      0.60         4
weighted avg       1.00      1.00      1.00         4

Classification results for LinearSVM fold 4:
              precision    recall  f1-score   support

        H1N1       1.00      1.00      1.00         2
        H2N2       0.00      0.00      0.00         0
        H5N1       1.00      1.00      1.00         1
        H7N3       1.00      1.00      1.00         1
        H7N9       0.00      0.00      0.00         0

   micro avg       1.00      1.00      1.00         4
   macro avg       0.60      0.60      0.60         4
weighted avg       1.00      1.00      1.00         4

Classification results for LinearSVM fold 5:
              precision    recall  f1-score   support

        H1N1       1.00      1.00      1.00         1
        H2N2       1.00      1.00      1.00         1
        H5N1       1.00      1.00      1.00         1
        H7N3       1.00      1.00      1.00         1
        H7N9       0.00      0.00      0.00         0

   micro avg       1.00      1.00      1.00         4
   macro avg       0.80      0.80      0.80         4
weighted avg       1.00      1.00      1.00         4

Classification results for LinearSVM fold 6:
              precision    recall  f1-score   support

        H1N1       1.00      1.00      1.00         1
        H2N2       1.00      1.00      1.00         1
        H5N1       1.00      1.00      1.00         1
        H7N3       1.00      1.00      1.00         1
        H7N9       0.00      0.00      0.00         0

   micro avg       1.00      1.00      1.00         4
   macro avg       0.80      0.80      0.80         4
weighted avg       1.00      1.00      1.00         4

Classification results for LinearSVM fold 7:
              precision    recall  f1-score   support

        H1N1       0.50      1.00      0.67         1
        H2N2       1.00      1.00      1.00         1
        H5N1       0.00      0.00      0.00         1
        H7N3       1.00      1.00      1.00         1
        H7N9       0.00      0.00      0.00         0

   micro avg       0.75      0.75      0.75         4
   macro avg       0.50      0.60      0.53         4
weighted avg       0.62      0.75      0.67         4

Classification results for LinearSVM fold 8:
              precision    recall  f1-score   support

        H1N1       1.00      1.00      1.00         1
        H2N2       0.00      0.00      0.00         0
        H5N1       1.00      1.00      1.00         1
        H7N3       1.00      1.00      1.00         1
        H7N9       1.00      1.00      1.00         1

   micro avg       1.00      1.00      1.00         4
   macro avg       0.80      0.80      0.80         4
weighted avg       1.00      1.00      1.00         4

Classification results for LinearSVM fold 9:
              precision    recall  f1-score   support

        H1N1       1.00      1.00      1.00         1
        H2N2       0.00      0.00      0.00         0
        H5N1       1.00      1.00      1.00         1
        H7N3       0.00      0.00      0.00         0
        H7N9       1.00      1.00      1.00         1

   micro avg       1.00      1.00      1.00         3
   macro avg       0.60      0.60      0.60         3
weighted avg       1.00      1.00      1.00         3

Classification results for LinearSVM fold 10:
              precision    recall  f1-score   support

        H1N1       1.00      1.00      1.00         1
        H2N2       0.00      0.00      0.00         0
        H5N1       1.00      1.00      1.00         1
        H7N3       0.00      0.00      0.00         0
        H7N9       1.00      1.00      1.00         1

   micro avg       1.00      1.00      1.00         3
   macro avg       0.60      0.60      0.60         3
weighted avg       1.00      1.00      1.00         3

Classification results for QuadSVM fold 1:
              precision    recall  f1-score   support

        H1N1       1.00      1.00      1.00         1
        H2N2       0.00      0.00      0.00         0
        H5N1       1.00      1.00      1.00         2
        H7N3       0.00      0.00      0.00         0
        H7N9       1.00      1.00      1.00         1

   micro avg       1.00      1.00      1.00         4
   macro avg       0.60      0.60      0.60         4
weighted avg       1.00      1.00      1.00         4

Classification results for QuadSVM fold 2:
              precision    recall  f1-score   support

        H1N1       1.00      1.00      1.00         2
        H2N2       0.00      0.00      0.00         0
        H5N1       1.00      1.00      1.00         1
        H7N3       0.00      0.00      0.00         0
        H7N9       1.00      1.00      1.00         1

   micro avg       1.00      1.00      1.00         4
   macro avg       0.60      0.60      0.60         4
weighted avg       1.00      1.00      1.00         4

Classification results for QuadSVM fold 3:
              precision    recall  f1-score   support

        H1N1       1.00      1.00      1.00         2
        H2N2       0.00      0.00      0.00         0
        H5N1       1.00      1.00      1.00         1
        H7N3       0.00      0.00      0.00         0
        H7N9       1.00      1.00      1.00         1

   micro avg       1.00      1.00      1.00         4
   macro avg       0.60      0.60      0.60         4
weighted avg       1.00      1.00      1.00         4

Classification results for QuadSVM fold 4:
              precision    recall  f1-score   support

        H1N1       1.00      1.00      1.00         2
        H2N2       0.00      0.00      0.00         0
        H5N1       1.00      1.00      1.00         1
        H7N3       1.00      1.00      1.00         1
        H7N9       0.00      0.00      0.00         0

   micro avg       1.00      1.00      1.00         4
   macro avg       0.60      0.60      0.60         4
weighted avg       1.00      1.00      1.00         4

Classification results for QuadSVM fold 5:
              precision    recall  f1-score   support

        H1N1       1.00      1.00      1.00         1
        H2N2       1.00      1.00      1.00         1
        H5N1       1.00      1.00      1.00         1
        H7N3       1.00      1.00      1.00         1
        H7N9       0.00      0.00      0.00         0

   micro avg       1.00      1.00      1.00         4
   macro avg       0.80      0.80      0.80         4
weighted avg       1.00      1.00      1.00         4

Classification results for QuadSVM fold 6:
              precision    recall  f1-score   support

        H1N1       1.00      1.00      1.00         1
        H2N2       1.00      1.00      1.00         1
        H5N1       1.00      1.00      1.00         1
        H7N3       1.00      1.00      1.00         1
        H7N9       0.00      0.00      0.00         0

   micro avg       1.00      1.00      1.00         4
   macro avg       0.80      0.80      0.80         4
weighted avg       1.00      1.00      1.00         4

Classification results for QuadSVM fold 7:
              precision    recall  f1-score   support

        H1N1       0.50      1.00      0.67         1
        H2N2       1.00      1.00      1.00         1
        H5N1       0.00      0.00      0.00         1
        H7N3       1.00      1.00      1.00         1
        H7N9       0.00      0.00      0.00         0

   micro avg       0.75      0.75      0.75         4
   macro avg       0.50      0.60      0.53         4
weighted avg       0.62      0.75      0.67         4

Classification results for QuadSVM fold 8:
              precision    recall  f1-score   support

        H1N1       1.00      1.00      1.00         1
        H2N2       0.00      0.00      0.00         0
        H5N1       1.00      1.00      1.00         1
        H7N3       1.00      1.00      1.00         1
        H7N9       1.00      1.00      1.00         1

   micro avg       1.00      1.00      1.00         4
   macro avg       0.80      0.80      0.80         4
weighted avg       1.00      1.00      1.00         4

Classification results for QuadSVM fold 9:
              precision    recall  f1-score   support

        H1N1       1.00      1.00      1.00         1
        H2N2       0.00      0.00      0.00         0
        H5N1       1.00      1.00      1.00         1
        H7N3       0.00      0.00      0.00         0
        H7N9       1.00      1.00      1.00         1

   micro avg       1.00      1.00      1.00         3
   macro avg       0.60      0.60      0.60         3
weighted avg       1.00      1.00      1.00         3

Classification results for QuadSVM fold 10:
              precision    recall  f1-score   support

        H1N1       1.00      1.00      1.00         1
        H2N2       0.00      0.00      0.00         0
        H5N1       1.00      1.00      1.00         1
        H7N3       0.00      0.00      0.00         0
        H7N9       1.00      1.00      1.00         1

   micro avg       1.00      1.00      1.00         3
   macro avg       0.60      0.60      0.60         3
weighted avg       1.00      1.00      1.00         3

Classification results for KNN fold 1:
              precision    recall  f1-score   support

        H1N1       1.00      1.00      1.00         1
        H2N2       0.00      0.00      0.00         0
        H5N1       1.00      1.00      1.00         2
        H7N3       0.00      0.00      0.00         0
        H7N9       1.00      1.00      1.00         1

   micro avg       1.00      1.00      1.00         4
   macro avg       0.60      0.60      0.60         4
weighted avg       1.00      1.00      1.00         4

Classification results for KNN fold 2:
              precision    recall  f1-score   support

        H1N1       1.00      1.00      1.00         2
        H2N2       0.00      0.00      0.00         0
        H5N1       1.00      1.00      1.00         1
        H7N3       0.00      0.00      0.00         0
        H7N9       1.00      1.00      1.00         1

   micro avg       1.00      1.00      1.00         4
   macro avg       0.60      0.60      0.60         4
weighted avg       1.00      1.00      1.00         4

Classification results for KNN fold 3:
              precision    recall  f1-score   support

        H1N1       1.00      1.00      1.00         2
        H2N2       0.00      0.00      0.00         0
        H5N1       1.00      1.00      1.00         1
        H7N3       0.00      0.00      0.00         0
        H7N9       1.00      1.00      1.00         1

   micro avg       1.00      1.00      1.00         4
   macro avg       0.60      0.60      0.60         4
weighted avg       1.00      1.00      1.00         4

Classification results for KNN fold 4:
              precision    recall  f1-score   support

        H1N1       1.00      1.00      1.00         2
        H2N2       0.00      0.00      0.00         0
        H5N1       1.00      1.00      1.00         1
        H7N3       1.00      1.00      1.00         1
        H7N9       0.00      0.00      0.00         0

   micro avg       1.00      1.00      1.00         4
   macro avg       0.60      0.60      0.60         4
weighted avg       1.00      1.00      1.00         4

Classification results for KNN fold 5:
              precision    recall  f1-score   support

        H1N1       1.00      1.00      1.00         1
        H2N2       1.00      1.00      1.00         1
        H5N1       1.00      1.00      1.00         1
        H7N3       1.00      1.00      1.00         1
        H7N9       0.00      0.00      0.00         0

   micro avg       1.00      1.00      1.00         4
   macro avg       0.80      0.80      0.80         4
weighted avg       1.00      1.00      1.00         4

Classification results for KNN fold 6:
              precision    recall  f1-score   support

        H1N1       1.00      1.00      1.00         1
        H2N2       1.00      1.00      1.00         1
        H5N1       1.00      1.00      1.00         1
        H7N3       1.00      1.00      1.00         1
        H7N9       0.00      0.00      0.00         0

   micro avg       1.00      1.00      1.00         4
   macro avg       0.80      0.80      0.80         4
weighted avg       1.00      1.00      1.00         4

Classification results for KNN fold 7:
              precision    recall  f1-score   support

        H1N1       0.50      1.00      0.67         1
        H2N2       1.00      1.00      1.00         1
        H5N1       0.00      0.00      0.00         1
        H7N3       1.00      1.00      1.00         1
        H7N9       0.00      0.00      0.00         0

   micro avg       0.75      0.75      0.75         4
   macro avg       0.50      0.60      0.53         4
weighted avg       0.62      0.75      0.67         4

Classification results for KNN fold 8:
              precision    recall  f1-score   support

        H1N1       1.00      1.00      1.00         1
        H2N2       0.00      0.00      0.00         0
        H5N1       1.00      1.00      1.00         1
        H7N3       1.00      1.00      1.00         1
        H7N9       1.00      1.00      1.00         1

   micro avg       1.00      1.00      1.00         4
   macro avg       0.80      0.80      0.80         4
weighted avg       1.00      1.00      1.00         4

Classification results for KNN fold 9:
              precision    recall  f1-score   support

        H1N1       1.00      1.00      1.00         1
        H2N2       0.00      0.00      0.00         0
        H5N1       1.00      1.00      1.00         1
        H7N3       0.00      0.00      0.00         0
        H7N9       1.00      1.00      1.00         1

   micro avg       1.00      1.00      1.00         3
   macro avg       0.60      0.60      0.60         3
weighted avg       1.00      1.00      1.00         3

Classification results for KNN fold 10:
              precision    recall  f1-score   support

        H1N1       1.00      1.00      1.00         1
        H2N2       0.00      0.00      0.00         0
        H5N1       1.00      1.00      1.00         1
        H7N3       0.00      0.00      0.00         0
        H7N9       1.00      1.00      1.00         1

   micro avg       1.00      1.00      1.00         3
   macro avg       0.60      0.60      0.60         3
weighted avg       1.00      1.00      1.00         3

CGR H7N9: cgr_k=7_KF259734.1.npy
CGR H2N2: cgr_k=7_CY005540.1.npy
CGR H5N1: cgr_k=7_KF572435.1.npy
CGR H7N3: cgr_k=7_EU500854.1.npy
CGR H1N1: cgr_k=7_HQ897966.1.npy

10X cross validation classifier accuracies:
	LinearDiscriminant: 0.9333333333333333
	LinearSVM: 0.975
	QuadSVM: 0.975
	KNN: 0.975